[17:07:19] BCs were only given for V, Q, T spaces.
[17:07:19] BCs - Boundary right, space V[0] (marker 1), value 0
[17:07:19] BCs - Boundary bottom, space V[0] (marker 2), value 0
[17:07:19] BCs - Boundary bottom, space V[1] (marker 2), value 0
[17:07:19] BCs - Boundary left, space V[0] (marker 3), value 0
[17:07:19] BCs - Boundary sea_top, space V[0] (marker 6), value 0
[17:07:19] BCs - Boundary sea_top, space V[1] (marker 6), value 0
[17:07:19] BCs - Point (0, 0), space Q, value 0
[17:07:19] BCs - Boundary sea_top, space T (marker 6), value 0
[17:07:19] BCs - Boundary bottom, space T (marker 2), value 1
[17:07:19] Initialized simulation.
[17:07:19] Running parameters:
{'final_time': 1000000, 'steps_n': 350, 'simulation_precision': -5, 'degree_V': 2, 'degree_P': 1, 'degree_T': 1, 'degree_S': 1, 'convert_from_ms_to_kmh': False, 'g': 1, 'nu': [1], 'alpha': [1], 'rho_0': 1, 'beta': 2500.0, 'gamma': 0, 'T_0': 0, 'S_0': 35, 'domain': 'fjord', 'domain_size_x': 4, 'domain_size_y': 1, 'shelf_size_x': 0, 'shelf_size_y': 0, 'mesh_resolution': 10, 'mesh_resolution_x': 60, 'mesh_resolution_y': 25, 'mesh_resolution_sea_y': 1, 'very_verbose': False, 'store_solutions': True, 'label': '', 'max_iter': 0, 'non_linear_max_iter': 30, 'stabilization': False, 'delta0': 1, 'tau0': 35, 'BCs': {'V': {'right': [0, 'null'], 'bottom': [0, 0], 'left': [0, 'null'], 'sea_top': [0, 0]}, 'Q': {'(0,0)': 0}, 'T': {'sea_top': 0, 'bottom': 1}}, 'config_file': 'feffi/config/rayleigh-benard-convection-slip.yml', 'plot_path': '/home/stot2794/git/fenics-phd/plots/RBC_2500_slip'}
[17:07:19] Running full simulation; started at 2021-05-04 17:07:19.024725
[17:07:19] Timestep 0 of 350000000:
[17:07:19]   Non-linearity u-P solved in 1 steps.
[17:07:19]   ||u|| = 0.0, ||u||_8 = 0.0, ||u-u_n|| = 0.0, ||u-u_n||/||u|| = 0
[17:07:19]   ||p|| = 1.1547, ||p||_8 = 1.0, ||p-p_n|| = 1.1547, ||p-p_n||/||p|| = 1.0
[17:07:19]   ||T|| = 0.33799, ||T||_8 = 1.0, ||T-T_n|| = 0.33799, ||T-T_n||/||T|| = 1.0
[17:07:40] Timestep 10 of 350000000:
[17:07:40]   Non-linearity u-P solved in 2 steps.
[17:07:40]   ||u|| = 0.00738, ||u||_8 = 0.01743, ||u-u_n|| = 0.00065, ||u-u_n||/||u|| = 0.088
[17:07:40]   ||p|| = 271.93422, ||p||_8 = 473.96143, ||p-p_n|| = 22.03198, ||p-p_n||/||p|| = 0.08102
[17:07:40]   ||T|| = 0.67691, ||T||_8 = 1.0, ||T-T_n|| = 0.02524, ||T-T_n||/||T|| = 0.03729
[17:08:01] Timestep 20 of 350000000:
[17:08:01]   Non-linearity u-P solved in 2 steps.
[17:08:01]   ||u|| = 0.01022, ||u||_8 = 0.01829, ||u-u_n|| = 0.00031, ||u-u_n||/||u|| = 0.03076
[17:08:01]   ||p|| = 456.47232, ||p||_8 = 669.90934, ||p-p_n|| = 17.79481, ||p-p_n||/||p|| = 0.03898
[17:08:01]   ||T|| = 0.79994, ||T||_8 = 1.0, ||T-T_n|| = 0.01516, ||T-T_n||/||T|| = 0.01895
[17:08:22] Timestep 30 of 350000000:
[17:08:22]   Non-linearity u-P solved in 2 steps.
[17:08:22]   ||u|| = 0.0117, ||u||_8 = 0.01821, ||u-u_n|| = 0.00019, ||u-u_n||/||u|| = 0.0164
[17:08:22]   ||p|| = 606.79312, ||p||_8 = 811.70516, ||p-p_n|| = 14.31435, ||p-p_n||/||p|| = 0.02359
[17:08:22]   ||T|| = 0.8828, ||T||_8 = 1.0, ||T-T_n|| = 0.01088, ||T-T_n||/||T|| = 0.01232
[17:08:43] Timestep 40 of 350000000:
[17:08:43]   Non-linearity u-P solved in 2 steps.
[17:08:43]   ||u|| = 0.01287, ||u||_8 = 0.01827, ||u-u_n|| = 0.00017, ||u-u_n||/||u|| = 0.01301
[17:08:43]   ||p|| = 726.65019, ||p||_8 = 918.48904, ||p-p_n|| = 11.19005, ||p-p_n||/||p|| = 0.0154
[17:08:43]   ||T|| = 0.9452, ||T||_8 = 1.0, ||T-T_n|| = 0.00814, ||T-T_n||/||T|| = 0.00861
[17:09:04] Timestep 50 of 350000000:
[17:09:04]   Non-linearity u-P solved in 2 steps.
[17:09:04]   ||u|| = 0.01416, ||u||_8 = 0.01884, ||u-u_n|| = 0.00017, ||u-u_n||/||u|| = 0.01219
[17:09:04]   ||p|| = 820.03575, ||p||_8 = 999.30788, ||p-p_n|| = 8.60177, ||p-p_n||/||p|| = 0.01049
[17:09:04]   ||T|| = 0.99357, ||T||_8 = 1.0, ||T-T_n|| = 0.00615, ||T-T_n||/||T|| = 0.00619
[17:09:25] Timestep 60 of 350000000:
[17:09:25]   Non-linearity u-P solved in 2 steps.
[17:09:25]   ||u|| = 0.01567, ||u||_8 = 0.01988, ||u-u_n|| = 0.00019, ||u-u_n||/||u|| = 0.01202
[17:09:25]   ||p|| = 891.84023, ||p||_8 = 1060.51306, ||p-p_n|| = 6.55926, ||p-p_n||/||p|| = 0.00735
[17:09:25]   ||T|| = 1.03116, ||T||_8 = 1.0, ||T-T_n|| = 0.00465, ||T-T_n||/||T|| = 0.00451
[17:09:45] Timestep 70 of 350000000:
[17:09:45]   Non-linearity u-P solved in 2 steps.
[17:09:45]   ||u|| = 0.01745, ||u||_8 = 0.02132, ||u-u_n|| = 0.00021, ||u-u_n||/||u|| = 0.01203
[17:09:45]   ||p|| = 946.6783, ||p||_8 = 1106.87576, ||p-p_n|| = 4.98404, ||p-p_n||/||p|| = 0.00526
[17:09:45]   ||T|| = 1.06027, ||T||_8 = 1.0, ||T-T_n|| = 0.00352, ||T-T_n||/||T|| = 0.00332
[17:10:06] Timestep 80 of 350000000:
[17:10:06]   Non-linearity u-P solved in 2 steps.
[17:10:06]   ||u|| = 0.01953, ||u||_8 = 0.02314, ||u-u_n|| = 0.00024, ||u-u_n||/||u|| = 0.01208
[17:10:06]   ||p|| = 988.41954, ||p||_8 = 1142.00614, ||p-p_n|| = 3.7819, ||p-p_n||/||p|| = 0.00383
[17:10:06]   ||T|| = 1.0827, ||T||_8 = 1.0, ||T-T_n|| = 0.00266, ||T-T_n||/||T|| = 0.00246
[17:10:27] Timestep 90 of 350000000:
[17:10:27]   Non-linearity u-P solved in 2 steps.
[17:10:27]   ||u|| = 0.02192, ||u||_8 = 0.02534, ||u-u_n|| = 0.00027, ||u-u_n||/||u|| = 0.01215
[17:10:27]   ||p|| = 1020.14379, ||p||_8 = 1168.63811, ||p-p_n|| = 2.86895, ||p-p_n||/||p|| = 0.00281
[17:10:27]   ||T|| = 1.0999, ||T||_8 = 1.0, ||T-T_n|| = 0.00202, ||T-T_n||/||T|| = 0.00183
[17:10:48] Timestep 100 of 350000000:
[17:10:48]   Non-linearity u-P solved in 2 steps.
[17:10:48]   ||u|| = 0.02467, ||u||_8 = 0.02792, ||u-u_n|| = 0.0003, ||u-u_n||/||u|| = 0.01223
[17:10:48]   ||p|| = 1044.24376, ||p||_8 = 1188.84216, ||p-p_n|| = 2.17728, ||p-p_n||/||p|| = 0.00209
[17:10:48]   ||T|| = 1.11305, ||T||_8 = 1.0, ||T-T_n|| = 0.00153, ||T-T_n||/||T|| = 0.00137
[17:11:09] Timestep 110 of 350000000:
[17:11:09]   Non-linearity u-P solved in 2 steps.
[17:11:09]   ||u|| = 0.02781, ||u||_8 = 0.03092, ||u-u_n|| = 0.00034, ||u-u_n||/||u|| = 0.0123
[17:11:09]   ||p|| = 1062.55684, ||p||_8 = 1204.18641, ||p-p_n|| = 1.654, ||p-p_n||/||p|| = 0.00156
[17:11:09]   ||T|| = 1.12307, ||T||_8 = 1.0, ||T-T_n|| = 0.00116, ||T-T_n||/||T|| = 0.00103
[17:11:30] Timestep 120 of 350000000:
[17:11:30]   Non-linearity u-P solved in 2 steps.
[17:11:30]   ||u|| = 0.0314, ||u||_8 = 0.03438, ||u-u_n|| = 0.00039, ||u-u_n||/||u|| = 0.01237
[17:11:30]   ||p|| = 1076.4858, ||p||_8 = 1215.8587, ||p-p_n|| = 1.25855, ||p-p_n||/||p|| = 0.00117
[17:11:30]   ||T|| = 1.13071, ||T||_8 = 1.0, ||T-T_n|| = 0.00087, ||T-T_n||/||T|| = 0.00077
[17:11:51] Timestep 130 of 350000000:
[17:11:51]   Non-linearity u-P solved in 2 steps.
[17:11:51]   ||u|| = 0.0355, ||u||_8 = 0.03835, ||u-u_n|| = 0.00044, ||u-u_n||/||u|| = 0.01243
[17:11:51]   ||p|| = 1087.09852, ||p||_8 = 1224.75911, ||p-p_n|| = 0.96007, ||p-p_n||/||p|| = 0.00088
[17:11:51]   ||T|| = 1.13651, ||T||_8 = 1.0, ||T-T_n|| = 0.00066, ||T-T_n||/||T|| = 0.00058
[17:12:12] Timestep 140 of 350000000:
[17:12:12]   Non-linearity u-P solved in 2 steps.
[17:12:12]   ||u|| = 0.04017, ||u||_8 = 0.0429, ||u-u_n|| = 0.0005, ||u-u_n||/||u|| = 0.01249
[17:12:12]   ||p|| = 1095.20684, ||p||_8 = 1231.56996, ||p-p_n|| = 0.73515, ||p-p_n||/||p|| = 0.00067
[17:12:12]   ||T|| = 1.14091, ||T||_8 = 1.0, ||T-T_n|| = 0.0005, ||T-T_n||/||T|| = 0.00044
[17:12:33] Timestep 150 of 350000000:
[17:12:33]   Non-linearity u-P solved in 2 steps.
[17:12:33]   ||u|| = 0.04549, ||u||_8 = 0.04808, ||u-u_n|| = 0.00057, ||u-u_n||/||u|| = 0.01255
[17:12:33]   ||p|| = 1101.42767, ||p||_8 = 1236.80889, ||p-p_n|| = 0.56611, ||p-p_n||/||p|| = 0.00051
[17:12:33]   ||T|| = 1.14425, ||T||_8 = 1.0, ||T-T_n|| = 0.00038, ||T-T_n||/||T|| = 0.00033
[17:12:53] Timestep 160 of 350000000:
[17:12:53]   Non-linearity u-P solved in 2 steps.
[17:12:54]   ||u|| = 0.05156, ||u||_8 = 0.054, ||u-u_n|| = 0.00065, ||u-u_n||/||u|| = 0.01261
[17:12:54]   ||p|| = 1106.22996, ||p||_8 = 1240.86905, ||p-p_n|| = 0.43955, ||p-p_n||/||p|| = 0.0004
[17:12:54]   ||T|| = 1.14679, ||T||_8 = 1.0, ||T-T_n|| = 0.00029, ||T-T_n||/||T|| = 0.00025
[17:13:14] Timestep 170 of 350000000:
[17:13:14]   Non-linearity u-P solved in 2 steps.
[17:13:14]   ||u|| = 0.05847, ||u||_8 = 0.06074, ||u-u_n|| = 0.00074, ||u-u_n||/||u|| = 0.01266
[17:13:14]   ||p|| = 1109.97049, ||p||_8 = 1244.04953, ||p-p_n|| = 0.34542, ||p-p_n||/||p|| = 0.00031
[17:13:14]   ||T|| = 1.14871, ||T||_8 = 1.0, ||T-T_n|| = 0.00022, ||T-T_n||/||T|| = 0.00019
[17:13:35] Timestep 180 of 350000000:
[17:13:35]   Non-linearity u-P solved in 2 steps.
[17:13:35]   ||u|| = 0.06636, ||u||_8 = 0.06842, ||u-u_n|| = 0.00084, ||u-u_n||/||u|| = 0.01271
[17:13:35]   ||p|| = 1112.92122, ||p||_8 = 1246.57841, ||p-p_n|| = 0.27615, ||p-p_n||/||p|| = 0.00025
[17:13:35]   ||T|| = 1.15016, ||T||_8 = 1.0, ||T-T_n|| = 0.00017, ||T-T_n||/||T|| = 0.00014
[17:13:56] Timestep 190 of 350000000:
[17:13:56]   Non-linearity u-P solved in 2 steps.
[17:13:56]   ||u|| = 0.07535, ||u||_8 = 0.07715, ||u-u_n|| = 0.00096, ||u-u_n||/||u|| = 0.01276
[17:13:56]   ||p|| = 1115.29004, ||p||_8 = 1248.63028, ||p-p_n|| = 0.22608, ||p-p_n||/||p|| = 0.0002
[17:13:56]   ||T|| = 1.15126, ||T||_8 = 1.0, ||T-T_n|| = 0.00013, ||T-T_n||/||T|| = 0.00011
[17:14:17] Timestep 200 of 350000000:
[17:14:17]   Non-linearity u-P solved in 2 steps.
[17:14:17]   ||u|| = 0.08561, ||u||_8 = 0.08709, ||u-u_n|| = 0.0011, ||u-u_n||/||u|| = 0.0128
[17:14:17]   ||p|| = 1117.23655, ||p||_8 = 1250.3395, ||p-p_n|| = 0.19099, ||p-p_n||/||p|| = 0.00017
[17:14:17]   ||T|| = 1.1521, ||T||_8 = 1.0, ||T-T_n|| = 0.0001, ||T-T_n||/||T|| = 9e-05
[17:14:38] Timestep 210 of 350000000:
[17:14:38]   Non-linearity u-P solved in 2 steps.
[17:14:38]   ||u|| = 0.09731, ||u||_8 = 0.09839, ||u-u_n|| = 0.00125, ||u-u_n||/||u|| = 0.01284
[17:14:38]   ||p|| = 1118.88415, ||p||_8 = 1251.81025, ||p-p_n|| = 0.16775, ||p-p_n||/||p|| = 0.00015
[17:14:38]   ||T|| = 1.15273, ||T||_8 = 1.0, ||T-T_n|| = 8e-05, ||T-T_n||/||T|| = 7e-05
[17:14:59] Timestep 220 of 350000000:
[17:14:59]   Non-linearity u-P solved in 2 steps.
[17:14:59]   ||u|| = 0.11066, ||u||_8 = 0.11124, ||u-u_n|| = 0.00143, ||u-u_n||/||u|| = 0.01288
[17:14:59]   ||p|| = 1120.32909, ||p||_8 = 1253.12427, ||p-p_n|| = 0.15399, ||p-p_n||/||p|| = 0.00014
[17:14:59]   ||T|| = 1.15321, ||T||_8 = 1.0, ||T-T_n|| = 6e-05, ||T-T_n||/||T|| = 6e-05
[17:15:19] Timestep 230 of 350000000:
[17:15:19]   Non-linearity u-P solved in 2 steps.
[17:15:19]   ||u|| = 0.1259, ||u||_8 = 0.12585, ||u-u_n|| = 0.00163, ||u-u_n||/||u|| = 0.01292
[17:15:19]   ||p|| = 1121.64756, ||p||_8 = 1254.34667, ||p-p_n|| = 0.14788, ||p-p_n||/||p|| = 0.00013
[17:15:19]   ||T|| = 1.15357, ||T||_8 = 1.0, ||T-T_n|| = 6e-05, ||T-T_n||/||T|| = 5e-05
[17:15:40] Timestep 240 of 350000000:
[17:15:40]   Non-linearity u-P solved in 2 steps.
[17:15:40]   ||u|| = 0.1433, ||u||_8 = 0.14247, ||u-u_n|| = 0.00186, ||u-u_n||/||u|| = 0.01295
[17:15:40]   ||p|| = 1122.90098, ||p||_8 = 1255.53043, ||p-p_n|| = 0.14808, ||p-p_n||/||p|| = 0.00013
[17:15:40]   ||T|| = 1.15384, ||T||_8 = 1.0, ||T-T_n|| = 6e-05, ||T-T_n||/||T|| = 5e-05
[17:16:01] Timestep 250 of 350000000:
[17:16:01]   Non-linearity u-P solved in 2 steps.
[17:16:01]   ||u|| = 0.16316, ||u||_8 = 0.16137, ||u-u_n|| = 0.00212, ||u-u_n||/||u|| = 0.01298
[17:16:01]   ||p|| = 1124.14015, ||p||_8 = 1256.79229, ||p-p_n|| = 0.15356, ||p-p_n||/||p|| = 0.00014
[17:16:01]   ||T|| = 1.15405, ||T||_8 = 1.0, ||T-T_n|| = 6e-05, ||T-T_n||/||T|| = 5e-05
[17:16:22] Timestep 260 of 350000000:
[17:16:22]   Non-linearity u-P solved in 2 steps.
[17:16:22]   ||u|| = 0.18584, ||u||_8 = 0.18286, ||u-u_n|| = 0.00242, ||u-u_n||/||u|| = 0.01301
[17:16:22]   ||p|| = 1125.40846, ||p||_8 = 1258.1117, ||p-p_n|| = 0.16367, ||p-p_n||/||p|| = 0.00015
[17:16:22]   ||T|| = 1.15421, ||T||_8 = 1.0, ||T-T_n|| = 6e-05, ||T-T_n||/||T|| = 5e-05
[17:16:43] Timestep 270 of 350000000:
[17:16:43]   Non-linearity u-P solved in 2 steps.
[17:16:43]   ||u|| = 0.21174, ||u||_8 = 0.20731, ||u-u_n|| = 0.00276, ||u-u_n||/||u|| = 0.01303
[17:16:43]   ||p|| = 1126.74441, ||p||_8 = 1259.51982, ||p-p_n|| = 0.17799, ||p-p_n||/||p|| = 0.00016
[17:16:43]   ||T|| = 1.15432, ||T||_8 = 1.0, ||T-T_n|| = 7e-05, ||T-T_n||/||T|| = 6e-05
[17:17:04] Timestep 280 of 350000000:
[17:17:04]   Non-linearity u-P solved in 2 steps.
[17:17:04]   ||u|| = 0.24132, ||u||_8 = 0.23511, ||u-u_n|| = 0.00315, ||u-u_n||/||u|| = 0.01306
[17:17:04]   ||p|| = 1128.18362, ||p||_8 = 1261.05018, ||p-p_n|| = 0.19638, ||p-p_n||/||p|| = 0.00017
[17:17:04]   ||T|| = 1.15441, ||T||_8 = 1.0, ||T-T_n|| = 8e-05, ||T-T_n||/||T|| = 7e-05
[17:17:25] Timestep 290 of 350000000:
[17:17:25]   Non-linearity u-P solved in 2 steps.
[17:17:25]   ||u|| = 0.2751, ||u||_8 = 0.26674, ||u-u_n|| = 0.0036, ||u-u_n||/||u|| = 0.01308
[17:17:25]   ||p|| = 1129.7605, ||p||_8 = 1262.73561, ||p-p_n|| = 0.21887, ||p-p_n||/||p|| = 0.00019
[17:17:25]   ||T|| = 1.15448, ||T||_8 = 1.0, ||T-T_n|| = 9e-05, ||T-T_n||/||T|| = 8e-05
[17:17:45] Timestep 300 of 350000000:
[17:17:45]   Non-linearity u-P solved in 2 steps.
[17:17:45]   ||u|| = 0.31369, ||u||_8 = 0.30273, ||u-u_n|| = 0.00411, ||u-u_n||/||u|| = 0.0131
[17:17:45]   ||p|| = 1131.50964, ||p||_8 = 1264.60949, ||p-p_n|| = 0.24564, ||p-p_n||/||p|| = 0.00022
[17:17:45]   ||T|| = 1.15453, ||T||_8 = 1.0, ||T-T_n|| = 0.0001, ||T-T_n||/||T|| = 9e-05
[17:18:06] Timestep 310 of 350000000:
[17:18:06]   Non-linearity u-P solved in 2 steps.
[17:18:06]   ||u|| = 0.35776, ||u||_8 = 0.34367, ||u-u_n|| = 0.00469, ||u-u_n||/||u|| = 0.01311
[17:18:06]   ||p|| = 1133.46701, ||p||_8 = 1266.70671, ||p-p_n|| = 0.27701, ||p-p_n||/||p|| = 0.00024
[17:18:06]   ||T|| = 1.15456, ||T||_8 = 1.0, ||T-T_n|| = 0.00012, ||T-T_n||/||T|| = 0.0001
[17:18:27] Timestep 320 of 350000000:
[17:18:27]   Non-linearity u-P solved in 2 steps.
[17:18:27]   ||u|| = 0.40811, ||u||_8 = 0.39025, ||u-u_n|| = 0.00536, ||u-u_n||/||u|| = 0.01313
[17:18:27]   ||p|| = 1135.67115, ||p||_8 = 1269.06461, ||p-p_n|| = 0.31344, ||p-p_n||/||p|| = 0.00028
[17:18:27]   ||T|| = 1.15459, ||T||_8 = 1.0, ||T-T_n|| = 0.00013, ||T-T_n||/||T|| = 0.00012
[17:18:48] Timestep 330 of 350000000:
[17:18:48]   Non-linearity u-P solved in 2 steps.
[17:18:48]   ||u|| = 0.46561, ||u||_8 = 0.44324, ||u-u_n|| = 0.00612, ||u-u_n||/||u|| = 0.01314
[17:18:48]   ||p|| = 1138.16415, ||p||_8 = 1271.72378, ||p-p_n|| = 0.35549, ||p-p_n||/||p|| = 0.00031
[17:18:48]   ||T|| = 1.15461, ||T||_8 = 1.0, ||T-T_n|| = 0.00015, ||T-T_n||/||T|| = 0.00013
[17:19:09] Timestep 340 of 350000000:
[17:19:09]   Non-linearity u-P solved in 2 steps.
[17:19:09]   ||u|| = 0.53128, ||u||_8 = 0.50353, ||u-u_n|| = 0.00698, ||u-u_n||/||u|| = 0.01315
[17:19:09]   ||p|| = 1140.99275, ||p||_8 = 1274.72887, ||p-p_n|| = 0.40383, ||p-p_n||/||p|| = 0.00035
[17:19:09]   ||T|| = 1.15462, ||T||_8 = 1.0, ||T-T_n|| = 0.00017, ||T-T_n||/||T|| = 0.00015
[17:19:29] Timestep 350 of 350000000:
[17:19:29]   Non-linearity u-P solved in 2 steps.
[17:19:29]   ||u|| = 0.60626, ||u||_8 = 0.57212, ||u-u_n|| = 0.00797, ||u-u_n||/||u|| = 0.01315
[17:19:29]   ||p|| = 1144.20939, ||p||_8 = 1278.12931, ||p-p_n|| = 0.45927, ||p-p_n||/||p|| = 0.0004
[17:19:29]   ||T|| = 1.15462, ||T||_8 = 1.0, ||T-T_n|| = 0.0002, ||T-T_n||/||T|| = 0.00017
[17:19:50] Timestep 360 of 350000000:
[17:19:50]   Non-linearity u-P solved in 2 steps.
[17:19:50]   ||u|| = 0.69186, ||u||_8 = 0.65013, ||u-u_n|| = 0.0091, ||u-u_n||/||u|| = 0.01315
[17:19:50]   ||p|| = 1147.87331, ||p||_8 = 1281.97999, ||p-p_n|| = 0.52271, ||p-p_n||/||p|| = 0.00046
[17:19:50]   ||T|| = 1.15462, ||T||_8 = 1.0, ||T-T_n|| = 0.00023, ||T-T_n||/||T|| = 0.0002
[17:20:11] Timestep 370 of 350000000:
[17:20:11]   Non-linearity u-P solved in 2 steps.
[17:20:11]   ||u|| = 0.78954, ||u||_8 = 0.73883, ||u-u_n|| = 0.01038, ||u-u_n||/||u|| = 0.01315
[17:20:11]   ||p|| = 1152.0517, ||p||_8 = 1286.34195, ||p-p_n|| = 0.5952, ||p-p_n||/||p|| = 0.00052
[17:20:11]   ||T|| = 1.15461, ||T||_8 = 1.0, ||T-T_n|| = 0.00026, ||T-T_n||/||T|| = 0.00022
[17:20:32] Timestep 380 of 350000000:
[17:20:32]   Non-linearity u-P solved in 2 steps.
[17:20:32]   ||u|| = 0.90097, ||u||_8 = 0.83963, ||u-u_n|| = 0.01183, ||u-u_n||/||u|| = 0.01313
[17:20:32]   ||p|| = 1156.82084, ||p||_8 = 1291.28286, ||p-p_n|| = 0.6779, ||p-p_n||/||p|| = 0.00059
[17:20:32]   ||T|| = 1.1546, ||T||_8 = 1.0, ||T-T_n|| = 0.00029, ||T-T_n||/||T|| = 0.00025
[17:20:55] Timestep 390 of 350000000:
[17:20:55]   Non-linearity u-P solved in 3 steps.
[17:20:55]   ||u|| = 1.02798, ||u||_8 = 0.95412, ||u-u_n|| = 0.01348, ||u-u_n||/||u|| = 0.01312
[17:20:55]   ||p|| = 1162.26728, ||p||_8 = 1296.87738, ||p-p_n|| = 0.77206, ||p-p_n||/||p|| = 0.00066
[17:20:55]   ||T|| = 1.15458, ||T||_8 = 1.0, ||T-T_n|| = 0.00033, ||T-T_n||/||T|| = 0.00029
[17:21:23] Timestep 400 of 350000000:
[17:21:23]   Non-linearity u-P solved in 3 steps.
[17:21:23]   ||u|| = 1.17265, ||u||_8 = 1.08405, ||u-u_n|| = 0.01535, ||u-u_n||/||u|| = 0.01309
[17:21:23]   ||p|| = 1168.48885, ||p||_8 = 1303.20725, ||p-p_n|| = 0.87901, ||p-p_n||/||p|| = 0.00075
[17:21:23]   ||T|| = 1.15455, ||T||_8 = 1.0, ||T-T_n|| = 0.00038, ||T-T_n||/||T|| = 0.00033
[17:21:51] Timestep 410 of 350000000:
[17:21:51]   Non-linearity u-P solved in 3 steps.
[17:21:51]   ||u|| = 1.33724, ||u||_8 = 1.23133, ||u-u_n|| = 0.01745, ||u-u_n||/||u|| = 0.01305
[17:21:51]   ||p|| = 1175.59549, ||p||_8 = 1310.3609, ||p-p_n|| = 1.00011, ||p-p_n||/||p|| = 0.00085
[17:21:51]   ||T|| = 1.1545, ||T||_8 = 1.0, ||T-T_n|| = 0.00043, ||T-T_n||/||T|| = 0.00037
[17:22:19] Timestep 420 of 350000000:
[17:22:19]   Non-linearity u-P solved in 3 steps.
[17:22:19]   ||u|| = 1.52423, ||u||_8 = 1.39803, ||u-u_n|| = 0.01981, ||u-u_n||/||u|| = 0.013
[17:22:19]   ||p|| = 1183.70953, ||p||_8 = 1318.43242, ||p-p_n|| = 1.13664, ||p-p_n||/||p|| = 0.00096
[17:22:19]   ||T|| = 1.15445, ||T||_8 = 1.0, ||T-T_n|| = 0.00049, ||T-T_n||/||T|| = 0.00043
[17:22:46] Timestep 430 of 350000000:
[17:22:46]   Non-linearity u-P solved in 3 steps.
[17:22:46]   ||u|| = 1.73626, ||u||_8 = 1.58631, ||u-u_n|| = 0.02244, ||u-u_n||/||u|| = 0.01292
[17:22:46]   ||p|| = 1192.96513, ||p||_8 = 1327.51942, ||p-p_n|| = 1.28967, ||p-p_n||/||p|| = 0.00108
[17:22:46]   ||T|| = 1.15438, ||T||_8 = 1.0, ||T-T_n|| = 0.00056, ||T-T_n||/||T|| = 0.00048
[17:23:14] Timestep 440 of 350000000:
[17:23:14]   Non-linearity u-P solved in 3 steps.
[17:23:14]   ||u|| = 1.9761, ||u||_8 = 1.79843, ||u-u_n|| = 0.02535, ||u-u_n||/||u|| = 0.01283
[17:23:14]   ||p|| = 1203.50633, ||p||_8 = 1337.71957, ||p-p_n|| = 1.45983, ||p-p_n||/||p|| = 0.00121
[17:23:14]   ||T|| = 1.15429, ||T||_8 = 1.0, ||T-T_n|| = 0.00063, ||T-T_n||/||T|| = 0.00054
[17:23:42] Timestep 450 of 350000000:
[17:23:42]   Non-linearity u-P solved in 3 steps.
[17:23:42]   ||u|| = 2.24653, ||u||_8 = 2.03656, ||u-u_n|| = 0.02853, ||u-u_n||/||u|| = 0.0127
[17:23:42]   ||p|| = 1215.48289, ||p||_8 = 1349.12508, ||p-p_n|| = 1.64699, ||p-p_n||/||p|| = 0.00136
[17:23:42]   ||T|| = 1.15417, ||T||_8 = 1.0, ||T-T_n|| = 0.00071, ||T-T_n||/||T|| = 0.00061
[17:24:10] Timestep 460 of 350000000:
[17:24:10]   Non-linearity u-P solved in 3 steps.
[17:24:10]   ||u|| = 2.55021, ||u||_8 = 2.30274, ||u-u_n|| = 0.03197, ||u-u_n||/||u|| = 0.01254
[17:24:10]   ||p|| = 1229.04287, ||p||_8 = 1361.81457, ||p-p_n|| = 1.84983, ||p-p_n||/||p|| = 0.00151
[17:24:10]   ||T|| = 1.15401, ||T||_8 = 1.0, ||T-T_n|| = 0.00079, ||T-T_n||/||T|| = 0.00069
[17:24:38] Timestep 470 of 350000000:
[17:24:38]   Non-linearity u-P solved in 3 steps.
[17:24:38]   ||u|| = 2.88942, ||u||_8 = 2.59857, ||u-u_n|| = 0.03562, ||u-u_n||/||u|| = 0.01233
[17:24:38]   ||p|| = 1244.32089, ||p||_8 = 1375.84176, ||p-p_n|| = 2.06524, ||p-p_n||/||p|| = 0.00166
[17:24:38]   ||T|| = 1.15382, ||T||_8 = 1.0, ||T-T_n|| = 0.00088, ||T-T_n||/||T|| = 0.00077
[17:25:05] Timestep 480 of 350000000:
[17:25:05]   Non-linearity u-P solved in 3 steps.
[17:25:05]   ||u|| = 3.2658, ||u||_8 = 2.92497, ||u-u_n|| = 0.03938, ||u-u_n||/||u|| = 0.01206
[17:25:05]   ||p|| = 1261.42051, ||p||_8 = 1391.22059, ||p-p_n|| = 2.28764, ||p-p_n||/||p|| = 0.00181
[17:25:06]   ||T|| = 1.15357, ||T||_8 = 1.0, ||T-T_n|| = 0.00098, ||T-T_n||/||T|| = 0.00085
[17:25:33] Timestep 490 of 350000000:
[17:25:33]   Non-linearity u-P solved in 3 steps.
[17:25:33]   ||u|| = 3.67986, ||u||_8 = 3.28185, ||u-u_n|| = 0.04314, ||u-u_n||/||u|| = 0.01172
[17:25:33]   ||p|| = 1280.39007, ||p||_8 = 1407.90684, ||p-p_n|| = 2.50831, ||p-p_n||/||p|| = 0.00196
[17:25:33]   ||T|| = 1.15326, ||T||_8 = 1.0, ||T-T_n|| = 0.00107, ||T-T_n||/||T|| = 0.00093
[17:26:01] Timestep 500 of 350000000:
[17:26:01]   Non-linearity u-P solved in 3 steps.
[17:26:01]   ||u|| = 4.13054, ||u||_8 = 3.66759, ||u-u_n|| = 0.0467, ||u-u_n||/||u|| = 0.01131
[17:26:01]   ||p|| = 1301.19223, ||p||_8 = 1425.77783, ||p-p_n|| = 2.71483, ||p-p_n||/||p|| = 0.00209
[17:26:01]   ||T|| = 1.15287, ||T||_8 = 1.0, ||T-T_n|| = 0.00116, ||T-T_n||/||T|| = 0.00101
[17:26:29] Timestep 510 of 350000000:
[17:26:29]   Non-linearity u-P solved in 3 steps.
[17:26:29]   ||u|| = 4.6146, ||u||_8 = 4.07867, ||u-u_n|| = 0.04983, ||u-u_n||/||u|| = 0.0108
[17:26:29]   ||p|| = 1323.66949, ||p||_8 = 1444.61285, ||p-p_n|| = 2.89101, ||p-p_n||/||p|| = 0.00218
[17:26:29]   ||T|| = 1.15239, ||T||_8 = 1.0, ||T-T_n|| = 0.00124, ||T-T_n||/||T|| = 0.00108
[17:26:56] Timestep 520 of 350000000:
[17:26:56]   Non-linearity u-P solved in 3 steps.
[17:26:56]   ||u|| = 5.12612, ||u||_8 = 4.50928, ||u-u_n|| = 0.05223, ||u-u_n||/||u|| = 0.01019
[17:26:56]   ||p|| = 1347.51208, ||p||_8 = 1464.07999, ||p-p_n|| = 3.01785, ||p-p_n||/||p|| = 0.00224
[17:26:56]   ||T|| = 1.15182, ||T||_8 = 1.0, ||T-T_n|| = 0.0013, ||T-T_n||/||T|| = 0.00113
[17:27:24] Timestep 530 of 350000000:
[17:27:24]   Non-linearity u-P solved in 3 steps.
[17:27:24]   ||u|| = 5.65612, ||u||_8 = 4.95113, ||u-u_n|| = 0.0536, ||u-u_n||/||u|| = 0.00948
[17:27:24]   ||p|| = 1372.23817, ||p||_8 = 1483.73604, ||p-p_n|| = 3.07567, ||p-p_n||/||p|| = 0.00224
[17:27:24]   ||T|| = 1.15114, ||T||_8 = 1.0, ||T-T_n|| = 0.00134, ||T-T_n||/||T|| = 0.00116
[17:27:52] Timestep 540 of 350000000:
[17:27:52]   Non-linearity u-P solved in 3 steps.
[17:27:52]   ||u|| = 6.19264, ||u||_8 = 5.39361, ||u-u_n|| = 0.05366, ||u-u_n||/||u|| = 0.00866
[17:27:52]   ||p|| = 1397.19943, ||p||_8 = 1503.04721, ||p-p_n|| = 3.04771, ||p-p_n||/||p|| = 0.00218
[17:27:52]   ||T|| = 1.15036, ||T||_8 = 1.0, ||T-T_n|| = 0.00135, ||T-T_n||/||T|| = 0.00117
[17:28:20] Timestep 550 of 350000000:
[17:28:20]   Non-linearity u-P solved in 3 steps.
[17:28:20]   ||u|| = 6.72131, ||u||_8 = 5.82454, ||u-u_n|| = 0.0522, ||u-u_n||/||u|| = 0.00777
[17:28:20]   ||p|| = 1421.62353, ||p||_8 = 1521.43444, ||p-p_n|| = 2.9246, ||p-p_n||/||p|| = 0.00206
[17:28:20]   ||T|| = 1.1495, ||T||_8 = 1.0, ||T-T_n|| = 0.00131, ||T-T_n||/||T|| = 0.00114
[17:28:47] Timestep 560 of 350000000:
[17:28:47]   Non-linearity u-P solved in 3 steps.
[17:28:47]   ||u|| = 7.22659, ||u||_8 = 6.23127, ||u-u_n|| = 0.04918, ||u-u_n||/||u|| = 0.00681
[17:28:47]   ||p|| = 1444.69638, ||p||_8 = 1538.34048, ||p-p_n|| = 2.70831, ||p-p_n||/||p|| = 0.00187
[17:28:47]   ||T|| = 1.14856, ||T||_8 = 1.0, ||T-T_n|| = 0.00124, ||T-T_n||/||T|| = 0.00108
[17:29:15] Timestep 570 of 350000000:
[17:29:15]   Non-linearity u-P solved in 3 steps.
[17:29:15]   ||u|| = 7.6936, ||u||_8 = 6.60226, ||u-u_n|| = 0.04477, ||u-u_n||/||u|| = 0.00582
[17:29:15]   ||p|| = 1465.67189, ||p||_8 = 1553.30555, ||p-p_n|| = 2.41381, ||p-p_n||/||p|| = 0.00165
[17:29:15]   ||T|| = 1.14759, ||T||_8 = 1.0, ||T-T_n|| = 0.00114, ||T-T_n||/||T|| = 0.00099
[17:29:43] Timestep 580 of 350000000:
[17:29:43]   Non-linearity u-P solved in 3 steps.
[17:29:43]   ||u|| = 8.11008, ||u||_8 = 6.92861, ||u-u_n|| = 0.03929, ||u-u_n||/||u|| = 0.00485
[17:29:43]   ||p|| = 1483.98187, ||p||_8 = 1566.03156, ||p-p_n|| = 2.06717, ||p-p_n||/||p|| = 0.00139
[17:29:43]   ||T|| = 1.14662, ||T||_8 = 1.0, ||T-T_n|| = 0.001, ||T-T_n||/||T|| = 0.00088
[17:30:11] Timestep 590 of 350000000:
[17:30:11]   Non-linearity u-P solved in 3 steps.
[17:30:11]   ||u|| = 8.46803, ||u||_8 = 7.20515, ||u-u_n|| = 0.03325, ||u-u_n||/||u|| = 0.00393
[17:30:11]   ||p|| = 1499.31273, ||p||_8 = 1576.41534, ||p-p_n|| = 1.70028, ||p-p_n||/||p|| = 0.00113
[17:30:11]   ||T|| = 1.1457, ||T||_8 = 1.0, ||T-T_n|| = 0.00085, ||T-T_n||/||T|| = 0.00075
[17:30:39] Timestep 600 of 350000000:
[17:30:39]   Non-linearity u-P solved in 3 steps.
[17:30:39]   ||u|| = 8.76449, ||u||_8 = 7.43089, ||u-u_n|| = 0.02714, ||u-u_n||/||u|| = 0.0031
[17:30:39]   ||p|| = 1511.62606, ||p||_8 = 1584.54147, ||p-p_n|| = 1.34398, ||p-p_n||/||p|| = 0.00089
[17:30:39]   ||T|| = 1.14486, ||T||_8 = 1.0, ||T-T_n|| = 0.0007, ||T-T_n||/||T|| = 0.00061
[17:31:06] Timestep 610 of 350000000:
[17:31:06]   Non-linearity u-P solved in 3 steps.
[17:31:06]   ||u|| = 9.00138, ||u||_8 = 7.60853, ||u-u_n|| = 0.02141, ||u-u_n||/||u|| = 0.00238
[17:31:06]   ||p|| = 1521.1213, ||p||_8 = 1590.64021, ||p-p_n|| = 1.02232, ||p-p_n||/||p|| = 0.00067
[17:31:06]   ||T|| = 1.14413, ||T||_8 = 1.0, ||T-T_n|| = 0.00056, ||T-T_n||/||T|| = 0.00049
[17:31:34] Timestep 620 of 350000000:
[17:31:34]   Non-linearity u-P solved in 3 steps.
[17:31:34]   ||u|| = 9.18439, ||u||_8 = 7.74352, ||u-u_n|| = 0.0164, ||u-u_n||/||u|| = 0.00179
[17:31:34]   ||p|| = 1528.15989, ||p||_8 = 1595.02743, ||p-p_n|| = 0.74958, ||p-p_n||/||p|| = 0.00049
[17:31:34]   ||T|| = 1.14351, ||T||_8 = 1.0, ||T-T_n|| = 0.00043, ||T-T_n||/||T|| = 0.00038
[17:32:02] Timestep 630 of 350000000:
[17:32:02]   Non-linearity u-P solved in 3 steps.
[17:32:02]   ||u|| = 9.32148, ||u||_8 = 7.84275, ||u-u_n|| = 0.01226, ||u-u_n||/||u|| = 0.00131
[17:32:02]   ||p|| = 1533.1792, ||p||_8 = 1598.04531, ||p-p_n|| = 0.53049, ||p-p_n||/||p|| = 0.00035
[17:32:02]   ||T|| = 1.14302, ||T||_8 = 1.0, ||T-T_n|| = 0.00032, ||T-T_n||/||T|| = 0.00028
[17:32:30] Timestep 640 of 350000000:
[17:32:30]   Non-linearity u-P solved in 3 steps.
[17:32:30]   ||u|| = 9.42141, ||u||_8 = 7.91344, ||u-u_n|| = 0.009, ||u-u_n||/||u|| = 0.00096
[17:32:30]   ||p|| = 1536.61973, ||p||_8 = 1600.01734, ||p-p_n|| = 0.36259, ||p-p_n||/||p|| = 0.00024
[17:32:30]   ||T|| = 1.14264, ||T||_8 = 1.0, ||T-T_n|| = 0.00024, ||T-T_n||/||T|| = 0.00021
[17:32:58] Timestep 650 of 350000000:
[17:32:58]   Non-linearity u-P solved in 3 steps.
[17:32:58]   ||u|| = 9.49254, ||u||_8 = 7.96229, ||u-u_n|| = 0.00657, ||u-u_n||/||u|| = 0.00069
[17:32:58]   ||p|| = 1538.87723, ||p||_8 = 1601.222, ||p-p_n|| = 0.23924, ||p-p_n||/||p|| = 0.00016
[17:32:58]   ||T|| = 1.14236, ||T||_8 = 1.0, ||T-T_n|| = 0.00018, ||T-T_n||/||T|| = 0.00015
[17:33:25] Timestep 660 of 350000000:
[17:33:25]   Non-linearity u-P solved in 3 steps.
[17:33:25]   ||u|| = 9.54217, ||u||_8 = 7.99501, ||u-u_n|| = 0.00484, ||u-u_n||/||u|| = 0.00051
[17:33:25]   ||p|| = 1540.27965, ||p||_8 = 1601.88302, ||p-p_n|| = 0.15235, ||p-p_n||/||p|| = 0.0001
[17:33:25]   ||T|| = 1.14215, ||T||_8 = 1.0, ||T-T_n|| = 0.00013, ||T-T_n||/||T|| = 0.00011
[17:33:53] Timestep 670 of 350000000:
[17:33:53]   Non-linearity u-P solved in 3 steps.
[17:33:53]   ||u|| = 9.57624, ||u||_8 = 8.01617, ||u-u_n|| = 0.00366, ||u-u_n||/||u|| = 0.00038
[17:33:53]   ||p|| = 1541.08298, ||p||_8 = 1602.17089, ||p-p_n|| = 0.09434, ||p-p_n||/||p|| = 6e-05
[17:33:53]   ||T|| = 1.142, ||T||_8 = 1.0, ||T-T_n|| = 0.0001, ||T-T_n||/||T|| = 9e-05
[17:34:21] Timestep 680 of 350000000:
[17:34:21]   Non-linearity u-P solved in 3 steps.
[17:34:21]   ||u|| = 9.59933, ||u||_8 = 8.02928, ||u-u_n|| = 0.00289, ||u-u_n||/||u|| = 0.0003
[17:34:21]   ||p|| = 1541.47808, ||p||_8 = 1602.21034, ||p-p_n|| = 0.05939, ||p-p_n||/||p|| = 4e-05
[17:34:21]   ||T|| = 1.1419, ||T||_8 = 1.0, ||T-T_n|| = 8e-05, ||T-T_n||/||T|| = 7e-05
[17:34:49] Timestep 690 of 350000000:
[17:34:49]   Non-linearity u-P solved in 3 steps.
[17:34:49]   ||u|| = 9.61483, ||u||_8 = 8.0369, ||u-u_n|| = 0.00241, ||u-u_n||/||u|| = 0.00025
[17:34:49]   ||p|| = 1541.60223, ||p||_8 = 1602.08965, ||p-p_n|| = 0.04315, ||p-p_n||/||p|| = 3e-05
[17:34:49]   ||T|| = 1.14182, ||T||_8 = 1.0, ||T-T_n|| = 6e-05, ||T-T_n||/||T|| = 6e-05
[17:35:16] Timestep 700 of 350000000:
[17:35:16]   Non-linearity u-P solved in 3 steps.
[17:35:16]   ||u|| = 9.62518, ||u||_8 = 8.04085, ||u-u_n|| = 0.0021, ||u-u_n||/||u|| = 0.00022
[17:35:16]   ||p|| = 1541.55142, ||p||_8 = 1601.86971, ||p-p_n|| = 0.03941, ||p-p_n||/||p|| = 3e-05
[17:35:16]   ||T|| = 1.14177, ||T||_8 = 1.0, ||T-T_n|| = 6e-05, ||T-T_n||/||T|| = 5e-05
[17:35:44] Timestep 710 of 350000000:
[17:35:44]   Non-linearity u-P solved in 3 steps.
[17:35:44]   ||u|| = 9.63208, ||u||_8 = 8.04239, ||u-u_n|| = 0.00189, ||u-u_n||/||u|| = 0.0002
[17:35:44]   ||p|| = 1541.39129, ||p||_8 = 1601.59163, ||p-p_n|| = 0.0404, ||p-p_n||/||p|| = 3e-05
[17:35:44]   ||T|| = 1.14174, ||T||_8 = 1.0, ||T-T_n|| = 5e-05, ||T-T_n||/||T|| = 4e-05
[17:36:12] Timestep 720 of 350000000:
[17:36:12]   Non-linearity u-P solved in 3 steps.
[17:36:12]   ||u|| = 9.63667, ||u||_8 = 8.0424, ||u-u_n|| = 0.00174, ||u-u_n||/||u|| = 0.00018
[17:36:12]   ||p|| = 1541.16583, ||p||_8 = 1601.28257, ||p-p_n|| = 0.0418, ||p-p_n||/||p|| = 3e-05
[17:36:12]   ||T|| = 1.14172, ||T||_8 = 1.0, ||T-T_n|| = 5e-05, ||T-T_n||/||T|| = 4e-05
[17:36:40] Timestep 730 of 350000000:
[17:36:40]   Non-linearity u-P solved in 3 steps.
[17:36:40]   ||u|| = 9.63976, ||u||_8 = 8.04145, ||u-u_n|| = 0.00162, ||u-u_n||/||u|| = 0.00017
[17:36:40]   ||p|| = 1540.90404, ||p||_8 = 1600.96022, ||p-p_n|| = 0.04241, ||p-p_n||/||p|| = 3e-05
[17:36:40]   ||T|| = 1.1417, ||T||_8 = 1.0, ||T-T_n|| = 4e-05, ||T-T_n||/||T|| = 4e-05
[17:37:08] Timestep 740 of 350000000:
[17:37:08]   Non-linearity u-P solved in 3 steps.
[17:37:08]   ||u|| = 9.64185, ||u||_8 = 8.03991, ||u-u_n|| = 0.00152, ||u-u_n||/||u|| = 0.00016
[17:37:08]   ||p|| = 1540.62477, ||p||_8 = 1600.63583, ||p-p_n|| = 0.04217, ||p-p_n||/||p|| = 3e-05
[17:37:08]   ||T|| = 1.14169, ||T||_8 = 1.0, ||T-T_n|| = 4e-05, ||T-T_n||/||T|| = 3e-05
[17:37:35] Timestep 750 of 350000000:
[17:37:35]   Non-linearity u-P solved in 3 steps.
[17:37:35]   ||u|| = 9.64328, ||u||_8 = 8.03805, ||u-u_n|| = 0.00143, ||u-u_n||/||u|| = 0.00015
[17:37:35]   ||p|| = 1540.34003, ||p||_8 = 1600.31641, ||p-p_n|| = 0.04128, ||p-p_n||/||p|| = 3e-05
[17:37:35]   ||T|| = 1.14169, ||T||_8 = 1.0, ||T-T_n|| = 4e-05, ||T-T_n||/||T|| = 3e-05
[17:38:03] Timestep 760 of 350000000:
[17:38:03]   Non-linearity u-P solved in 3 steps.
[17:38:03]   ||u|| = 9.64429, ||u||_8 = 8.03602, ||u-u_n|| = 0.00134, ||u-u_n||/||u|| = 0.00014
[17:38:03]   ||p|| = 1540.05734, ||p||_8 = 1600.00616, ||p-p_n|| = 0.03997, ||p-p_n||/||p|| = 3e-05
[17:38:03]   ||T|| = 1.14168, ||T||_8 = 1.0, ||T-T_n|| = 4e-05, ||T-T_n||/||T|| = 3e-05
[17:38:31] Timestep 770 of 350000000:
[17:38:31]   Non-linearity u-P solved in 3 steps.
[17:38:31]   ||u|| = 9.64501, ||u||_8 = 8.03391, ||u-u_n|| = 0.00126, ||u-u_n||/||u|| = 0.00013
[17:38:31]   ||p|| = 1539.78128, ||p||_8 = 1599.7075, ||p-p_n|| = 0.0384, ||p-p_n||/||p|| = 2e-05
[17:38:31]   ||T|| = 1.14168, ||T||_8 = 1.0, ||T-T_n|| = 3e-05, ||T-T_n||/||T|| = 3e-05
[17:38:59] Timestep 780 of 350000000:
[17:38:59]   Non-linearity u-P solved in 3 steps.
[17:38:59]   ||u|| = 9.64555, ||u||_8 = 8.03181, ||u-u_n|| = 0.00119, ||u-u_n||/||u|| = 0.00012
[17:38:59]   ||p|| = 1539.51454, ||p||_8 = 1599.42168, ||p-p_n|| = 0.0367, ||p-p_n||/||p|| = 2e-05
[17:38:59]   ||T|| = 1.14168, ||T||_8 = 1.0, ||T-T_n|| = 3e-05, ||T-T_n||/||T|| = 3e-05
[17:39:27] Timestep 790 of 350000000:
[17:39:27]   Non-linearity u-P solved in 3 steps.
[17:39:27]   ||u|| = 9.64596, ||u||_8 = 8.02974, ||u-u_n|| = 0.00112, ||u-u_n||/||u|| = 0.00012
[17:39:27]   ||p|| = 1539.25858, ||p||_8 = 1599.14923, ||p-p_n|| = 0.03495, ||p-p_n||/||p|| = 2e-05
[17:39:27]   ||T|| = 1.14167, ||T||_8 = 1.0, ||T-T_n|| = 3e-05, ||T-T_n||/||T|| = 3e-05
[17:39:55] Timestep 800 of 350000000:
[17:39:55]   Non-linearity u-P solved in 3 steps.
[17:39:55]   ||u|| = 9.64628, ||u||_8 = 8.02773, ||u-u_n|| = 0.00106, ||u-u_n||/||u|| = 0.00011
[17:39:55]   ||p|| = 1539.01409, ||p||_8 = 1598.8902, ||p-p_n|| = 0.03321, ||p-p_n||/||p|| = 2e-05
[17:39:55]   ||T|| = 1.14167, ||T||_8 = 1.0, ||T-T_n|| = 3e-05, ||T-T_n||/||T|| = 2e-05
[17:40:23] Timestep 810 of 350000000:
[17:40:23]   Non-linearity u-P solved in 3 steps.
[17:40:23]   ||u|| = 9.64653, ||u||_8 = 8.02579, ||u-u_n|| = 0.001, ||u-u_n||/||u|| = 0.0001
[17:40:23]   ||p|| = 1538.78128, ||p||_8 = 1598.64439, ||p-p_n|| = 0.0315, ||p-p_n||/||p|| = 2e-05
[17:40:23]   ||T|| = 1.14167, ||T||_8 = 1.0, ||T-T_n|| = 3e-05, ||T-T_n||/||T|| = 2e-05
[17:40:51] Timestep 820 of 350000000:
[17:40:51]   Non-linearity u-P solved in 3 steps.
[17:40:51]   ||u|| = 9.64674, ||u||_8 = 8.02393, ||u-u_n|| = 0.00094, ||u-u_n||/||u|| = 0.0001
[17:40:51]   ||p|| = 1538.56006, ||p||_8 = 1598.48409, ||p-p_n|| = 0.02984, ||p-p_n||/||p|| = 2e-05
[17:40:51]   ||T|| = 1.14167, ||T||_8 = 1.0, ||T-T_n|| = 2e-05, ||T-T_n||/||T|| = 2e-05
[17:41:19] Timestep 830 of 350000000:
[17:41:19]   Non-linearity u-P solved in 3 steps.
[17:41:19]   ||u|| = 9.64692, ||u||_8 = 8.02215, ||u-u_n|| = 0.00088, ||u-u_n||/||u|| = 9e-05
[17:41:19]   ||p|| = 1538.35014, ||p||_8 = 1598.33751, ||p-p_n|| = 0.02824, ||p-p_n||/||p|| = 2e-05
[17:41:19]   ||T|| = 1.14167, ||T||_8 = 1.0, ||T-T_n|| = 2e-05, ||T-T_n||/||T|| = 2e-05
[17:41:47] Timestep 840 of 350000000:
[17:41:47]   Non-linearity u-P solved in 3 steps.
[17:41:47]   ||u|| = 9.64707, ||u||_8 = 8.02045, ||u-u_n|| = 0.00083, ||u-u_n||/||u|| = 9e-05
[17:41:47]   ||p|| = 1538.15116, ||p||_8 = 1598.19864, ||p-p_n|| = 0.02672, ||p-p_n||/||p|| = 2e-05
[17:41:47]   ||T|| = 1.14167, ||T||_8 = 1.0, ||T-T_n|| = 2e-05, ||T-T_n||/||T|| = 2e-05
[17:42:15] Timestep 850 of 350000000:
[17:42:15]   Non-linearity u-P solved in 3 steps.
[17:42:15]   ||u|| = 9.6472, ||u||_8 = 8.01884, ||u-u_n|| = 0.00079, ||u-u_n||/||u|| = 8e-05
[17:42:15]   ||p|| = 1537.96267, ||p||_8 = 1598.06716, ||p-p_n|| = 0.02527, ||p-p_n||/||p|| = 2e-05
[17:42:15]   ||T|| = 1.14167, ||T||_8 = 1.0, ||T-T_n|| = 2e-05, ||T-T_n||/||T|| = 2e-05
[17:42:42] Timestep 860 of 350000000:
[17:42:42]   Non-linearity u-P solved in 3 steps.
[17:42:42]   ||u|| = 9.64731, ||u||_8 = 8.0173, ||u-u_n|| = 0.00074, ||u-u_n||/||u|| = 8e-05
[17:42:42]   ||p|| = 1537.78422, ||p||_8 = 1597.94275, ||p-p_n|| = 0.02389, ||p-p_n||/||p|| = 2e-05
[17:42:42]   ||T|| = 1.14167, ||T||_8 = 1.0, ||T-T_n|| = 2e-05, ||T-T_n||/||T|| = 2e-05
[17:43:10] Timestep 870 of 350000000:
[17:43:10]   Non-linearity u-P solved in 3 steps.
[17:43:10]   ||u|| = 9.64741, ||u||_8 = 8.01585, ||u-u_n|| = 0.0007, ||u-u_n||/||u|| = 7e-05
[17:43:10]   ||p|| = 1537.61532, ||p||_8 = 1597.82507, ||p-p_n|| = 0.02258, ||p-p_n||/||p|| = 1e-05
[17:43:10]   ||T|| = 1.14167, ||T||_8 = 1.0, ||T-T_n|| = 2e-05, ||T-T_n||/||T|| = 2e-05
[17:43:38] Timestep 880 of 350000000:
[17:43:38]   Non-linearity u-P solved in 3 steps.
[17:43:38]   ||u|| = 9.6475, ||u||_8 = 8.01446, ||u-u_n|| = 0.00066, ||u-u_n||/||u|| = 7e-05
[17:43:38]   ||p|| = 1537.45552, ||p||_8 = 1597.71378, ||p-p_n|| = 0.02134, ||p-p_n||/||p|| = 1e-05
[17:43:38]   ||T|| = 1.14167, ||T||_8 = 1.0, ||T-T_n|| = 2e-05, ||T-T_n||/||T|| = 2e-05
[17:44:06] Timestep 890 of 350000000:
[17:44:06]   Non-linearity u-P solved in 3 steps.
[17:44:06]   ||u|| = 9.64757, ||u||_8 = 8.01315, ||u-u_n|| = 0.00062, ||u-u_n||/||u|| = 6e-05
[17:44:06]   ||p|| = 1537.30434, ||p||_8 = 1597.60857, ||p-p_n|| = 0.02016, ||p-p_n||/||p|| = 1e-05
[17:44:06]   ||T|| = 1.14167, ||T||_8 = 1.0, ||T-T_n|| = 2e-05, ||T-T_n||/||T|| = 1e-05
[17:44:34] Timestep 900 of 350000000:
[17:44:34]   Non-linearity u-P solved in 3 steps.
[17:44:34]   ||u|| = 9.64764, ||u||_8 = 8.0119, ||u-u_n|| = 0.00058, ||u-u_n||/||u|| = 6e-05
[17:44:34]   ||p|| = 1537.16136, ||p||_8 = 1597.50912, ||p-p_n|| = 0.01905, ||p-p_n||/||p|| = 1e-05
[17:44:34]   ||T|| = 1.14167, ||T||_8 = 1.0, ||T-T_n|| = 2e-05, ||T-T_n||/||T|| = 1e-05
[17:45:01] Timestep 910 of 350000000:
[17:45:01]   Non-linearity u-P solved in 3 steps.
[17:45:01]   ||u|| = 9.6477, ||u||_8 = 8.01072, ||u-u_n|| = 0.00055, ||u-u_n||/||u|| = 6e-05
[17:45:01]   ||p|| = 1537.02614, ||p||_8 = 1597.41513, ||p-p_n|| = 0.01799, ||p-p_n||/||p|| = 1e-05
[17:45:01]   ||T|| = 1.14167, ||T||_8 = 1.0, ||T-T_n|| = 1e-05, ||T-T_n||/||T|| = 1e-05
[17:45:29] Timestep 920 of 350000000:
[17:45:29]   Non-linearity u-P solved in 3 steps.
[17:45:29]   ||u|| = 9.64775, ||u||_8 = 8.0096, ||u-u_n|| = 0.00052, ||u-u_n||/||u|| = 5e-05
[17:45:29]   ||p|| = 1536.89827, ||p||_8 = 1597.32631, ||p-p_n|| = 0.017, ||p-p_n||/||p|| = 1e-05
[17:45:29]   ||T|| = 1.14167, ||T||_8 = 1.0, ||T-T_n|| = 1e-05, ||T-T_n||/||T|| = 1e-05
[17:45:57] Timestep 930 of 350000000:
[17:45:57]   Non-linearity u-P solved in 3 steps.
[17:45:57]   ||u|| = 9.6478, ||u||_8 = 8.00854, ||u-u_n|| = 0.00049, ||u-u_n||/||u|| = 5e-05
[17:45:57]   ||p|| = 1536.77736, ||p||_8 = 1597.2424, ||p-p_n|| = 0.01606, ||p-p_n||/||p|| = 1e-05
[17:45:57]   ||T|| = 1.14167, ||T||_8 = 1.0, ||T-T_n|| = 1e-05, ||T-T_n||/||T|| = 1e-05
[17:46:25] Timestep 940 of 350000000:
[17:46:25]   Non-linearity u-P solved in 3 steps.
[17:46:25]   ||u|| = 9.64784, ||u||_8 = 8.00753, ||u-u_n|| = 0.00046, ||u-u_n||/||u|| = 5e-05
[17:46:25]   ||p|| = 1536.66305, ||p||_8 = 1597.16312, ||p-p_n|| = 0.01517, ||p-p_n||/||p|| = 1e-05
[17:46:25]   ||T|| = 1.14167, ||T||_8 = 1.0, ||T-T_n|| = 1e-05, ||T-T_n||/||T|| = 1e-05
[17:46:52] Timestep 950 of 350000000:
[17:46:52]   Non-linearity u-P solved in 3 steps.
[17:46:52]   ||u|| = 9.64788, ||u||_8 = 8.00658, ||u-u_n|| = 0.00043, ||u-u_n||/||u|| = 5e-05
[17:46:52]   ||p|| = 1536.55497, ||p||_8 = 1597.08823, ||p-p_n|| = 0.01433, ||p-p_n||/||p|| = 1e-05
[17:46:52]   ||T|| = 1.14167, ||T||_8 = 1.0, ||T-T_n|| = 1e-05, ||T-T_n||/||T|| = 1e-05
[17:47:20] Timestep 960 of 350000000:
[17:47:20]   Non-linearity u-P solved in 3 steps.
[17:47:20]   ||u|| = 9.64791, ||u||_8 = 8.00567, ||u-u_n|| = 0.00041, ||u-u_n||/||u|| = 4e-05
[17:47:20]   ||p|| = 1536.45278, ||p||_8 = 1597.01749, ||p-p_n|| = 0.01353, ||p-p_n||/||p|| = 1e-05
[17:47:20]   ||T|| = 1.14167, ||T||_8 = 1.0, ||T-T_n|| = 1e-05, ||T-T_n||/||T|| = 1e-05
[17:47:48] Timestep 970 of 350000000:
[17:47:48]   Non-linearity u-P solved in 3 steps.
[17:47:48]   ||u|| = 9.64794, ||u||_8 = 8.00482, ||u-u_n|| = 0.00039, ||u-u_n||/||u|| = 4e-05
[17:47:48]   ||p|| = 1536.35618, ||p||_8 = 1596.95068, ||p-p_n|| = 0.01278, ||p-p_n||/||p|| = 1e-05
[17:47:48]   ||T|| = 1.14166, ||T||_8 = 1.0, ||T-T_n|| = 1e-05, ||T-T_n||/||T|| = 1e-05
[17:48:16] Timestep 980 of 350000000:
[17:48:16]   Non-linearity u-P solved in 3 steps.
[17:48:16]   ||u|| = 9.64797, ||u||_8 = 8.00401, ||u-u_n|| = 0.00036, ||u-u_n||/||u|| = 4e-05
[17:48:16]   ||p|| = 1536.26485, ||p||_8 = 1596.88759, ||p-p_n|| = 0.01208, ||p-p_n||/||p|| = 1e-05
[17:48:16]   ||T|| = 1.14166, ||T||_8 = 1.0, ||T-T_n|| = 1e-05, ||T-T_n||/||T|| = 1e-05
[17:48:44] Timestep 990 of 350000000:
[17:48:44]   Non-linearity u-P solved in 3 steps.
[17:48:44]   ||u|| = 9.64799, ||u||_8 = 8.00324, ||u-u_n|| = 0.00034, ||u-u_n||/||u|| = 4e-05
[17:48:44]   ||p|| = 1536.1785, ||p||_8 = 1596.828, ||p-p_n|| = 0.01141, ||p-p_n||/||p|| = 1e-05
[17:48:44]   ||T|| = 1.14166, ||T||_8 = 1.0, ||T-T_n|| = 1e-05, ||T-T_n||/||T|| = 1e-05
[17:49:12] Timestep 1000 of 350000000:
[17:49:12]   Non-linearity u-P solved in 3 steps.
[17:49:12]   ||u|| = 9.64801, ||u||_8 = 8.00251, ||u-u_n|| = 0.00032, ||u-u_n||/||u|| = 3e-05
[17:49:12]   ||p|| = 1536.09687, ||p||_8 = 1596.77173, ||p-p_n|| = 0.01077, ||p-p_n||/||p|| = 1e-05
[17:49:12]   ||T|| = 1.14166, ||T||_8 = 1.0, ||T-T_n|| = 1e-05, ||T-T_n||/||T|| = 1e-05
[17:49:35] Timestep 1010 of 350000000:
[17:49:35]   Non-linearity u-P solved in 2 steps.
[17:49:35]   ||u|| = 9.64803, ||u||_8 = 8.00182, ||u-u_n|| = 0.0003, ||u-u_n||/||u|| = 3e-05
[17:49:35]   ||p|| = 1536.0197, ||p||_8 = 1596.71859, ||p-p_n|| = 0.01018, ||p-p_n||/||p|| = 1e-05
[17:49:35]   ||T|| = 1.14166, ||T||_8 = 1.0, ||T-T_n|| = 1e-05, ||T-T_n||/||T|| = 1e-05
[17:49:56] Timestep 1020 of 350000000:
[17:49:56]   Non-linearity u-P solved in 2 steps.
[17:49:56]   ||u|| = 9.64805, ||u||_8 = 8.00117, ||u-u_n|| = 0.00029, ||u-u_n||/||u|| = 3e-05
[17:49:56]   ||p|| = 1535.94675, ||p||_8 = 1596.66843, ||p-p_n|| = 0.00961, ||p-p_n||/||p|| = 1e-05
[17:49:56]   ||T|| = 1.14166, ||T||_8 = 1.0, ||T-T_n|| = 1e-05, ||T-T_n||/||T|| = 1e-05
[17:50:17] Timestep 1030 of 350000000:
[17:50:17]   Non-linearity u-P solved in 2 steps.
[17:50:17]   ||u|| = 9.64806, ||u||_8 = 8.00055, ||u-u_n|| = 0.00027, ||u-u_n||/||u|| = 3e-05
[17:50:17]   ||p|| = 1535.87777, ||p||_8 = 1596.62106, ||p-p_n|| = 0.00908, ||p-p_n||/||p|| = 1e-05
[17:50:17]   ||T|| = 1.14166, ||T||_8 = 1.0, ||T-T_n|| = 1e-05, ||T-T_n||/||T|| = 1e-05
[17:50:38] Timestep 1040 of 350000000:
[17:50:38]   Non-linearity u-P solved in 2 steps.
[17:50:38]   ||u|| = 9.64807, ||u||_8 = 7.99997, ||u-u_n|| = 0.00026, ||u-u_n||/||u|| = 3e-05
[17:50:38]   ||p|| = 1535.81254, ||p||_8 = 1596.57633, ||p-p_n|| = 0.00858, ||p-p_n||/||p|| = 1e-05
[17:50:38]   ||T|| = 1.14166, ||T||_8 = 1.0, ||T-T_n|| = 1e-05, ||T-T_n||/||T|| = 1e-05
[17:50:59] Timestep 1050 of 350000000:
[17:50:59]   Non-linearity u-P solved in 2 steps.
[17:50:59]   ||u|| = 9.64809, ||u||_8 = 7.99941, ||u-u_n|| = 0.00024, ||u-u_n||/||u|| = 2e-05
[17:50:59]   ||p|| = 1535.75086, ||p||_8 = 1596.5341, ||p-p_n|| = 0.00811, ||p-p_n||/||p|| = 1e-05
[17:50:59]   ||T|| = 1.14166, ||T||_8 = 1.0, ||T-T_n|| = 1e-05, ||T-T_n||/||T|| = 1e-05
[17:51:20] Timestep 1060 of 350000000:
[17:51:20]   Non-linearity u-P solved in 2 steps.
[17:51:20]   ||u|| = 9.6481, ||u||_8 = 7.99888, ||u-u_n|| = 0.00023, ||u-u_n||/||u|| = 2e-05
[17:51:20]   ||p|| = 1535.69253, ||p||_8 = 1596.51025, ||p-p_n|| = 0.00766, ||p-p_n||/||p|| = 0.0
[17:51:20]   ||T|| = 1.14166, ||T||_8 = 1.0, ||T-T_n|| = 1e-05, ||T-T_n||/||T|| = 1e-05
[17:51:41] Timestep 1070 of 350000000:
[17:51:41]   Non-linearity u-P solved in 2 steps.
[17:51:41]   ||u|| = 9.64811, ||u||_8 = 7.99839, ||u-u_n|| = 0.00021, ||u-u_n||/||u|| = 2e-05
[17:51:41]   ||p|| = 1535.63736, ||p||_8 = 1596.49803, ||p-p_n|| = 0.00724, ||p-p_n||/||p|| = 0.0
[17:51:41]   ||T|| = 1.14166, ||T||_8 = 1.0, ||T-T_n|| = 1e-05, ||T-T_n||/||T|| = 0.0
[17:52:02] Timestep 1080 of 350000000:
[17:52:02]   Non-linearity u-P solved in 2 steps.
[17:52:02]   ||u|| = 9.64811, ||u||_8 = 7.99791, ||u-u_n|| = 0.0002, ||u-u_n||/||u|| = 2e-05
[17:52:02]   ||p|| = 1535.58519, ||p||_8 = 1596.48638, ||p-p_n|| = 0.00684, ||p-p_n||/||p|| = 0.0
[17:52:02]   ||T|| = 1.14166, ||T||_8 = 1.0, ||T-T_n|| = 1e-05, ||T-T_n||/||T|| = 0.0
[17:52:23] Timestep 1090 of 350000000:
[17:52:23]   Non-linearity u-P solved in 2 steps.
[17:52:23]   ||u|| = 9.64812, ||u||_8 = 7.99747, ||u-u_n|| = 0.00019, ||u-u_n||/||u|| = 2e-05
[17:52:23]   ||p|| = 1535.53584, ||p||_8 = 1596.47527, ||p-p_n|| = 0.00646, ||p-p_n||/||p|| = 0.0
[17:52:23]   ||T|| = 1.14166, ||T||_8 = 1.0, ||T-T_n|| = 0.0, ||T-T_n||/||T|| = 0.0
[17:52:43] Timestep 1100 of 350000000:
[17:52:43]   Non-linearity u-P solved in 2 steps.
[17:52:43]   ||u|| = 9.64813, ||u||_8 = 7.99704, ||u-u_n|| = 0.00018, ||u-u_n||/||u|| = 2e-05
[17:52:43]   ||p|| = 1535.48916, ||p||_8 = 1596.46467, ||p-p_n|| = 0.00611, ||p-p_n||/||p|| = 0.0
[17:52:43]   ||T|| = 1.14166, ||T||_8 = 1.0, ||T-T_n|| = 0.0, ||T-T_n||/||T|| = 0.0
[17:53:05] Timestep 1110 of 350000000:
[17:53:05]   Non-linearity u-P solved in 2 steps.
[17:53:05]   ||u|| = 9.64813, ||u||_8 = 7.99664, ||u-u_n|| = 0.00017, ||u-u_n||/||u|| = 2e-05
[17:53:05]   ||p|| = 1535.44499, ||p||_8 = 1596.45457, ||p-p_n|| = 0.00577, ||p-p_n||/||p|| = 0.0
[17:53:05]   ||T|| = 1.14166, ||T||_8 = 1.0, ||T-T_n|| = 0.0, ||T-T_n||/||T|| = 0.0
[17:53:26] Timestep 1120 of 350000000:
[17:53:26]   Non-linearity u-P solved in 2 steps.
[17:53:26]   ||u|| = 9.64814, ||u||_8 = 7.99626, ||u-u_n|| = 0.00016, ||u-u_n||/||u|| = 2e-05
[17:53:26]   ||p|| = 1535.40321, ||p||_8 = 1596.44492, ||p-p_n|| = 0.00546, ||p-p_n||/||p|| = 0.0
[17:53:26]   ||T|| = 1.14166, ||T||_8 = 1.0, ||T-T_n|| = 0.0, ||T-T_n||/||T|| = 0.0
[17:53:46] Timestep 1130 of 350000000:
[17:53:46]   Non-linearity u-P solved in 2 steps.
[17:53:46]   ||u|| = 9.64814, ||u||_8 = 7.9959, ||u-u_n|| = 0.00015, ||u-u_n||/||u|| = 2e-05
[17:53:46]   ||p|| = 1535.36367, ||p||_8 = 1596.43572, ||p-p_n|| = 0.00516, ||p-p_n||/||p|| = 0.0
[17:53:46]   ||T|| = 1.14166, ||T||_8 = 1.0, ||T-T_n|| = 0.0, ||T-T_n||/||T|| = 0.0
[17:54:07] Timestep 1140 of 350000000:
[17:54:07]   Non-linearity u-P solved in 2 steps.
[17:54:07]   ||u|| = 9.64815, ||u||_8 = 7.99556, ||u-u_n|| = 0.00014, ||u-u_n||/||u|| = 1e-05
[17:54:07]   ||p|| = 1535.32625, ||p||_8 = 1596.42694, ||p-p_n|| = 0.00488, ||p-p_n||/||p|| = 0.0
[17:54:07]   ||T|| = 1.14166, ||T||_8 = 1.0, ||T-T_n|| = 0.0, ||T-T_n||/||T|| = 0.0
[17:54:28] Timestep 1150 of 350000000:
[17:54:28]   Non-linearity u-P solved in 2 steps.
[17:54:28]   ||u|| = 9.64815, ||u||_8 = 7.99523, ||u-u_n|| = 0.00013, ||u-u_n||/||u|| = 1e-05
[17:54:28]   ||p|| = 1535.29083, ||p||_8 = 1596.41855, ||p-p_n|| = 0.00461, ||p-p_n||/||p|| = 0.0
[17:54:28]   ||T|| = 1.14166, ||T||_8 = 1.0, ||T-T_n|| = 0.0, ||T-T_n||/||T|| = 0.0
[17:54:49] Timestep 1160 of 350000000:
[17:54:49]   Non-linearity u-P solved in 2 steps.
[17:54:49]   ||u|| = 9.64816, ||u||_8 = 7.99492, ||u-u_n|| = 0.00013, ||u-u_n||/||u|| = 1e-05
[17:54:49]   ||p|| = 1535.25731, ||p||_8 = 1596.41055, ||p-p_n|| = 0.00436, ||p-p_n||/||p|| = 0.0
[17:54:49]   ||T|| = 1.14166, ||T||_8 = 1.0, ||T-T_n|| = 0.0, ||T-T_n||/||T|| = 0.0
[17:55:10] Timestep 1170 of 350000000:
[17:55:10]   Non-linearity u-P solved in 2 steps.
[17:55:10]   ||u|| = 9.64816, ||u||_8 = 7.99463, ||u-u_n|| = 0.00012, ||u-u_n||/||u|| = 1e-05
[17:55:10]   ||p|| = 1535.22557, ||p||_8 = 1596.40289, ||p-p_n|| = 0.00413, ||p-p_n||/||p|| = 0.0
[17:55:10]   ||T|| = 1.14166, ||T||_8 = 1.0, ||T-T_n|| = 0.0, ||T-T_n||/||T|| = 0.0
[17:55:31] Timestep 1180 of 350000000:
[17:55:31]   Non-linearity u-P solved in 2 steps.
[17:55:31]   ||u|| = 9.64816, ||u||_8 = 7.99436, ||u-u_n|| = 0.00011, ||u-u_n||/||u|| = 1e-05
[17:55:31]   ||p|| = 1535.19551, ||p||_8 = 1596.39558, ||p-p_n|| = 0.0039, ||p-p_n||/||p|| = 0.0
[17:55:31]   ||T|| = 1.14166, ||T||_8 = 1.0, ||T-T_n|| = 0.0, ||T-T_n||/||T|| = 0.0
[17:55:52] Timestep 1190 of 350000000:
[17:55:52]   Non-linearity u-P solved in 2 steps.
[17:55:52]   ||u|| = 9.64816, ||u||_8 = 7.99409, ||u-u_n|| = 0.00011, ||u-u_n||/||u|| = 1e-05
[17:55:52]   ||p|| = 1535.16704, ||p||_8 = 1596.38859, ||p-p_n|| = 0.00369, ||p-p_n||/||p|| = 0.0
[17:55:52]   ||T|| = 1.14166, ||T||_8 = 1.0, ||T-T_n|| = 0.0, ||T-T_n||/||T|| = 0.0
[17:56:13] Timestep 1200 of 350000000:
[17:56:13]   Non-linearity u-P solved in 2 steps.
[17:56:13]   ||u|| = 9.64817, ||u||_8 = 7.99384, ||u-u_n|| = 0.0001, ||u-u_n||/||u|| = 1e-05
[17:56:13]   ||p|| = 1535.14008, ||p||_8 = 1596.38191, ||p-p_n|| = 0.0035, ||p-p_n||/||p|| = 0.0
[17:56:13]   ||T|| = 1.14166, ||T||_8 = 1.0, ||T-T_n|| = 0.0, ||T-T_n||/||T|| = 0.0
[17:56:27] Stopping simulation: all variables reached desired precision.
[17:56:27] Simulation stopped at 2021-05-04 17:56:27.940314, after 1208 steps (2949 seconds).
[17:56:27] Plotting Velocity...
[17:56:29] Plotting Velocity X-component...
[17:56:30] Plotting Velocity Y-component...
[17:56:32] Plotting Pressure...
[17:56:33] Plotting Temperature...
[17:56:35] Plotting Salinity...
[17:56:36] Plotting Mesh...
