[16:52:09] BCs were only given for V, Q, T spaces.
[16:52:09] BCs - Boundary right, space V[0] (marker 1), value 0
[16:52:09] BCs - Boundary right, space V[1] (marker 1), value 0
[16:52:09] BCs - Boundary bottom, space V[0] (marker 2), value 0
[16:52:09] BCs - Boundary bottom, space V[1] (marker 2), value 0
[16:52:09] BCs - Boundary left, space V[0] (marker 3), value 0
[16:52:09] BCs - Boundary left, space V[1] (marker 3), value 0
[16:52:09] BCs - Boundary top, space V[0] (marker 4), value 0
[16:52:09] BCs - Boundary top, space V[1] (marker 4), value 0
[16:52:09] BCs - Point (1, 1), space Q, value 0
[16:52:09] BCs - Boundary right, space T (marker 1), value 1
[16:52:09] BCs - Boundary left, space T (marker 3), value 0
[16:52:09] Initialized simulation.
[16:52:09] Running parameters:
{'final_time': 10000000000, 'steps_n': 100, 'simulation_precision': -5, 'degree_V': 2, 'degree_P': 1, 'degree_T': 1, 'degree_S': 1, 'convert_from_ms_to_kmh': False, 'g': 1, 'nu': [1], 'alpha': [1], 'rho_0': 1, 'beta': 10000.0, 'gamma': 0, 'T_0': 0, 'S_0': 35, 'domain': 'square', 'domain_size_x': 2, 'domain_size_y': 1, 'shelf_size_x': 0.7, 'shelf_size_y': 0.1, 'mesh_resolution': 15, 'mesh_resolution_x': 20, 'mesh_resolution_y': 10, 'mesh_resolution_sea_y': 1, 'very_verbose': False, 'store_solutions': True, 'label': '', 'max_iter': 0, 'non_linear_max_iter': 30, 'stabilization': False, 'delta0': 1, 'tau0': 35, 'BCs': {'V': {'right': [0, 0], 'bottom': [0, 0], 'left': [0, 0], 'top': [0, 0]}, 'Q': {'(1,1)': 0}, 'T': {'right': 1, 'left': 0}}, 'config_file': 'feffi/config/buoyancy-driven-cavity.yml', 'plot_path': '/home/stot2794/git/fenics-phd/plots/BDC_10000'}
[16:52:09] Running full simulation; started at 2021-05-04 16:52:09.800035
[16:52:10] Timestep 0 of 1000000000000:
[16:52:10]   Non-linearity u-P solved in 1 steps.
[16:52:10]   ||u|| = 0.0, ||u||_8 = 0.0, ||u-u_n|| = 0.0, ||u-u_n||/||u|| = 0
[16:52:10]   ||p|| = 0.57735, ||p||_8 = 1.0, ||p-p_n|| = 0.57735, ||p-p_n||/||p|| = 1.0
[16:52:10]   ||T|| = 0.22963, ||T||_8 = 1.0, ||T-T_n|| = 0.22963, ||T-T_n||/||T|| = 1.0
[16:52:22] Timestep 10 of 1000000000000:
[16:52:22]   Non-linearity u-P solved in 5 steps.
[16:52:22]   ||u|| = 11.68772, ||u||_8 = 22.55443, ||u-u_n|| = 0.45484, ||u-u_n||/||u|| = 0.03892
[16:52:22]   ||p|| = 3445.27254, ||p||_8 = 5505.49159, ||p-p_n|| = 88.98082, ||p-p_n||/||p|| = 0.02583
[16:52:22]   ||T|| = 0.48059, ||T||_8 = 1.0, ||T-T_n|| = 0.01672, ||T-T_n||/||T|| = 0.0348
[16:52:32] Timestep 20 of 1000000000000:
[16:52:32]   Non-linearity u-P solved in 5 steps.
[16:52:32]   ||u|| = 11.52898, ||u||_8 = 20.32564, ||u-u_n|| = 0.07148, ||u-u_n||/||u|| = 0.0062
[16:52:32]   ||p|| = 3874.28748, ||p||_8 = 6343.81262, ||p-p_n|| = 21.57222, ||p-p_n||/||p|| = 0.00557
[16:52:32]   ||T|| = 0.54463, ||T||_8 = 1.0, ||T-T_n|| = 0.00394, ||T-T_n||/||T|| = 0.00723
[16:52:42] Timestep 30 of 1000000000000:
[16:52:42]   Non-linearity u-P solved in 4 steps.
[16:52:42]   ||u|| = 11.5325, ||u||_8 = 19.88903, ||u-u_n|| = 0.01686, ||u-u_n||/||u|| = 0.00146
[16:52:42]   ||p|| = 3973.13264, ||p||_8 = 6536.6306, ||p-p_n|| = 5.10883, ||p-p_n||/||p|| = 0.00129
[16:52:42]   ||T|| = 0.56022, ||T||_8 = 1.0, ||T-T_n|| = 0.00093, ||T-T_n||/||T|| = 0.00166
[16:52:51] Timestep 40 of 1000000000000:
[16:52:51]   Non-linearity u-P solved in 4 steps.
[16:52:51]   ||u|| = 11.5334, ||u||_8 = 19.79791, ||u-u_n|| = 0.00397, ||u-u_n||/||u|| = 0.00034
[16:52:51]   ||p|| = 3996.45387, ||p||_8 = 6581.84449, ||p-p_n|| = 1.20341, ||p-p_n||/||p|| = 0.0003
[16:52:51]   ||T|| = 0.56393, ||T||_8 = 1.0, ||T-T_n|| = 0.00022, ||T-T_n||/||T|| = 0.00039
[16:52:58] Timestep 50 of 1000000000000:
[16:52:58]   Non-linearity u-P solved in 3 steps.
[16:52:58]   ||u|| = 11.53347, ||u||_8 = 19.77612, ||u-u_n|| = 0.00094, ||u-u_n||/||u|| = 8e-05
[16:52:58]   ||p|| = 4001.94959, ||p||_8 = 6592.47942, ||p-p_n|| = 0.28346, ||p-p_n||/||p|| = 7e-05
[16:52:58]   ||T|| = 0.56481, ||T||_8 = 1.0, ||T-T_n|| = 5e-05, ||T-T_n||/||T|| = 9e-05
[16:53:06] Timestep 60 of 1000000000000:
[16:53:06]   Non-linearity u-P solved in 3 steps.
[16:53:06]   ||u|| = 11.53347, ||u||_8 = 19.77096, ||u-u_n|| = 0.00022, ||u-u_n||/||u|| = 2e-05
[16:53:06]   ||p|| = 4003.24433, ||p||_8 = 6594.98361, ||p-p_n|| = 0.06678, ||p-p_n||/||p|| = 2e-05
[16:53:06]   ||T|| = 0.56502, ||T||_8 = 1.0, ||T-T_n|| = 1e-05, ||T-T_n||/||T|| = 2e-05
[16:53:09] Stopping simulation: all variables reached desired precision.
[16:53:09] Simulation stopped at 2021-05-04 16:53:09.613879, after 67 steps (60 seconds).
[16:53:09] Plotting Velocity...
[16:53:11] Plotting Velocity X-component...
[16:53:12] Plotting Velocity Y-component...
[16:53:13] Plotting Pressure...
[16:53:15] Plotting Temperature...
[16:53:16] Plotting Salinity...
[16:53:17] Plotting Mesh...
