[15:50:57] BCs were only given for V, Q spaces.
[15:50:57] BCs - Boundary right, space V[0] (marker 1), value 0
[15:50:57] BCs - Boundary right, space V[1] (marker 1), value 0
[15:50:57] BCs - Boundary bottom, space V[0] (marker 2), value 0
[15:50:57] BCs - Boundary bottom, space V[1] (marker 2), value 0
[15:50:57] BCs - Boundary left, space V[0] (marker 3), value 0
[15:50:57] BCs - Boundary left, space V[1] (marker 3), value 0
[15:50:57] BCs - Boundary top, space V[0] (marker 4), value 1
[15:50:57] BCs - Boundary top, space V[1] (marker 4), value 0
[15:50:57] BCs - Point (0, 0), space Q, value 0
[15:50:57] ## Running lid driven benchmark with parameters 
{'final_time': 10000000000, 'steps_n': 10, 'simulation_precision': -5, 'degree_V': 2, 'degree_P': 1, 'degree_T': 1, 'degree_S': 1, 'convert_from_ms_to_kmh': False, 'g': 0, 'nu': [0.0005], 'alpha': [1], 'rho_0': 1, 'beta': 0, 'gamma': 0, 'T_0': 1, 'S_0': 35, 'domain': 'square', 'domain_size_x': 2, 'domain_size_y': 1, 'shelf_size_x': 0.7, 'shelf_size_y': 0.1, 'mesh_resolution': 25, 'mesh_resolution_x': 20, 'mesh_resolution_y': 10, 'mesh_resolution_sea_y': 1, 'very_verbose': False, 'store_solutions': True, 'label': '', 'max_iter': 5000, 'non_linear_max_iter': 30, 'stabilization': False, 'delta0': 1, 'tau0': 35, 'BCs': {'V': {'right': [0, 0], 'bottom': [0, 0], 'left': [0, 0], 'top': [1, 0]}, 'Q': {'(0,0)': 0}}, 'config_file': 'feffi/config/lid-driven-cavity.yml', 'plot_path': '/home/stot2794/git/fenics-phd/plots/LDC_5e-4'} ##
[15:50:57] Initialized simulation.
[15:50:57] Running parameters:
{'final_time': 10000000000, 'steps_n': 10, 'simulation_precision': -5, 'degree_V': 2, 'degree_P': 1, 'degree_T': 1, 'degree_S': 1, 'convert_from_ms_to_kmh': False, 'g': 0, 'nu': [0.0005], 'alpha': [1], 'rho_0': 1, 'beta': 0, 'gamma': 0, 'T_0': 1, 'S_0': 35, 'domain': 'square', 'domain_size_x': 2, 'domain_size_y': 1, 'shelf_size_x': 0.7, 'shelf_size_y': 0.1, 'mesh_resolution': 25, 'mesh_resolution_x': 20, 'mesh_resolution_y': 10, 'mesh_resolution_sea_y': 1, 'very_verbose': False, 'store_solutions': True, 'label': '', 'max_iter': 5000, 'non_linear_max_iter': 30, 'stabilization': False, 'delta0': 1, 'tau0': 35, 'BCs': {'V': {'right': [0, 0], 'bottom': [0, 0], 'left': [0, 0], 'top': [1, 0]}, 'Q': {'(0,0)': 0}}, 'config_file': 'feffi/config/lid-driven-cavity.yml', 'plot_path': '/home/stot2794/git/fenics-phd/plots/LDC_5e-4'}
[15:50:57] Running full simulation; started at 2021-05-04 15:50:57.651536
[15:50:59] Timestep 0 of 100000000000:
[15:50:59]   Non-linearity u-P solved in 4 steps.
[15:50:59]   ||u|| = 0.07305, ||u||_8 = 1.0, ||u-u_n|| = 0.07305, ||u-u_n||/||u|| = 1.0
[15:50:59]   ||p|| = 0.00606, ||p||_8 = 0.03994, ||p-p_n|| = 0.00606, ||p-p_n||/||p|| = 1.0
[15:51:24] Timestep 10 of 100000000000:
[15:51:24]   Non-linearity u-P solved in 6 steps.
[15:51:24]   ||u|| = 0.11401, ||u||_8 = 1.0, ||u-u_n|| = 0.00561, ||u-u_n||/||u|| = 0.04917
[15:51:24]   ||p|| = 0.00787, ||p||_8 = 0.36461, ||p-p_n|| = 0.00108, ||p-p_n||/||p|| = 0.13755
[15:51:46] Timestep 20 of 100000000000:
[15:51:46]   Non-linearity u-P solved in 5 steps.
[15:51:46]   ||u|| = 0.12945, ||u||_8 = 1.0, ||u-u_n|| = 0.00493, ||u-u_n||/||u|| = 0.03807
[15:51:46]   ||p|| = 0.01185, ||p||_8 = 0.43581, ||p-p_n|| = 0.00079, ||p-p_n||/||p|| = 0.06685
[15:52:06] Timestep 30 of 100000000000:
[15:52:06]   Non-linearity u-P solved in 4 steps.
[15:52:06]   ||u|| = 0.13862, ||u||_8 = 1.0, ||u-u_n|| = 0.0044, ||u-u_n||/||u|| = 0.03172
[15:52:06]   ||p|| = 0.01404, ||p||_8 = 0.4466, ||p-p_n|| = 0.00063, ||p-p_n||/||p|| = 0.0448
[15:52:23] Timestep 40 of 100000000000:
[15:52:23]   Non-linearity u-P solved in 4 steps.
[15:52:23]   ||u|| = 0.14629, ||u||_8 = 1.0, ||u-u_n|| = 0.00387, ||u-u_n||/||u|| = 0.02646
[15:52:23]   ||p|| = 0.01555, ||p||_8 = 0.44892, ||p-p_n|| = 0.00052, ||p-p_n||/||p|| = 0.0336
[15:52:40] Timestep 50 of 100000000000:
[15:52:40]   Non-linearity u-P solved in 4 steps.
[15:52:40]   ||u|| = 0.15316, ||u||_8 = 1.0, ||u-u_n|| = 0.00341, ||u-u_n||/||u|| = 0.02229
[15:52:40]   ||p|| = 0.01683, ||p||_8 = 0.45056, ||p-p_n|| = 0.00044, ||p-p_n||/||p|| = 0.02601
[15:52:57] Timestep 60 of 100000000000:
[15:52:57]   Non-linearity u-P solved in 4 steps.
[15:52:57]   ||u|| = 0.15946, ||u||_8 = 1.0, ||u-u_n|| = 0.00302, ||u-u_n||/||u|| = 0.01896
[15:52:57]   ||p|| = 0.01798, ||p||_8 = 0.45235, ||p-p_n|| = 0.00037, ||p-p_n||/||p|| = 0.02068
[15:53:14] Timestep 70 of 100000000000:
[15:53:14]   Non-linearity u-P solved in 4 steps.
[15:53:14]   ||u|| = 0.16528, ||u||_8 = 1.0, ||u-u_n|| = 0.0027, ||u-u_n||/||u|| = 0.01634
[15:53:14]   ||p|| = 0.01905, ||p||_8 = 0.45389, ||p-p_n|| = 0.00033, ||p-p_n||/||p|| = 0.01707
[15:53:29] Timestep 80 of 100000000000:
[15:53:29]   Non-linearity u-P solved in 3 steps.
[15:53:29]   ||u|| = 0.17073, ||u||_8 = 1.0, ||u-u_n|| = 0.00244, ||u-u_n||/||u|| = 0.01431
[15:53:29]   ||p|| = 0.02006, ||p||_8 = 0.45508, ||p-p_n|| = 0.00029, ||p-p_n||/||p|| = 0.0146
[15:53:43] Timestep 90 of 100000000000:
[15:53:43]   Non-linearity u-P solved in 3 steps.
[15:53:43]   ||u|| = 0.17584, ||u||_8 = 1.0, ||u-u_n|| = 0.00224, ||u-u_n||/||u|| = 0.01272
[15:53:43]   ||p|| = 0.02101, ||p||_8 = 0.45596, ||p-p_n|| = 0.00027, ||p-p_n||/||p|| = 0.01276
[15:53:57] Timestep 100 of 100000000000:
[15:53:57]   Non-linearity u-P solved in 3 steps.
[15:53:57]   ||u|| = 0.18068, ||u||_8 = 1.0, ||u-u_n|| = 0.00205, ||u-u_n||/||u|| = 0.01136
[15:53:57]   ||p|| = 0.02192, ||p||_8 = 0.45688, ||p-p_n|| = 0.00025, ||p-p_n||/||p|| = 0.01119
[15:54:10] Timestep 110 of 100000000000:
[15:54:10]   Non-linearity u-P solved in 3 steps.
[15:54:10]   ||u|| = 0.18527, ||u||_8 = 1.0, ||u-u_n|| = 0.00188, ||u-u_n||/||u|| = 0.01013
[15:54:10]   ||p|| = 0.02279, ||p||_8 = 0.45789, ||p-p_n|| = 0.00022, ||p-p_n||/||p|| = 0.00974
[15:54:24] Timestep 120 of 100000000000:
[15:54:24]   Non-linearity u-P solved in 3 steps.
[15:54:24]   ||u|| = 0.18965, ||u||_8 = 1.0, ||u-u_n|| = 0.00171, ||u-u_n||/||u|| = 0.009
[15:54:24]   ||p|| = 0.02364, ||p||_8 = 0.45895, ||p-p_n|| = 0.0002, ||p-p_n||/||p|| = 0.00843
[15:54:37] Timestep 130 of 100000000000:
[15:54:37]   Non-linearity u-P solved in 3 steps.
[15:54:37]   ||u|| = 0.19383, ||u||_8 = 1.0, ||u-u_n|| = 0.00155, ||u-u_n||/||u|| = 0.00798
[15:54:37]   ||p|| = 0.02448, ||p||_8 = 0.46, ||p-p_n|| = 0.00018, ||p-p_n||/||p|| = 0.00735
[15:54:51] Timestep 140 of 100000000000:
[15:54:51]   Non-linearity u-P solved in 3 steps.
[15:54:51]   ||u|| = 0.19784, ||u||_8 = 1.0, ||u-u_n|| = 0.0014, ||u-u_n||/||u|| = 0.00709
[15:54:51]   ||p|| = 0.02534, ||p||_8 = 0.46098, ||p-p_n|| = 0.00017, ||p-p_n||/||p|| = 0.00653
[15:55:04] Timestep 150 of 100000000000:
[15:55:04]   Non-linearity u-P solved in 3 steps.
[15:55:04]   ||u|| = 0.20169, ||u||_8 = 1.0, ||u-u_n|| = 0.00128, ||u-u_n||/||u|| = 0.00633
[15:55:04]   ||p|| = 0.02622, ||p||_8 = 0.46186, ||p-p_n|| = 0.00016, ||p-p_n||/||p|| = 0.00593
[15:55:18] Timestep 160 of 100000000000:
[15:55:18]   Non-linearity u-P solved in 3 steps.
[15:55:18]   ||u|| = 0.20539, ||u||_8 = 1.0, ||u-u_n|| = 0.00117, ||u-u_n||/||u|| = 0.00568
[15:55:18]   ||p|| = 0.0271, ||p||_8 = 0.46268, ||p-p_n|| = 0.00015, ||p-p_n||/||p|| = 0.00544
[15:55:31] Timestep 170 of 100000000000:
[15:55:31]   Non-linearity u-P solved in 3 steps.
[15:55:31]   ||u|| = 0.20895, ||u||_8 = 1.0, ||u-u_n|| = 0.00107, ||u-u_n||/||u|| = 0.00513
[15:55:31]   ||p|| = 0.02799, ||p||_8 = 0.46344, ||p-p_n|| = 0.00014, ||p-p_n||/||p|| = 0.00501
[15:55:44] Timestep 180 of 100000000000:
[15:55:44]   Non-linearity u-P solved in 3 steps.
[15:55:44]   ||u|| = 0.21235, ||u||_8 = 1.0, ||u-u_n|| = 0.00099, ||u-u_n||/||u|| = 0.00465
[15:55:44]   ||p|| = 0.02885, ||p||_8 = 0.4642, ||p-p_n|| = 0.00013, ||p-p_n||/||p|| = 0.0046
[15:55:58] Timestep 190 of 100000000000:
[15:55:58]   Non-linearity u-P solved in 3 steps.
[15:55:58]   ||u|| = 0.2156, ||u||_8 = 1.0, ||u-u_n|| = 0.00091, ||u-u_n||/||u|| = 0.00422
[15:55:58]   ||p|| = 0.02969, ||p||_8 = 0.46498, ||p-p_n|| = 0.00013, ||p-p_n||/||p|| = 0.00424
[15:56:12] Timestep 200 of 100000000000:
[15:56:12]   Non-linearity u-P solved in 3 steps.
[15:56:12]   ||u|| = 0.21868, ||u||_8 = 1.0, ||u-u_n|| = 0.00084, ||u-u_n||/||u|| = 0.00382
[15:56:12]   ||p|| = 0.0305, ||p||_8 = 0.4658, ||p-p_n|| = 0.00012, ||p-p_n||/||p|| = 0.00389
[15:56:25] Timestep 210 of 100000000000:
[15:56:25]   Non-linearity u-P solved in 3 steps.
[15:56:25]   ||u|| = 0.22159, ||u||_8 = 1.0, ||u-u_n|| = 0.00076, ||u-u_n||/||u|| = 0.00344
[15:56:25]   ||p|| = 0.0313, ||p||_8 = 0.46666, ||p-p_n|| = 0.00011, ||p-p_n||/||p|| = 0.00357
[15:56:39] Timestep 220 of 100000000000:
[15:56:39]   Non-linearity u-P solved in 3 steps.
[15:56:39]   ||u|| = 0.22432, ||u||_8 = 1.0, ||u-u_n|| = 0.00069, ||u-u_n||/||u|| = 0.00308
[15:56:39]   ||p|| = 0.03207, ||p||_8 = 0.46752, ||p-p_n|| = 0.0001, ||p-p_n||/||p|| = 0.00327
[15:56:52] Timestep 230 of 100000000000:
[15:56:52]   Non-linearity u-P solved in 3 steps.
[15:56:52]   ||u|| = 0.22688, ||u||_8 = 1.0, ||u-u_n|| = 0.00062, ||u-u_n||/||u|| = 0.00275
[15:56:52]   ||p|| = 0.03282, ||p||_8 = 0.46835, ||p-p_n|| = 0.0001, ||p-p_n||/||p|| = 0.003
[15:57:06] Timestep 240 of 100000000000:
[15:57:06]   Non-linearity u-P solved in 3 steps.
[15:57:06]   ||u|| = 0.22925, ||u||_8 = 1.0, ||u-u_n|| = 0.00056, ||u-u_n||/||u|| = 0.00244
[15:57:06]   ||p|| = 0.03354, ||p||_8 = 0.46912, ||p-p_n|| = 9e-05, ||p-p_n||/||p|| = 0.00276
[15:57:19] Timestep 250 of 100000000000:
[15:57:19]   Non-linearity u-P solved in 3 steps.
[15:57:19]   ||u|| = 0.23143, ||u||_8 = 1.0, ||u-u_n|| = 0.0005, ||u-u_n||/||u|| = 0.00216
[15:57:19]   ||p|| = 0.03424, ||p||_8 = 0.46981, ||p-p_n|| = 9e-05, ||p-p_n||/||p|| = 0.00253
[15:57:33] Timestep 260 of 100000000000:
[15:57:33]   Non-linearity u-P solved in 3 steps.
[15:57:33]   ||u|| = 0.23344, ||u||_8 = 1.0, ||u-u_n|| = 0.00045, ||u-u_n||/||u|| = 0.00191
[15:57:33]   ||p|| = 0.0349, ||p||_8 = 0.47042, ||p-p_n|| = 8e-05, ||p-p_n||/||p|| = 0.00231
[15:57:46] Timestep 270 of 100000000000:
[15:57:46]   Non-linearity u-P solved in 3 steps.
[15:57:46]   ||u|| = 0.23527, ||u||_8 = 1.0, ||u-u_n|| = 0.0004, ||u-u_n||/||u|| = 0.00169
[15:57:46]   ||p|| = 0.03551, ||p||_8 = 0.47094, ||p-p_n|| = 7e-05, ||p-p_n||/||p|| = 0.00209
[15:58:00] Timestep 280 of 100000000000:
[15:58:00]   Non-linearity u-P solved in 3 steps.
[15:58:00]   ||u|| = 0.23694, ||u||_8 = 1.0, ||u-u_n|| = 0.00035, ||u-u_n||/||u|| = 0.00149
[15:58:00]   ||p|| = 0.03608, ||p||_8 = 0.47141, ||p-p_n|| = 7e-05, ||p-p_n||/||p|| = 0.00187
[15:58:11] Timestep 290 of 100000000000:
[15:58:11]   Non-linearity u-P solved in 2 steps.
[15:58:11]   ||u|| = 0.23844, ||u||_8 = 1.0, ||u-u_n|| = 0.00031, ||u-u_n||/||u|| = 0.0013
[15:58:11]   ||p|| = 0.03659, ||p||_8 = 0.47186, ||p-p_n|| = 6e-05, ||p-p_n||/||p|| = 0.00165
[15:58:21] Timestep 300 of 100000000000:
[15:58:21]   Non-linearity u-P solved in 2 steps.
[15:58:21]   ||u|| = 0.23981, ||u||_8 = 1.0, ||u-u_n|| = 0.00027, ||u-u_n||/||u|| = 0.00113
[15:58:21]   ||p|| = 0.03705, ||p||_8 = 0.47228, ||p-p_n|| = 5e-05, ||p-p_n||/||p|| = 0.00144
[15:58:31] Timestep 310 of 100000000000:
[15:58:31]   Non-linearity u-P solved in 2 steps.
[15:58:31]   ||u|| = 0.24104, ||u||_8 = 1.0, ||u-u_n|| = 0.00024, ||u-u_n||/||u|| = 0.00098
[15:58:31]   ||p|| = 0.03746, ||p||_8 = 0.47271, ||p-p_n|| = 5e-05, ||p-p_n||/||p|| = 0.00126
[15:58:41] Timestep 320 of 100000000000:
[15:58:41]   Non-linearity u-P solved in 2 steps.
[15:58:41]   ||u|| = 0.24214, ||u||_8 = 1.0, ||u-u_n|| = 0.0002, ||u-u_n||/||u|| = 0.00084
[15:58:41]   ||p|| = 0.03783, ||p||_8 = 0.47314, ||p-p_n|| = 4e-05, ||p-p_n||/||p|| = 0.00111
[15:58:51] Timestep 330 of 100000000000:
[15:58:51]   Non-linearity u-P solved in 2 steps.
[15:58:51]   ||u|| = 0.24314, ||u||_8 = 1.0, ||u-u_n|| = 0.00018, ||u-u_n||/||u|| = 0.00073
[15:58:51]   ||p|| = 0.03817, ||p||_8 = 0.47354, ||p-p_n|| = 4e-05, ||p-p_n||/||p|| = 0.00099
[15:59:01] Timestep 340 of 100000000000:
[15:59:01]   Non-linearity u-P solved in 2 steps.
[15:59:01]   ||u|| = 0.24404, ||u||_8 = 1.0, ||u-u_n|| = 0.00015, ||u-u_n||/||u|| = 0.00063
[15:59:01]   ||p|| = 0.03849, ||p||_8 = 0.47391, ||p-p_n|| = 3e-05, ||p-p_n||/||p|| = 0.00089
[15:59:11] Timestep 350 of 100000000000:
[15:59:11]   Non-linearity u-P solved in 2 steps.
[15:59:11]   ||u|| = 0.24485, ||u||_8 = 1.0, ||u-u_n|| = 0.00013, ||u-u_n||/||u|| = 0.00054
[15:59:11]   ||p|| = 0.03877, ||p||_8 = 0.47423, ||p-p_n|| = 3e-05, ||p-p_n||/||p|| = 0.00081
[15:59:21] Timestep 360 of 100000000000:
[15:59:21]   Non-linearity u-P solved in 2 steps.
[15:59:21]   ||u|| = 0.24557, ||u||_8 = 1.0, ||u-u_n|| = 0.00012, ||u-u_n||/||u|| = 0.00047
[15:59:21]   ||p|| = 0.03904, ||p||_8 = 0.47449, ||p-p_n|| = 3e-05, ||p-p_n||/||p|| = 0.00073
[15:59:31] Timestep 370 of 100000000000:
[15:59:31]   Non-linearity u-P solved in 2 steps.
[15:59:31]   ||u|| = 0.24622, ||u||_8 = 1.0, ||u-u_n|| = 0.0001, ||u-u_n||/||u|| = 0.00042
[15:59:31]   ||p|| = 0.03928, ||p||_8 = 0.47471, ||p-p_n|| = 3e-05, ||p-p_n||/||p|| = 0.00065
[15:59:41] Timestep 380 of 100000000000:
[15:59:41]   Non-linearity u-P solved in 2 steps.
[15:59:41]   ||u|| = 0.24681, ||u||_8 = 1.0, ||u-u_n|| = 9e-05, ||u-u_n||/||u|| = 0.00037
[15:59:41]   ||p|| = 0.03949, ||p||_8 = 0.47489, ||p-p_n|| = 2e-05, ||p-p_n||/||p|| = 0.00058
[15:59:51] Timestep 390 of 100000000000:
[15:59:51]   Non-linearity u-P solved in 2 steps.
[15:59:51]   ||u|| = 0.24733, ||u||_8 = 1.0, ||u-u_n|| = 8e-05, ||u-u_n||/||u|| = 0.00033
[15:59:51]   ||p|| = 0.03968, ||p||_8 = 0.47505, ||p-p_n|| = 2e-05, ||p-p_n||/||p|| = 0.00051
[16:00:01] Timestep 400 of 100000000000:
[16:00:01]   Non-linearity u-P solved in 2 steps.
[16:00:01]   ||u|| = 0.24781, ||u||_8 = 1.0, ||u-u_n|| = 7e-05, ||u-u_n||/||u|| = 0.00029
[16:00:01]   ||p|| = 0.03985, ||p||_8 = 0.47521, ||p-p_n|| = 2e-05, ||p-p_n||/||p|| = 0.00045
[16:00:11] Timestep 410 of 100000000000:
[16:00:11]   Non-linearity u-P solved in 2 steps.
[16:00:11]   ||u|| = 0.24824, ||u||_8 = 1.0, ||u-u_n|| = 6e-05, ||u-u_n||/||u|| = 0.00026
[16:00:11]   ||p|| = 0.04, ||p||_8 = 0.47535, ||p-p_n|| = 2e-05, ||p-p_n||/||p|| = 0.0004
[16:00:21] Timestep 420 of 100000000000:
[16:00:21]   Non-linearity u-P solved in 2 steps.
[16:00:21]   ||u|| = 0.24863, ||u||_8 = 1.0, ||u-u_n|| = 6e-05, ||u-u_n||/||u|| = 0.00023
[16:00:21]   ||p|| = 0.04014, ||p||_8 = 0.47548, ||p-p_n|| = 1e-05, ||p-p_n||/||p|| = 0.00037
[16:00:31] Timestep 430 of 100000000000:
[16:00:31]   Non-linearity u-P solved in 2 steps.
[16:00:31]   ||u|| = 0.24899, ||u||_8 = 1.0, ||u-u_n|| = 5e-05, ||u-u_n||/||u|| = 0.0002
[16:00:31]   ||p|| = 0.04027, ||p||_8 = 0.4756, ||p-p_n|| = 1e-05, ||p-p_n||/||p|| = 0.00034
[16:00:41] Timestep 440 of 100000000000:
[16:00:41]   Non-linearity u-P solved in 2 steps.
[16:00:41]   ||u|| = 0.24932, ||u||_8 = 1.0, ||u-u_n|| = 4e-05, ||u-u_n||/||u|| = 0.00018
[16:00:41]   ||p|| = 0.0404, ||p||_8 = 0.4757, ||p-p_n|| = 1e-05, ||p-p_n||/||p|| = 0.00032
[16:00:52] Timestep 450 of 100000000000:
[16:00:52]   Non-linearity u-P solved in 2 steps.
[16:00:52]   ||u|| = 0.24962, ||u||_8 = 1.0, ||u-u_n|| = 4e-05, ||u-u_n||/||u|| = 0.00016
[16:00:52]   ||p|| = 0.04051, ||p||_8 = 0.47578, ||p-p_n|| = 1e-05, ||p-p_n||/||p|| = 0.00029
[16:01:02] Timestep 460 of 100000000000:
[16:01:02]   Non-linearity u-P solved in 2 steps.
[16:01:02]   ||u|| = 0.24989, ||u||_8 = 1.0, ||u-u_n|| = 4e-05, ||u-u_n||/||u|| = 0.00015
[16:01:02]   ||p|| = 0.04061, ||p||_8 = 0.47584, ||p-p_n|| = 1e-05, ||p-p_n||/||p|| = 0.00026
[16:01:12] Timestep 470 of 100000000000:
[16:01:12]   Non-linearity u-P solved in 2 steps.
[16:01:12]   ||u|| = 0.25014, ||u||_8 = 1.0, ||u-u_n|| = 3e-05, ||u-u_n||/||u|| = 0.00013
[16:01:12]   ||p|| = 0.04071, ||p||_8 = 0.4759, ||p-p_n|| = 1e-05, ||p-p_n||/||p|| = 0.00024
[16:01:22] Timestep 480 of 100000000000:
[16:01:22]   Non-linearity u-P solved in 2 steps.
[16:01:22]   ||u|| = 0.25037, ||u||_8 = 1.0, ||u-u_n|| = 3e-05, ||u-u_n||/||u|| = 0.00012
[16:01:22]   ||p|| = 0.04079, ||p||_8 = 0.47595, ||p-p_n|| = 1e-05, ||p-p_n||/||p|| = 0.00021
[16:01:32] Timestep 490 of 100000000000:
[16:01:32]   Non-linearity u-P solved in 2 steps.
[16:01:32]   ||u|| = 0.25058, ||u||_8 = 1.0, ||u-u_n|| = 3e-05, ||u-u_n||/||u|| = 0.00011
[16:01:32]   ||p|| = 0.04087, ||p||_8 = 0.47601, ||p-p_n|| = 1e-05, ||p-p_n||/||p|| = 0.0002
[16:01:42] Timestep 500 of 100000000000:
[16:01:42]   Non-linearity u-P solved in 2 steps.
[16:01:42]   ||u|| = 0.25077, ||u||_8 = 1.0, ||u-u_n|| = 3e-05, ||u-u_n||/||u|| = 0.0001
[16:01:42]   ||p|| = 0.04094, ||p||_8 = 0.47606, ||p-p_n|| = 1e-05, ||p-p_n||/||p|| = 0.00018
[16:01:52] Timestep 510 of 100000000000:
[16:01:52]   Non-linearity u-P solved in 2 steps.
[16:01:52]   ||u|| = 0.25096, ||u||_8 = 1.0, ||u-u_n|| = 2e-05, ||u-u_n||/||u|| = 9e-05
[16:01:52]   ||p|| = 0.04101, ||p||_8 = 0.4761, ||p-p_n|| = 1e-05, ||p-p_n||/||p|| = 0.00017
[16:02:02] Timestep 520 of 100000000000:
[16:02:02]   Non-linearity u-P solved in 2 steps.
[16:02:02]   ||u|| = 0.25112, ||u||_8 = 1.0, ||u-u_n|| = 2e-05, ||u-u_n||/||u|| = 8e-05
[16:02:02]   ||p|| = 0.04108, ||p||_8 = 0.47614, ||p-p_n|| = 1e-05, ||p-p_n||/||p|| = 0.00016
[16:02:12] Timestep 530 of 100000000000:
[16:02:12]   Non-linearity u-P solved in 2 steps.
[16:02:12]   ||u|| = 0.25128, ||u||_8 = 1.0, ||u-u_n|| = 2e-05, ||u-u_n||/||u|| = 8e-05
[16:02:12]   ||p|| = 0.04114, ||p||_8 = 0.47617, ||p-p_n|| = 1e-05, ||p-p_n||/||p|| = 0.00015
[16:02:22] Timestep 540 of 100000000000:
[16:02:22]   Non-linearity u-P solved in 2 steps.
[16:02:22]   ||u|| = 0.25143, ||u||_8 = 1.0, ||u-u_n|| = 2e-05, ||u-u_n||/||u|| = 7e-05
[16:02:22]   ||p|| = 0.04119, ||p||_8 = 0.4762, ||p-p_n|| = 1e-05, ||p-p_n||/||p|| = 0.00014
[16:02:32] Timestep 550 of 100000000000:
[16:02:32]   Non-linearity u-P solved in 2 steps.
[16:02:32]   ||u|| = 0.25156, ||u||_8 = 1.0, ||u-u_n|| = 2e-05, ||u-u_n||/||u|| = 7e-05
[16:02:32]   ||p|| = 0.04125, ||p||_8 = 0.47623, ||p-p_n|| = 1e-05, ||p-p_n||/||p|| = 0.00013
[16:02:42] Timestep 560 of 100000000000:
[16:02:42]   Non-linearity u-P solved in 2 steps.
[16:02:42]   ||u|| = 0.25169, ||u||_8 = 1.0, ||u-u_n|| = 2e-05, ||u-u_n||/||u|| = 6e-05
[16:02:42]   ||p|| = 0.04129, ||p||_8 = 0.47625, ||p-p_n|| = 0.0, ||p-p_n||/||p|| = 0.00012
[16:02:52] Timestep 570 of 100000000000:
[16:02:52]   Non-linearity u-P solved in 2 steps.
[16:02:52]   ||u|| = 0.25181, ||u||_8 = 1.0, ||u-u_n|| = 1e-05, ||u-u_n||/||u|| = 6e-05
[16:02:52]   ||p|| = 0.04134, ||p||_8 = 0.47627, ||p-p_n|| = 0.0, ||p-p_n||/||p|| = 0.00011
[16:03:03] Timestep 580 of 100000000000:
[16:03:03]   Non-linearity u-P solved in 2 steps.
[16:03:03]   ||u|| = 0.25192, ||u||_8 = 1.0, ||u-u_n|| = 1e-05, ||u-u_n||/||u|| = 5e-05
[16:03:03]   ||p|| = 0.04138, ||p||_8 = 0.47629, ||p-p_n|| = 0.0, ||p-p_n||/||p|| = 0.00011
[16:03:13] Timestep 590 of 100000000000:
[16:03:13]   Non-linearity u-P solved in 2 steps.
[16:03:13]   ||u|| = 0.25203, ||u||_8 = 1.0, ||u-u_n|| = 1e-05, ||u-u_n||/||u|| = 5e-05
[16:03:13]   ||p|| = 0.04142, ||p||_8 = 0.47632, ||p-p_n|| = 0.0, ||p-p_n||/||p|| = 0.0001
[16:03:23] Timestep 600 of 100000000000:
[16:03:23]   Non-linearity u-P solved in 2 steps.
[16:03:23]   ||u|| = 0.25212, ||u||_8 = 1.0, ||u-u_n|| = 1e-05, ||u-u_n||/||u|| = 5e-05
[16:03:23]   ||p|| = 0.04146, ||p||_8 = 0.47633, ||p-p_n|| = 0.0, ||p-p_n||/||p|| = 0.0001
[16:03:33] Timestep 610 of 100000000000:
[16:03:33]   Non-linearity u-P solved in 2 steps.
[16:03:33]   ||u|| = 0.25222, ||u||_8 = 1.0, ||u-u_n|| = 1e-05, ||u-u_n||/||u|| = 4e-05
[16:03:33]   ||p|| = 0.0415, ||p||_8 = 0.47635, ||p-p_n|| = 0.0, ||p-p_n||/||p|| = 9e-05
[16:03:43] Timestep 620 of 100000000000:
[16:03:43]   Non-linearity u-P solved in 2 steps.
[16:03:43]   ||u|| = 0.25231, ||u||_8 = 1.0, ||u-u_n|| = 1e-05, ||u-u_n||/||u|| = 4e-05
[16:03:43]   ||p|| = 0.04153, ||p||_8 = 0.47636, ||p-p_n|| = 0.0, ||p-p_n||/||p|| = 9e-05
[16:03:51] Timestep 630 of 100000000000:
[16:03:51]   Non-linearity u-P solved in 1 steps.
[16:03:51]   ||u|| = 0.25239, ||u||_8 = 1.0, ||u-u_n|| = 1e-05, ||u-u_n||/||u|| = 4e-05
[16:03:51]   ||p|| = 0.04157, ||p||_8 = 0.47638, ||p-p_n|| = 0.0, ||p-p_n||/||p|| = 8e-05
[16:03:58] Timestep 640 of 100000000000:
[16:03:58]   Non-linearity u-P solved in 1 steps.
[16:03:58]   ||u|| = 0.25247, ||u||_8 = 1.0, ||u-u_n|| = 1e-05, ||u-u_n||/||u|| = 4e-05
[16:03:58]   ||p|| = 0.0416, ||p||_8 = 0.47639, ||p-p_n|| = 0.0, ||p-p_n||/||p|| = 8e-05
[16:04:04] Timestep 650 of 100000000000:
[16:04:04]   Non-linearity u-P solved in 1 steps.
[16:04:04]   ||u|| = 0.25254, ||u||_8 = 1.0, ||u-u_n|| = 1e-05, ||u-u_n||/||u|| = 4e-05
[16:04:04]   ||p|| = 0.04163, ||p||_8 = 0.4764, ||p-p_n|| = 0.0, ||p-p_n||/||p|| = 7e-05
[16:04:11] Timestep 660 of 100000000000:
[16:04:11]   Non-linearity u-P solved in 1 steps.
[16:04:11]   ||u|| = 0.25261, ||u||_8 = 1.0, ||u-u_n|| = 1e-05, ||u-u_n||/||u|| = 3e-05
[16:04:11]   ||p|| = 0.04165, ||p||_8 = 0.47641, ||p-p_n|| = 0.0, ||p-p_n||/||p|| = 7e-05
[16:04:17] Timestep 670 of 100000000000:
[16:04:17]   Non-linearity u-P solved in 1 steps.
[16:04:17]   ||u|| = 0.25268, ||u||_8 = 1.0, ||u-u_n|| = 1e-05, ||u-u_n||/||u|| = 3e-05
[16:04:17]   ||p|| = 0.04168, ||p||_8 = 0.47642, ||p-p_n|| = 0.0, ||p-p_n||/||p|| = 7e-05
[16:04:24] Timestep 680 of 100000000000:
[16:04:24]   Non-linearity u-P solved in 1 steps.
[16:04:24]   ||u|| = 0.25275, ||u||_8 = 1.0, ||u-u_n|| = 1e-05, ||u-u_n||/||u|| = 3e-05
[16:04:24]   ||p|| = 0.04171, ||p||_8 = 0.47643, ||p-p_n|| = 0.0, ||p-p_n||/||p|| = 6e-05
[16:04:30] Timestep 690 of 100000000000:
[16:04:30]   Non-linearity u-P solved in 1 steps.
[16:04:30]   ||u|| = 0.25281, ||u||_8 = 1.0, ||u-u_n|| = 1e-05, ||u-u_n||/||u|| = 3e-05
[16:04:30]   ||p|| = 0.04173, ||p||_8 = 0.47644, ||p-p_n|| = 0.0, ||p-p_n||/||p|| = 6e-05
[16:04:37] Timestep 700 of 100000000000:
[16:04:37]   Non-linearity u-P solved in 1 steps.
[16:04:37]   ||u|| = 0.25286, ||u||_8 = 1.0, ||u-u_n|| = 1e-05, ||u-u_n||/||u|| = 3e-05
[16:04:37]   ||p|| = 0.04175, ||p||_8 = 0.47645, ||p-p_n|| = 0.0, ||p-p_n||/||p|| = 6e-05
[16:04:43] Timestep 710 of 100000000000:
[16:04:43]   Non-linearity u-P solved in 1 steps.
[16:04:43]   ||u|| = 0.25292, ||u||_8 = 1.0, ||u-u_n|| = 1e-05, ||u-u_n||/||u|| = 3e-05
[16:04:43]   ||p|| = 0.04178, ||p||_8 = 0.47645, ||p-p_n|| = 0.0, ||p-p_n||/||p|| = 5e-05
[16:04:50] Timestep 720 of 100000000000:
[16:04:50]   Non-linearity u-P solved in 1 steps.
[16:04:50]   ||u|| = 0.25297, ||u||_8 = 1.0, ||u-u_n|| = 1e-05, ||u-u_n||/||u|| = 3e-05
[16:04:50]   ||p|| = 0.0418, ||p||_8 = 0.47646, ||p-p_n|| = 0.0, ||p-p_n||/||p|| = 5e-05
[16:04:56] Timestep 730 of 100000000000:
[16:04:56]   Non-linearity u-P solved in 1 steps.
[16:04:56]   ||u|| = 0.25302, ||u||_8 = 1.0, ||u-u_n|| = 1e-05, ||u-u_n||/||u|| = 2e-05
[16:04:56]   ||p|| = 0.04182, ||p||_8 = 0.47647, ||p-p_n|| = 0.0, ||p-p_n||/||p|| = 5e-05
[16:05:03] Timestep 740 of 100000000000:
[16:05:03]   Non-linearity u-P solved in 1 steps.
[16:05:03]   ||u|| = 0.25307, ||u||_8 = 1.0, ||u-u_n|| = 1e-05, ||u-u_n||/||u|| = 2e-05
[16:05:03]   ||p|| = 0.04184, ||p||_8 = 0.47647, ||p-p_n|| = 0.0, ||p-p_n||/||p|| = 5e-05
[16:05:10] Timestep 750 of 100000000000:
[16:05:10]   Non-linearity u-P solved in 1 steps.
[16:05:10]   ||u|| = 0.25312, ||u||_8 = 1.0, ||u-u_n|| = 1e-05, ||u-u_n||/||u|| = 2e-05
[16:05:10]   ||p|| = 0.04185, ||p||_8 = 0.47648, ||p-p_n|| = 0.0, ||p-p_n||/||p|| = 5e-05
[16:05:16] Timestep 760 of 100000000000:
[16:05:16]   Non-linearity u-P solved in 1 steps.
[16:05:16]   ||u|| = 0.25316, ||u||_8 = 1.0, ||u-u_n|| = 1e-05, ||u-u_n||/||u|| = 2e-05
[16:05:16]   ||p|| = 0.04187, ||p||_8 = 0.47649, ||p-p_n|| = 0.0, ||p-p_n||/||p|| = 4e-05
[16:05:23] Timestep 770 of 100000000000:
[16:05:23]   Non-linearity u-P solved in 1 steps.
[16:05:23]   ||u|| = 0.2532, ||u||_8 = 1.0, ||u-u_n|| = 1e-05, ||u-u_n||/||u|| = 2e-05
[16:05:23]   ||p|| = 0.04189, ||p||_8 = 0.47649, ||p-p_n|| = 0.0, ||p-p_n||/||p|| = 4e-05
[16:05:29] Timestep 780 of 100000000000:
[16:05:29]   Non-linearity u-P solved in 1 steps.
[16:05:29]   ||u|| = 0.25324, ||u||_8 = 1.0, ||u-u_n|| = 1e-05, ||u-u_n||/||u|| = 2e-05
[16:05:29]   ||p|| = 0.04191, ||p||_8 = 0.4765, ||p-p_n|| = 0.0, ||p-p_n||/||p|| = 4e-05
[16:05:36] Timestep 790 of 100000000000:
[16:05:36]   Non-linearity u-P solved in 1 steps.
[16:05:36]   ||u|| = 0.25328, ||u||_8 = 1.0, ||u-u_n|| = 0.0, ||u-u_n||/||u|| = 2e-05
[16:05:36]   ||p|| = 0.04192, ||p||_8 = 0.4765, ||p-p_n|| = 0.0, ||p-p_n||/||p|| = 4e-05
[16:05:42] Timestep 800 of 100000000000:
[16:05:42]   Non-linearity u-P solved in 1 steps.
[16:05:42]   ||u|| = 0.25332, ||u||_8 = 1.0, ||u-u_n|| = 0.0, ||u-u_n||/||u|| = 2e-05
[16:05:42]   ||p|| = 0.04194, ||p||_8 = 0.4765, ||p-p_n|| = 0.0, ||p-p_n||/||p|| = 4e-05
[16:05:49] Timestep 810 of 100000000000:
[16:05:49]   Non-linearity u-P solved in 1 steps.
[16:05:49]   ||u|| = 0.25336, ||u||_8 = 1.0, ||u-u_n|| = 0.0, ||u-u_n||/||u|| = 2e-05
[16:05:49]   ||p|| = 0.04195, ||p||_8 = 0.47651, ||p-p_n|| = 0.0, ||p-p_n||/||p|| = 4e-05
[16:05:55] Timestep 820 of 100000000000:
[16:05:55]   Non-linearity u-P solved in 1 steps.
[16:05:55]   ||u|| = 0.25339, ||u||_8 = 1.0, ||u-u_n|| = 0.0, ||u-u_n||/||u|| = 2e-05
[16:05:55]   ||p|| = 0.04197, ||p||_8 = 0.47651, ||p-p_n|| = 0.0, ||p-p_n||/||p|| = 3e-05
[16:06:02] Timestep 830 of 100000000000:
[16:06:02]   Non-linearity u-P solved in 1 steps.
[16:06:02]   ||u|| = 0.25342, ||u||_8 = 1.0, ||u-u_n|| = 0.0, ||u-u_n||/||u|| = 2e-05
[16:06:02]   ||p|| = 0.04198, ||p||_8 = 0.47652, ||p-p_n|| = 0.0, ||p-p_n||/||p|| = 3e-05
[16:06:08] Timestep 840 of 100000000000:
[16:06:08]   Non-linearity u-P solved in 1 steps.
[16:06:08]   ||u|| = 0.25346, ||u||_8 = 1.0, ||u-u_n|| = 0.0, ||u-u_n||/||u|| = 2e-05
[16:06:08]   ||p|| = 0.04199, ||p||_8 = 0.47652, ||p-p_n|| = 0.0, ||p-p_n||/||p|| = 3e-05
[16:06:15] Timestep 850 of 100000000000:
[16:06:15]   Non-linearity u-P solved in 1 steps.
[16:06:15]   ||u|| = 0.25349, ||u||_8 = 1.0, ||u-u_n|| = 0.0, ||u-u_n||/||u|| = 2e-05
[16:06:15]   ||p|| = 0.042, ||p||_8 = 0.47652, ||p-p_n|| = 0.0, ||p-p_n||/||p|| = 3e-05
[16:06:22] Timestep 860 of 100000000000:
[16:06:22]   Non-linearity u-P solved in 1 steps.
[16:06:22]   ||u|| = 0.25352, ||u||_8 = 1.0, ||u-u_n|| = 0.0, ||u-u_n||/||u|| = 2e-05
[16:06:22]   ||p|| = 0.04202, ||p||_8 = 0.47653, ||p-p_n|| = 0.0, ||p-p_n||/||p|| = 3e-05
[16:06:29] Timestep 870 of 100000000000:
[16:06:29]   Non-linearity u-P solved in 1 steps.
[16:06:29]   ||u|| = 0.25355, ||u||_8 = 1.0, ||u-u_n|| = 0.0, ||u-u_n||/||u|| = 1e-05
[16:06:29]   ||p|| = 0.04203, ||p||_8 = 0.47653, ||p-p_n|| = 0.0, ||p-p_n||/||p|| = 3e-05
[16:06:35] Timestep 880 of 100000000000:
[16:06:35]   Non-linearity u-P solved in 1 steps.
[16:06:35]   ||u|| = 0.25357, ||u||_8 = 1.0, ||u-u_n|| = 0.0, ||u-u_n||/||u|| = 1e-05
[16:06:35]   ||p|| = 0.04204, ||p||_8 = 0.47653, ||p-p_n|| = 0.0, ||p-p_n||/||p|| = 3e-05
[16:06:42] Timestep 890 of 100000000000:
[16:06:42]   Non-linearity u-P solved in 1 steps.
[16:06:42]   ||u|| = 0.2536, ||u||_8 = 1.0, ||u-u_n|| = 0.0, ||u-u_n||/||u|| = 1e-05
[16:06:42]   ||p|| = 0.04205, ||p||_8 = 0.47654, ||p-p_n|| = 0.0, ||p-p_n||/||p|| = 3e-05
[16:06:48] Timestep 900 of 100000000000:
[16:06:48]   Non-linearity u-P solved in 1 steps.
[16:06:48]   ||u|| = 0.25363, ||u||_8 = 1.0, ||u-u_n|| = 0.0, ||u-u_n||/||u|| = 1e-05
[16:06:48]   ||p|| = 0.04206, ||p||_8 = 0.47654, ||p-p_n|| = 0.0, ||p-p_n||/||p|| = 3e-05
[16:06:55] Timestep 910 of 100000000000:
[16:06:55]   Non-linearity u-P solved in 1 steps.
[16:06:55]   ||u|| = 0.25365, ||u||_8 = 1.0, ||u-u_n|| = 0.0, ||u-u_n||/||u|| = 1e-05
[16:06:55]   ||p|| = 0.04207, ||p||_8 = 0.47654, ||p-p_n|| = 0.0, ||p-p_n||/||p|| = 3e-05
[16:07:02] Timestep 920 of 100000000000:
[16:07:02]   Non-linearity u-P solved in 1 steps.
[16:07:02]   ||u|| = 0.25367, ||u||_8 = 1.0, ||u-u_n|| = 0.0, ||u-u_n||/||u|| = 1e-05
[16:07:02]   ||p|| = 0.04208, ||p||_8 = 0.47654, ||p-p_n|| = 0.0, ||p-p_n||/||p|| = 2e-05
[16:07:08] Timestep 930 of 100000000000:
[16:07:08]   Non-linearity u-P solved in 1 steps.
[16:07:08]   ||u|| = 0.2537, ||u||_8 = 1.0, ||u-u_n|| = 0.0, ||u-u_n||/||u|| = 1e-05
[16:07:08]   ||p|| = 0.04209, ||p||_8 = 0.47655, ||p-p_n|| = 0.0, ||p-p_n||/||p|| = 2e-05
[16:07:15] Timestep 940 of 100000000000:
[16:07:15]   Non-linearity u-P solved in 1 steps.
[16:07:15]   ||u|| = 0.25372, ||u||_8 = 1.0, ||u-u_n|| = 0.0, ||u-u_n||/||u|| = 1e-05
[16:07:15]   ||p|| = 0.0421, ||p||_8 = 0.47655, ||p-p_n|| = 0.0, ||p-p_n||/||p|| = 2e-05
[16:07:22] Timestep 950 of 100000000000:
[16:07:22]   Non-linearity u-P solved in 1 steps.
[16:07:22]   ||u|| = 0.25374, ||u||_8 = 1.0, ||u-u_n|| = 0.0, ||u-u_n||/||u|| = 1e-05
[16:07:22]   ||p|| = 0.04211, ||p||_8 = 0.47655, ||p-p_n|| = 0.0, ||p-p_n||/||p|| = 2e-05
[16:07:28] Timestep 960 of 100000000000:
[16:07:28]   Non-linearity u-P solved in 1 steps.
[16:07:28]   ||u|| = 0.25376, ||u||_8 = 1.0, ||u-u_n|| = 0.0, ||u-u_n||/||u|| = 1e-05
[16:07:28]   ||p|| = 0.04212, ||p||_8 = 0.47655, ||p-p_n|| = 0.0, ||p-p_n||/||p|| = 2e-05
[16:07:35] Timestep 970 of 100000000000:
[16:07:35]   Non-linearity u-P solved in 1 steps.
[16:07:35]   ||u|| = 0.25378, ||u||_8 = 1.0, ||u-u_n|| = 0.0, ||u-u_n||/||u|| = 1e-05
[16:07:35]   ||p|| = 0.04212, ||p||_8 = 0.47655, ||p-p_n|| = 0.0, ||p-p_n||/||p|| = 2e-05
[16:07:41] Timestep 980 of 100000000000:
[16:07:41]   Non-linearity u-P solved in 1 steps.
[16:07:41]   ||u|| = 0.2538, ||u||_8 = 1.0, ||u-u_n|| = 0.0, ||u-u_n||/||u|| = 1e-05
[16:07:42]   ||p|| = 0.04213, ||p||_8 = 0.47656, ||p-p_n|| = 0.0, ||p-p_n||/||p|| = 2e-05
[16:07:48] Timestep 990 of 100000000000:
[16:07:48]   Non-linearity u-P solved in 1 steps.
[16:07:48]   ||u|| = 0.25382, ||u||_8 = 1.0, ||u-u_n|| = 0.0, ||u-u_n||/||u|| = 1e-05
[16:07:48]   ||p|| = 0.04214, ||p||_8 = 0.47656, ||p-p_n|| = 0.0, ||p-p_n||/||p|| = 2e-05
[16:07:55] Timestep 1000 of 100000000000:
[16:07:55]   Non-linearity u-P solved in 1 steps.
[16:07:55]   ||u|| = 0.25384, ||u||_8 = 1.0, ||u-u_n|| = 0.0, ||u-u_n||/||u|| = 1e-05
[16:07:55]   ||p|| = 0.04215, ||p||_8 = 0.47656, ||p-p_n|| = 0.0, ||p-p_n||/||p|| = 2e-05
[16:08:01] Timestep 1010 of 100000000000:
[16:08:01]   Non-linearity u-P solved in 1 steps.
[16:08:01]   ||u|| = 0.25385, ||u||_8 = 1.0, ||u-u_n|| = 0.0, ||u-u_n||/||u|| = 1e-05
[16:08:01]   ||p|| = 0.04215, ||p||_8 = 0.47656, ||p-p_n|| = 0.0, ||p-p_n||/||p|| = 2e-05
[16:08:08] Timestep 1020 of 100000000000:
[16:08:08]   Non-linearity u-P solved in 1 steps.
[16:08:08]   ||u|| = 0.25387, ||u||_8 = 1.0, ||u-u_n|| = 0.0, ||u-u_n||/||u|| = 1e-05
[16:08:08]   ||p|| = 0.04216, ||p||_8 = 0.47656, ||p-p_n|| = 0.0, ||p-p_n||/||p|| = 2e-05
[16:08:15] Timestep 1030 of 100000000000:
[16:08:15]   Non-linearity u-P solved in 1 steps.
[16:08:15]   ||u|| = 0.25389, ||u||_8 = 1.0, ||u-u_n|| = 0.0, ||u-u_n||/||u|| = 1e-05
[16:08:15]   ||p|| = 0.04217, ||p||_8 = 0.47656, ||p-p_n|| = 0.0, ||p-p_n||/||p|| = 2e-05
[16:08:21] Timestep 1040 of 100000000000:
[16:08:21]   Non-linearity u-P solved in 1 steps.
[16:08:21]   ||u|| = 0.2539, ||u||_8 = 1.0, ||u-u_n|| = 0.0, ||u-u_n||/||u|| = 1e-05
[16:08:21]   ||p|| = 0.04217, ||p||_8 = 0.47657, ||p-p_n|| = 0.0, ||p-p_n||/||p|| = 2e-05
[16:08:28] Timestep 1050 of 100000000000:
[16:08:28]   Non-linearity u-P solved in 1 steps.
[16:08:28]   ||u|| = 0.25392, ||u||_8 = 1.0, ||u-u_n|| = 0.0, ||u-u_n||/||u|| = 1e-05
[16:08:28]   ||p|| = 0.04218, ||p||_8 = 0.47657, ||p-p_n|| = 0.0, ||p-p_n||/||p|| = 2e-05
[16:08:34] Timestep 1060 of 100000000000:
[16:08:34]   Non-linearity u-P solved in 1 steps.
[16:08:34]   ||u|| = 0.25393, ||u||_8 = 1.0, ||u-u_n|| = 0.0, ||u-u_n||/||u|| = 1e-05
[16:08:34]   ||p|| = 0.04218, ||p||_8 = 0.47657, ||p-p_n|| = 0.0, ||p-p_n||/||p|| = 2e-05
[16:08:41] Timestep 1070 of 100000000000:
[16:08:41]   Non-linearity u-P solved in 1 steps.
[16:08:41]   ||u|| = 0.25394, ||u||_8 = 1.0, ||u-u_n|| = 0.0, ||u-u_n||/||u|| = 1e-05
[16:08:41]   ||p|| = 0.04219, ||p||_8 = 0.47657, ||p-p_n|| = 0.0, ||p-p_n||/||p|| = 1e-05
[16:08:47] Timestep 1080 of 100000000000:
[16:08:47]   Non-linearity u-P solved in 1 steps.
[16:08:47]   ||u|| = 0.25396, ||u||_8 = 1.0, ||u-u_n|| = 0.0, ||u-u_n||/||u|| = 1e-05
[16:08:47]   ||p|| = 0.0422, ||p||_8 = 0.47657, ||p-p_n|| = 0.0, ||p-p_n||/||p|| = 1e-05
[16:08:54] Timestep 1090 of 100000000000:
[16:08:54]   Non-linearity u-P solved in 1 steps.
[16:08:54]   ||u|| = 0.25397, ||u||_8 = 1.0, ||u-u_n|| = 0.0, ||u-u_n||/||u|| = 1e-05
[16:08:54]   ||p|| = 0.0422, ||p||_8 = 0.47657, ||p-p_n|| = 0.0, ||p-p_n||/||p|| = 1e-05
[16:09:01] Timestep 1100 of 100000000000:
[16:09:01]   Non-linearity u-P solved in 1 steps.
[16:09:01]   ||u|| = 0.25398, ||u||_8 = 1.0, ||u-u_n|| = 0.0, ||u-u_n||/||u|| = 1e-05
[16:09:01]   ||p|| = 0.04221, ||p||_8 = 0.47657, ||p-p_n|| = 0.0, ||p-p_n||/||p|| = 1e-05
[16:09:07] Timestep 1110 of 100000000000:
[16:09:07]   Non-linearity u-P solved in 1 steps.
[16:09:07]   ||u|| = 0.254, ||u||_8 = 1.0, ||u-u_n|| = 0.0, ||u-u_n||/||u|| = 1e-05
[16:09:07]   ||p|| = 0.04221, ||p||_8 = 0.47658, ||p-p_n|| = 0.0, ||p-p_n||/||p|| = 1e-05
[16:09:14] Timestep 1120 of 100000000000:
[16:09:14]   Non-linearity u-P solved in 1 steps.
[16:09:14]   ||u|| = 0.25401, ||u||_8 = 1.0, ||u-u_n|| = 0.0, ||u-u_n||/||u|| = 1e-05
[16:09:14]   ||p|| = 0.04222, ||p||_8 = 0.47658, ||p-p_n|| = 0.0, ||p-p_n||/||p|| = 1e-05
[16:09:20] Timestep 1130 of 100000000000:
[16:09:20]   Non-linearity u-P solved in 1 steps.
[16:09:20]   ||u|| = 0.25402, ||u||_8 = 1.0, ||u-u_n|| = 0.0, ||u-u_n||/||u|| = 1e-05
[16:09:20]   ||p|| = 0.04222, ||p||_8 = 0.47658, ||p-p_n|| = 0.0, ||p-p_n||/||p|| = 1e-05
[16:09:27] Timestep 1140 of 100000000000:
[16:09:27]   Non-linearity u-P solved in 1 steps.
[16:09:27]   ||u|| = 0.25403, ||u||_8 = 1.0, ||u-u_n|| = 0.0, ||u-u_n||/||u|| = 1e-05
[16:09:27]   ||p|| = 0.04223, ||p||_8 = 0.47658, ||p-p_n|| = 0.0, ||p-p_n||/||p|| = 1e-05
[16:09:33] Timestep 1150 of 100000000000:
[16:09:33]   Non-linearity u-P solved in 1 steps.
[16:09:33]   ||u|| = 0.25404, ||u||_8 = 1.0, ||u-u_n|| = 0.0, ||u-u_n||/||u|| = 1e-05
[16:09:33]   ||p|| = 0.04223, ||p||_8 = 0.47658, ||p-p_n|| = 0.0, ||p-p_n||/||p|| = 1e-05
[16:09:40] Timestep 1160 of 100000000000:
[16:09:40]   Non-linearity u-P solved in 1 steps.
[16:09:40]   ||u|| = 0.25405, ||u||_8 = 1.0, ||u-u_n|| = 0.0, ||u-u_n||/||u|| = 1e-05
[16:09:40]   ||p|| = 0.04223, ||p||_8 = 0.47658, ||p-p_n|| = 0.0, ||p-p_n||/||p|| = 1e-05
[16:09:47] Timestep 1170 of 100000000000:
[16:09:47]   Non-linearity u-P solved in 1 steps.
[16:09:47]   ||u|| = 0.25406, ||u||_8 = 1.0, ||u-u_n|| = 0.0, ||u-u_n||/||u|| = 1e-05
[16:09:47]   ||p|| = 0.04224, ||p||_8 = 0.47658, ||p-p_n|| = 0.0, ||p-p_n||/||p|| = 1e-05
[16:09:53] Timestep 1180 of 100000000000:
[16:09:53]   Non-linearity u-P solved in 1 steps.
[16:09:53]   ||u|| = 0.25407, ||u||_8 = 1.0, ||u-u_n|| = 0.0, ||u-u_n||/||u|| = 1e-05
[16:09:53]   ||p|| = 0.04224, ||p||_8 = 0.47658, ||p-p_n|| = 0.0, ||p-p_n||/||p|| = 1e-05
[16:09:57] Stopping simulation: all variables reached desired precision.
[16:09:57] Simulation stopped at 2021-05-04 16:09:57.755609, after 1187 steps (1140 seconds).
[16:09:57] Plotting Velocity...
[16:09:59] Plotting Velocity X-component...
[16:10:00] Plotting Velocity Y-component...
[16:10:02] Plotting Pressure...
[16:10:03] Plotting Temperature...
[16:10:04] Plotting Salinity...
[16:10:05] Plotting Mesh...
