[16:53:19] BCs were only given for V, Q, T spaces.
[16:53:19] BCs - Boundary right, space V[0] (marker 1), value 0
[16:53:19] BCs - Boundary right, space V[1] (marker 1), value 0
[16:53:19] BCs - Boundary bottom, space V[0] (marker 2), value 0
[16:53:19] BCs - Boundary bottom, space V[1] (marker 2), value 0
[16:53:19] BCs - Boundary left, space V[0] (marker 3), value 0
[16:53:19] BCs - Boundary left, space V[1] (marker 3), value 0
[16:53:19] BCs - Boundary top, space V[0] (marker 4), value 0
[16:53:19] BCs - Boundary top, space V[1] (marker 4), value 0
[16:53:19] BCs - Point (1, 1), space Q, value 0
[16:53:19] BCs - Boundary right, space T (marker 1), value 1
[16:53:19] BCs - Boundary left, space T (marker 3), value 0
[16:53:19] Initialized simulation.
[16:53:19] Running parameters:
{'final_time': 10000000000, 'steps_n': 100, 'simulation_precision': -5, 'degree_V': 2, 'degree_P': 1, 'degree_T': 1, 'degree_S': 1, 'convert_from_ms_to_kmh': False, 'g': 1, 'nu': [1], 'alpha': [1], 'rho_0': 1, 'beta': 100000.0, 'gamma': 0, 'T_0': 0, 'S_0': 35, 'domain': 'square', 'domain_size_x': 2, 'domain_size_y': 1, 'shelf_size_x': 0.7, 'shelf_size_y': 0.1, 'mesh_resolution': 15, 'mesh_resolution_x': 20, 'mesh_resolution_y': 10, 'mesh_resolution_sea_y': 1, 'very_verbose': False, 'store_solutions': True, 'label': '', 'max_iter': 0, 'non_linear_max_iter': 30, 'stabilization': False, 'delta0': 1, 'tau0': 35, 'BCs': {'V': {'right': [0, 0], 'bottom': [0, 0], 'left': [0, 0], 'top': [0, 0]}, 'Q': {'(1,1)': 0}, 'T': {'right': 1, 'left': 0}}, 'config_file': 'feffi/config/buoyancy-driven-cavity.yml', 'plot_path': '/home/stot2794/git/fenics-phd/plots/BDC_100000'}
[16:53:19] Running full simulation; started at 2021-05-04 16:53:19.782962
[16:53:20] Timestep 0 of 1000000000000:
[16:53:20]   Non-linearity u-P solved in 1 steps.
[16:53:20]   ||u|| = 0.0, ||u||_8 = 0.0, ||u-u_n|| = 0.0, ||u-u_n||/||u|| = 0
[16:53:20]   ||p|| = 0.57735, ||p||_8 = 1.0, ||p-p_n|| = 0.57735, ||p-p_n||/||p|| = 1.0
[16:53:20]   ||T|| = 0.22963, ||T||_8 = 1.0, ||T-T_n|| = 0.22963, ||T-T_n||/||T|| = 1.0
[16:53:38] Timestep 10 of 1000000000000:
[16:53:38]   Non-linearity u-P solved in 7 steps.
[16:53:38]   ||u|| = 31.06985, ||u||_8 = 77.09956, ||u-u_n|| = 0.78868, ||u-u_n||/||u|| = 0.02538
[16:53:38]   ||p|| = 35497.05339, ||p||_8 = 54561.05923, ||p-p_n|| = 723.30547, ||p-p_n||/||p|| = 0.02038
[16:53:38]   ||T|| = 0.52044, ||T||_8 = 1.0, ||T-T_n|| = 0.01143, ||T-T_n||/||T|| = 0.02195
[16:53:52] Timestep 20 of 1000000000000:
[16:53:52]   Non-linearity u-P solved in 6 steps.
[16:53:52]   ||u|| = 30.76297, ||u||_8 = 72.84547, ||u-u_n|| = 0.07594, ||u-u_n||/||u|| = 0.00247
[16:53:52]   ||p|| = 37831.49438, ||p||_8 = 58895.79794, ||p-p_n|| = 70.6319, ||p-p_n||/||p|| = 0.00187
[16:53:52]   ||T|| = 0.55372, ||T||_8 = 1.0, ||T-T_n|| = 0.00112, ||T-T_n||/||T|| = 0.00203
[16:54:03] Timestep 30 of 1000000000000:
[16:54:03]   Non-linearity u-P solved in 5 steps.
[16:54:03]   ||u|| = 30.76223, ||u||_8 = 72.50234, ||u-u_n|| = 0.00753, ||u-u_n||/||u|| = 0.00024
[16:54:03]   ||p|| = 38063.49753, ||p||_8 = 59330.03191, ||p-p_n|| = 6.99773, ||p-p_n||/||p|| = 0.00018
[16:54:03]   ||T|| = 0.55703, ||T||_8 = 1.0, ||T-T_n|| = 0.00011, ||T-T_n||/||T|| = 0.0002
[16:54:13] Timestep 40 of 1000000000000:
[16:54:13]   Non-linearity u-P solved in 4 steps.
[16:54:13]   ||u|| = 30.76218, ||u||_8 = 72.49107, ||u-u_n|| = 0.00075, ||u-u_n||/||u|| = 2e-05
[16:54:13]   ||p|| = 38086.55065, ||p||_8 = 59373.08284, ||p-p_n|| = 0.69439, ||p-p_n||/||p|| = 2e-05
[16:54:13]   ||T|| = 0.55736, ||T||_8 = 1.0, ||T-T_n|| = 1e-05, ||T-T_n||/||T|| = 2e-05
[16:54:16] Stopping simulation: all variables reached desired precision.
[16:54:16] Simulation stopped at 2021-05-04 16:54:16.984139, after 45 steps (57 seconds).
[16:54:17] Plotting Velocity...
[16:54:18] Plotting Velocity X-component...
[16:54:19] Plotting Velocity Y-component...
[16:54:21] Plotting Pressure...
[16:54:22] Plotting Temperature...
[16:54:24] Plotting Salinity...
[16:54:25] Plotting Mesh...
