[15:37:33] BCs were only given for V, Q spaces.
[15:37:33] BCs - Boundary right, space V[0] (marker 1), value 0
[15:37:33] BCs - Boundary right, space V[1] (marker 1), value 0
[15:37:33] BCs - Boundary bottom, space V[0] (marker 2), value 0
[15:37:33] BCs - Boundary bottom, space V[1] (marker 2), value 0
[15:37:33] BCs - Boundary left, space V[0] (marker 3), value 0
[15:37:33] BCs - Boundary left, space V[1] (marker 3), value 0
[15:37:33] BCs - Boundary top, space V[0] (marker 4), value 1
[15:37:33] BCs - Boundary top, space V[1] (marker 4), value 0
[15:37:33] BCs - Point (0, 0), space Q, value 0
[15:37:33] ## Running lid driven benchmark with parameters 
{'final_time': 100000000000, 'steps_n': 10, 'simulation_precision': -3, 'degree_V': 2, 'degree_P': 1, 'degree_T': 1, 'degree_S': 1, 'convert_from_ms_to_kmh': False, 'g': 0, 'nu': [0.00025], 'alpha': [1], 'rho_0': 1, 'beta': 0, 'gamma': 0, 'T_0': 1, 'S_0': 35, 'domain': 'square', 'domain_size_x': 2, 'domain_size_y': 1, 'shelf_size_x': 0.7, 'shelf_size_y': 0.1, 'mesh_resolution': 25, 'mesh_resolution_x': 20, 'mesh_resolution_y': 10, 'mesh_resolution_sea_y': 1, 'very_verbose': False, 'store_solutions': True, 'label': '', 'max_iter': 5000, 'non_linear_max_iter': 30, 'stabilization': False, 'delta0': 1, 'tau0': 35, 'BCs': {'V': {'right': [0, 0], 'bottom': [0, 0], 'left': [0, 0], 'top': [1, 0]}, 'Q': {'(0,0)': 0}}, 'config_file': 'feffi/config/lid-driven-cavity.yml', 'plot_path': '/home/stot2794/git/fenics-phd/plots/LDC_2.5e'} ##
[15:37:33] Initialized simulation.
[15:37:33] Running parameters:
{'final_time': 100000000000, 'steps_n': 10, 'simulation_precision': -3, 'degree_V': 2, 'degree_P': 1, 'degree_T': 1, 'degree_S': 1, 'convert_from_ms_to_kmh': False, 'g': 0, 'nu': [0.00025], 'alpha': [1], 'rho_0': 1, 'beta': 0, 'gamma': 0, 'T_0': 1, 'S_0': 35, 'domain': 'square', 'domain_size_x': 2, 'domain_size_y': 1, 'shelf_size_x': 0.7, 'shelf_size_y': 0.1, 'mesh_resolution': 25, 'mesh_resolution_x': 20, 'mesh_resolution_y': 10, 'mesh_resolution_sea_y': 1, 'very_verbose': False, 'store_solutions': True, 'label': '', 'max_iter': 5000, 'non_linear_max_iter': 30, 'stabilization': False, 'delta0': 1, 'tau0': 35, 'BCs': {'V': {'right': [0, 0], 'bottom': [0, 0], 'left': [0, 0], 'top': [1, 0]}, 'Q': {'(0,0)': 0}}, 'config_file': 'feffi/config/lid-driven-cavity.yml', 'plot_path': '/home/stot2794/git/fenics-phd/plots/LDC_2.5e'}
[15:37:33] Running full simulation; started at 2021-05-03 15:37:33.850910
[15:37:35] Timestep 0 of 1000000000000:
[15:37:35]   Non-linearity u-P solved in 3 steps.
[15:37:35]   ||u|| = 0.071, ||u||_8 = 1.0, ||u-u_n|| = 0.071, ||u-u_n||/||u|| = 1.0
[15:37:35]   ||p|| = 0.0, ||p||_8 = 0.022, ||p-p_n|| = 0.0, ||p-p_n||/||p|| = 1.0
[15:37:53] Timestep 10 of 1000000000000:
[15:37:53]   Non-linearity u-P solved in 3 steps.
[15:37:53]   ||u|| = 0.098, ||u||_8 = 1.0, ||u-u_n|| = 0.005, ||u-u_n||/||u|| = 0.048
[15:37:53]   ||p|| = 0.005, ||p||_8 = 0.238, ||p-p_n|| = 0.001, ||p-p_n||/||p|| = 0.159
[15:38:11] Timestep 20 of 1000000000000:
[15:38:11]   Non-linearity u-P solved in 3 steps.
[15:38:11]   ||u|| = 0.111, ||u||_8 = 1.0, ||u-u_n|| = 0.004, ||u-u_n||/||u|| = 0.04
[15:38:11]   ||p|| = 0.008, ||p||_8 = 0.304, ||p-p_n|| = 0.001, ||p-p_n||/||p|| = 0.075
[15:38:26] Timestep 30 of 1000000000000:
[15:38:26]   Non-linearity u-P solved in 2 steps.
[15:38:26]   ||u|| = 0.12, ||u||_8 = 1.0, ||u-u_n|| = 0.005, ||u-u_n||/||u|| = 0.038
[15:38:26]   ||p|| = 0.011, ||p||_8 = 0.325, ||p-p_n|| = 0.001, ||p-p_n||/||p|| = 0.059
[15:38:40] Timestep 40 of 1000000000000:
[15:38:40]   Non-linearity u-P solved in 2 steps.
[15:38:40]   ||u|| = 0.126, ||u||_8 = 1.0, ||u-u_n|| = 0.004, ||u-u_n||/||u|| = 0.034
[15:38:40]   ||p|| = 0.012, ||p||_8 = 0.329, ||p-p_n|| = 0.001, ||p-p_n||/||p|| = 0.05
[15:38:53] Timestep 50 of 1000000000000:
[15:38:53]   Non-linearity u-P solved in 2 steps.
[15:38:53]   ||u|| = 0.132, ||u||_8 = 1.0, ||u-u_n|| = 0.004, ||u-u_n||/||u|| = 0.03
[15:38:53]   ||p|| = 0.013, ||p||_8 = 0.332, ||p-p_n|| = 0.001, ||p-p_n||/||p|| = 0.039
[15:39:06] Timestep 60 of 1000000000000:
[15:39:06]   Non-linearity u-P solved in 2 steps.
[15:39:06]   ||u|| = 0.137, ||u||_8 = 1.0, ||u-u_n|| = 0.003, ||u-u_n||/||u|| = 0.024
[15:39:06]   ||p|| = 0.014, ||p||_8 = 0.336, ||p-p_n|| = 0.0, ||p-p_n||/||p|| = 0.026
[15:39:17] Timestep 70 of 1000000000000:
[15:39:17]   Non-linearity u-P solved in 2 steps.
[15:39:17]   ||u|| = 0.142, ||u||_8 = 1.0, ||u-u_n|| = 0.003, ||u-u_n||/||u|| = 0.021
[15:39:17]   ||p|| = 0.015, ||p||_8 = 0.34, ||p-p_n|| = 0.0, ||p-p_n||/||p|| = 0.02
[15:39:27] Timestep 80 of 1000000000000:
[15:39:27]   Non-linearity u-P solved in 2 steps.
[15:39:27]   ||u|| = 0.147, ||u||_8 = 1.0, ||u-u_n|| = 0.003, ||u-u_n||/||u|| = 0.02
[15:39:27]   ||p|| = 0.016, ||p||_8 = 0.337, ||p-p_n|| = 0.0, ||p-p_n||/||p|| = 0.021
[15:39:37] Timestep 90 of 1000000000000:
[15:39:37]   Non-linearity u-P solved in 2 steps.
[15:39:37]   ||u|| = 0.151, ||u||_8 = 1.0, ||u-u_n|| = 0.003, ||u-u_n||/||u|| = 0.021
[15:39:37]   ||p|| = 0.016, ||p||_8 = 0.328, ||p-p_n|| = 0.0, ||p-p_n||/||p|| = 0.023
[15:39:47] Timestep 100 of 1000000000000:
[15:39:47]   Non-linearity u-P solved in 2 steps.
[15:39:47]   ||u|| = 0.156, ||u||_8 = 1.0, ||u-u_n|| = 0.003, ||u-u_n||/||u|| = 0.021
[15:39:47]   ||p|| = 0.017, ||p||_8 = 0.332, ||p-p_n|| = 0.0, ||p-p_n||/||p|| = 0.026
[15:39:58] Timestep 110 of 1000000000000:
[15:39:58]   Non-linearity u-P solved in 2 steps.
[15:39:58]   ||u|| = 0.16, ||u||_8 = 1.0, ||u-u_n|| = 0.003, ||u-u_n||/||u|| = 0.02
[15:39:58]   ||p|| = 0.017, ||p||_8 = 0.341, ||p-p_n|| = 0.0, ||p-p_n||/||p|| = 0.023
[15:40:08] Timestep 120 of 1000000000000:
[15:40:08]   Non-linearity u-P solved in 2 steps.
[15:40:08]   ||u|| = 0.164, ||u||_8 = 1.0, ||u-u_n|| = 0.003, ||u-u_n||/||u|| = 0.018
[15:40:08]   ||p|| = 0.018, ||p||_8 = 0.347, ||p-p_n|| = 0.0, ||p-p_n||/||p|| = 0.017
[15:40:19] Timestep 130 of 1000000000000:
[15:40:19]   Non-linearity u-P solved in 2 steps.
[15:40:19]   ||u|| = 0.167, ||u||_8 = 1.0, ||u-u_n|| = 0.003, ||u-u_n||/||u|| = 0.016
[15:40:19]   ||p|| = 0.019, ||p||_8 = 0.351, ||p-p_n|| = 0.0, ||p-p_n||/||p|| = 0.017
[15:40:30] Timestep 140 of 1000000000000:
[15:40:30]   Non-linearity u-P solved in 2 steps.
[15:40:30]   ||u|| = 0.17, ||u||_8 = 1.0, ||u-u_n|| = 0.003, ||u-u_n||/||u|| = 0.016
[15:40:30]   ||p|| = 0.02, ||p||_8 = 0.35, ||p-p_n|| = 0.0, ||p-p_n||/||p|| = 0.016
[15:40:40] Timestep 150 of 1000000000000:
[15:40:40]   Non-linearity u-P solved in 2 steps.
[15:40:40]   ||u|| = 0.173, ||u||_8 = 1.0, ||u-u_n|| = 0.003, ||u-u_n||/||u|| = 0.015
[15:40:40]   ||p|| = 0.021, ||p||_8 = 0.339, ||p-p_n|| = 0.0, ||p-p_n||/||p|| = 0.014
[15:40:51] Timestep 160 of 1000000000000:
[15:40:51]   Non-linearity u-P solved in 2 steps.
[15:40:51]   ||u|| = 0.176, ||u||_8 = 1.0, ||u-u_n|| = 0.003, ||u-u_n||/||u|| = 0.015
[15:40:51]   ||p|| = 0.021, ||p||_8 = 0.328, ||p-p_n|| = 0.0, ||p-p_n||/||p|| = 0.015
[15:41:01] Timestep 170 of 1000000000000:
[15:41:01]   Non-linearity u-P solved in 2 steps.
[15:41:01]   ||u|| = 0.18, ||u||_8 = 1.0, ||u-u_n|| = 0.003, ||u-u_n||/||u|| = 0.016
[15:41:01]   ||p|| = 0.022, ||p||_8 = 0.328, ||p-p_n|| = 0.0, ||p-p_n||/||p|| = 0.019
[15:41:11] Timestep 180 of 1000000000000:
[15:41:11]   Non-linearity u-P solved in 2 steps.
[15:41:11]   ||u|| = 0.183, ||u||_8 = 1.0, ||u-u_n|| = 0.003, ||u-u_n||/||u|| = 0.016
[15:41:11]   ||p|| = 0.023, ||p||_8 = 0.332, ||p-p_n|| = 0.0, ||p-p_n||/||p|| = 0.019
[15:41:21] Timestep 190 of 1000000000000:
[15:41:21]   Non-linearity u-P solved in 2 steps.
[15:41:21]   ||u|| = 0.186, ||u||_8 = 1.0, ||u-u_n|| = 0.003, ||u-u_n||/||u|| = 0.016
[15:41:21]   ||p|| = 0.023, ||p||_8 = 0.337, ||p-p_n|| = 0.0, ||p-p_n||/||p|| = 0.02
[15:41:31] Timestep 200 of 1000000000000:
[15:41:31]   Non-linearity u-P solved in 2 steps.
[15:41:32]   ||u|| = 0.189, ||u||_8 = 1.0, ||u-u_n|| = 0.003, ||u-u_n||/||u|| = 0.015
[15:41:32]   ||p|| = 0.021, ||p||_8 = 0.345, ||p-p_n|| = 0.001, ||p-p_n||/||p|| = 0.028
[15:41:42] Timestep 210 of 1000000000000:
[15:41:42]   Non-linearity u-P solved in 2 steps.
[15:41:42]   ||u|| = 0.192, ||u||_8 = 1.0, ||u-u_n|| = 0.003, ||u-u_n||/||u|| = 0.015
[15:41:42]   ||p|| = 0.019, ||p||_8 = 0.353, ||p-p_n|| = 0.0, ||p-p_n||/||p|| = 0.019
[15:41:52] Timestep 220 of 1000000000000:
[15:41:52]   Non-linearity u-P solved in 2 steps.
[15:41:52]   ||u|| = 0.194, ||u||_8 = 1.0, ||u-u_n|| = 0.003, ||u-u_n||/||u|| = 0.014
[15:41:52]   ||p|| = 0.02, ||p||_8 = 0.357, ||p-p_n|| = 0.0, ||p-p_n||/||p|| = 0.021
[15:42:02] Timestep 230 of 1000000000000:
[15:42:02]   Non-linearity u-P solved in 2 steps.
[15:42:02]   ||u|| = 0.197, ||u||_8 = 1.0, ||u-u_n|| = 0.003, ||u-u_n||/||u|| = 0.014
[15:42:02]   ||p|| = 0.022, ||p||_8 = 0.36, ||p-p_n|| = 0.0, ||p-p_n||/||p|| = 0.02
[15:42:12] Timestep 240 of 1000000000000:
[15:42:12]   Non-linearity u-P solved in 2 steps.
[15:42:12]   ||u|| = 0.199, ||u||_8 = 1.0, ||u-u_n|| = 0.003, ||u-u_n||/||u|| = 0.014
[15:42:12]   ||p|| = 0.025, ||p||_8 = 0.365, ||p-p_n|| = 0.0, ||p-p_n||/||p|| = 0.018
[15:42:23] Timestep 250 of 1000000000000:
[15:42:23]   Non-linearity u-P solved in 2 steps.
[15:42:23]   ||u|| = 0.201, ||u||_8 = 1.0, ||u-u_n|| = 0.003, ||u-u_n||/||u|| = 0.013
[15:42:23]   ||p|| = 0.026, ||p||_8 = 0.368, ||p-p_n|| = 0.0, ||p-p_n||/||p|| = 0.015
[15:42:34] Timestep 260 of 1000000000000:
[15:42:34]   Non-linearity u-P solved in 2 steps.
[15:42:34]   ||u|| = 0.202, ||u||_8 = 1.0, ||u-u_n|| = 0.002, ||u-u_n||/||u|| = 0.011
[15:42:34]   ||p|| = 0.026, ||p||_8 = 0.363, ||p-p_n|| = 0.0, ||p-p_n||/||p|| = 0.01
[15:42:45] Timestep 270 of 1000000000000:
[15:42:45]   Non-linearity u-P solved in 2 steps.
[15:42:45]   ||u|| = 0.204, ||u||_8 = 1.0, ||u-u_n|| = 0.002, ||u-u_n||/||u|| = 0.01
[15:42:45]   ||p|| = 0.026, ||p||_8 = 0.353, ||p-p_n|| = 0.0, ||p-p_n||/||p|| = 0.01
[15:42:55] Timestep 280 of 1000000000000:
[15:42:55]   Non-linearity u-P solved in 2 steps.
[15:42:55]   ||u|| = 0.205, ||u||_8 = 1.0, ||u-u_n|| = 0.002, ||u-u_n||/||u|| = 0.01
[15:42:55]   ||p|| = 0.026, ||p||_8 = 0.343, ||p-p_n|| = 0.0, ||p-p_n||/||p|| = 0.012
[15:43:05] Timestep 290 of 1000000000000:
[15:43:05]   Non-linearity u-P solved in 2 steps.
[15:43:05]   ||u|| = 0.207, ||u||_8 = 1.0, ||u-u_n|| = 0.002, ||u-u_n||/||u|| = 0.01
[15:43:05]   ||p|| = 0.027, ||p||_8 = 0.337, ||p-p_n|| = 0.0, ||p-p_n||/||p|| = 0.013
[15:43:15] Timestep 300 of 1000000000000:
[15:43:15]   Non-linearity u-P solved in 2 steps.
[15:43:15]   ||u|| = 0.209, ||u||_8 = 1.0, ||u-u_n|| = 0.002, ||u-u_n||/||u|| = 0.01
[15:43:15]   ||p|| = 0.029, ||p||_8 = 0.335, ||p-p_n|| = 0.0, ||p-p_n||/||p|| = 0.012
[15:43:25] Timestep 310 of 1000000000000:
[15:43:25]   Non-linearity u-P solved in 2 steps.
[15:43:25]   ||u|| = 0.211, ||u||_8 = 1.0, ||u-u_n|| = 0.002, ||u-u_n||/||u|| = 0.01
[15:43:25]   ||p|| = 0.03, ||p||_8 = 0.337, ||p-p_n|| = 0.0, ||p-p_n||/||p|| = 0.009
[15:43:36] Timestep 320 of 1000000000000:
[15:43:36]   Non-linearity u-P solved in 2 steps.
[15:43:36]   ||u|| = 0.213, ||u||_8 = 1.0, ||u-u_n|| = 0.002, ||u-u_n||/||u|| = 0.009
[15:43:36]   ||p|| = 0.03, ||p||_8 = 0.342, ||p-p_n|| = 0.0, ||p-p_n||/||p|| = 0.009
[15:43:47] Timestep 330 of 1000000000000:
[15:43:47]   Non-linearity u-P solved in 2 steps.
[15:43:47]   ||u|| = 0.214, ||u||_8 = 1.0, ||u-u_n|| = 0.002, ||u-u_n||/||u|| = 0.009
[15:43:47]   ||p|| = 0.028, ||p||_8 = 0.346, ||p-p_n|| = 0.0, ||p-p_n||/||p|| = 0.013
[15:43:57] Timestep 340 of 1000000000000:
[15:43:57]   Non-linearity u-P solved in 2 steps.
[15:43:57]   ||u|| = 0.216, ||u||_8 = 1.0, ||u-u_n|| = 0.002, ||u-u_n||/||u|| = 0.008
[15:43:57]   ||p|| = 0.027, ||p||_8 = 0.348, ||p-p_n|| = 0.0, ||p-p_n||/||p|| = 0.009
[15:44:08] Timestep 350 of 1000000000000:
[15:44:08]   Non-linearity u-P solved in 2 steps.
[15:44:08]   ||u|| = 0.217, ||u||_8 = 1.0, ||u-u_n|| = 0.002, ||u-u_n||/||u|| = 0.007
[15:44:08]   ||p|| = 0.027, ||p||_8 = 0.35, ||p-p_n|| = 0.0, ||p-p_n||/||p|| = 0.008
[15:44:18] Timestep 360 of 1000000000000:
[15:44:18]   Non-linearity u-P solved in 2 steps.
[15:44:18]   ||u|| = 0.219, ||u||_8 = 1.0, ||u-u_n|| = 0.001, ||u-u_n||/||u|| = 0.007
[15:44:18]   ||p|| = 0.028, ||p||_8 = 0.353, ||p-p_n|| = 0.0, ||p-p_n||/||p|| = 0.007
[15:44:29] Timestep 370 of 1000000000000:
[15:44:29]   Non-linearity u-P solved in 2 steps.
[15:44:29]   ||u|| = 0.22, ||u||_8 = 1.0, ||u-u_n|| = 0.001, ||u-u_n||/||u|| = 0.006
[15:44:29]   ||p|| = 0.029, ||p||_8 = 0.357, ||p-p_n|| = 0.0, ||p-p_n||/||p|| = 0.008
[15:44:40] Timestep 380 of 1000000000000:
[15:44:40]   Non-linearity u-P solved in 2 steps.
[15:44:40]   ||u|| = 0.222, ||u||_8 = 1.0, ||u-u_n|| = 0.001, ||u-u_n||/||u|| = 0.005
[15:44:40]   ||p|| = 0.03, ||p||_8 = 0.36, ||p-p_n|| = 0.0, ||p-p_n||/||p|| = 0.007
[15:44:51] Timestep 390 of 1000000000000:
[15:44:51]   Non-linearity u-P solved in 2 steps.
[15:44:51]   ||u|| = 0.223, ||u||_8 = 1.0, ||u-u_n|| = 0.001, ||u-u_n||/||u|| = 0.005
[15:44:51]   ||p|| = 0.031, ||p||_8 = 0.36, ||p-p_n|| = 0.0, ||p-p_n||/||p|| = 0.005
[15:45:00] Timestep 400 of 1000000000000:
[15:45:00]   Non-linearity u-P solved in 1 steps.
[15:45:00]   ||u|| = 0.224, ||u||_8 = 1.0, ||u-u_n|| = 0.001, ||u-u_n||/||u|| = 0.004
[15:45:00]   ||p|| = 0.031, ||p||_8 = 0.359, ||p-p_n|| = 0.0, ||p-p_n||/||p|| = 0.005
[15:45:07] Timestep 410 of 1000000000000:
[15:45:07]   Non-linearity u-P solved in 1 steps.
[15:45:07]   ||u|| = 0.225, ||u||_8 = 1.0, ||u-u_n|| = 0.001, ||u-u_n||/||u|| = 0.004
[15:45:07]   ||p|| = 0.031, ||p||_8 = 0.358, ||p-p_n|| = 0.0, ||p-p_n||/||p|| = 0.004
[15:45:14] Timestep 420 of 1000000000000:
[15:45:14]   Non-linearity u-P solved in 1 steps.
[15:45:14]   ||u|| = 0.226, ||u||_8 = 1.0, ||u-u_n|| = 0.001, ||u-u_n||/||u|| = 0.003
[15:45:14]   ||p|| = 0.032, ||p||_8 = 0.356, ||p-p_n|| = 0.0, ||p-p_n||/||p|| = 0.003
[15:45:21] Timestep 430 of 1000000000000:
[15:45:21]   Non-linearity u-P solved in 1 steps.
[15:45:21]   ||u|| = 0.227, ||u||_8 = 1.0, ||u-u_n|| = 0.001, ||u-u_n||/||u|| = 0.003
[15:45:21]   ||p|| = 0.032, ||p||_8 = 0.355, ||p-p_n|| = 0.0, ||p-p_n||/||p|| = 0.003
[15:45:28] Timestep 440 of 1000000000000:
[15:45:28]   Non-linearity u-P solved in 1 steps.
[15:45:28]   ||u|| = 0.227, ||u||_8 = 1.0, ||u-u_n|| = 0.001, ||u-u_n||/||u|| = 0.003
[15:45:28]   ||p|| = 0.032, ||p||_8 = 0.354, ||p-p_n|| = 0.0, ||p-p_n||/||p|| = 0.003
[15:45:35] Timestep 450 of 1000000000000:
[15:45:35]   Non-linearity u-P solved in 1 steps.
[15:45:35]   ||u|| = 0.228, ||u||_8 = 1.0, ||u-u_n|| = 0.001, ||u-u_n||/||u|| = 0.003
[15:45:35]   ||p|| = 0.032, ||p||_8 = 0.355, ||p-p_n|| = 0.0, ||p-p_n||/||p|| = 0.003
[15:45:42] Timestep 460 of 1000000000000:
[15:45:42]   Non-linearity u-P solved in 1 steps.
[15:45:42]   ||u|| = 0.229, ||u||_8 = 1.0, ||u-u_n|| = 0.001, ||u-u_n||/||u|| = 0.002
[15:45:42]   ||p|| = 0.032, ||p||_8 = 0.356, ||p-p_n|| = 0.0, ||p-p_n||/||p|| = 0.003
[15:45:48] Timestep 470 of 1000000000000:
[15:45:48]   Non-linearity u-P solved in 1 steps.
[15:45:48]   ||u|| = 0.23, ||u||_8 = 1.0, ||u-u_n|| = 0.0, ||u-u_n||/||u|| = 0.002
[15:45:48]   ||p|| = 0.032, ||p||_8 = 0.357, ||p-p_n|| = 0.0, ||p-p_n||/||p|| = 0.002
[15:45:55] Timestep 480 of 1000000000000:
[15:45:55]   Non-linearity u-P solved in 1 steps.
[15:45:55]   ||u|| = 0.231, ||u||_8 = 1.0, ||u-u_n|| = 0.0, ||u-u_n||/||u|| = 0.002
[15:45:55]   ||p|| = 0.033, ||p||_8 = 0.358, ||p-p_n|| = 0.0, ||p-p_n||/||p|| = 0.003
[15:46:02] Timestep 490 of 1000000000000:
[15:46:02]   Non-linearity u-P solved in 1 steps.
[15:46:02]   ||u|| = 0.231, ||u||_8 = 1.0, ||u-u_n|| = 0.0, ||u-u_n||/||u|| = 0.002
[15:46:02]   ||p|| = 0.033, ||p||_8 = 0.358, ||p-p_n|| = 0.0, ||p-p_n||/||p|| = 0.003
[15:46:09] Timestep 500 of 1000000000000:
[15:46:09]   Non-linearity u-P solved in 1 steps.
[15:46:09]   ||u|| = 0.232, ||u||_8 = 1.0, ||u-u_n|| = 0.0, ||u-u_n||/||u|| = 0.002
[15:46:09]   ||p|| = 0.034, ||p||_8 = 0.358, ||p-p_n|| = 0.0, ||p-p_n||/||p|| = 0.002
[15:46:15] Timestep 510 of 1000000000000:
[15:46:15]   Non-linearity u-P solved in 1 steps.
[15:46:15]   ||u|| = 0.232, ||u||_8 = 1.0, ||u-u_n|| = 0.0, ||u-u_n||/||u|| = 0.002
[15:46:15]   ||p|| = 0.034, ||p||_8 = 0.358, ||p-p_n|| = 0.0, ||p-p_n||/||p|| = 0.002
[15:46:22] Timestep 520 of 1000000000000:
[15:46:22]   Non-linearity u-P solved in 1 steps.
[15:46:22]   ||u|| = 0.233, ||u||_8 = 1.0, ||u-u_n|| = 0.0, ||u-u_n||/||u|| = 0.001
[15:46:22]   ||p|| = 0.034, ||p||_8 = 0.358, ||p-p_n|| = 0.0, ||p-p_n||/||p|| = 0.002
[15:46:29] Timestep 530 of 1000000000000:
[15:46:29]   Non-linearity u-P solved in 1 steps.
[15:46:29]   ||u|| = 0.233, ||u||_8 = 1.0, ||u-u_n|| = 0.0, ||u-u_n||/||u|| = 0.001
[15:46:29]   ||p|| = 0.034, ||p||_8 = 0.358, ||p-p_n|| = 0.0, ||p-p_n||/||p|| = 0.002
[15:46:36] Timestep 540 of 1000000000000:
[15:46:36]   Non-linearity u-P solved in 1 steps.
[15:46:36]   ||u|| = 0.234, ||u||_8 = 1.0, ||u-u_n|| = 0.0, ||u-u_n||/||u|| = 0.001
[15:46:36]   ||p|| = 0.034, ||p||_8 = 0.358, ||p-p_n|| = 0.0, ||p-p_n||/||p|| = 0.002
[15:46:42] Timestep 550 of 1000000000000:
[15:46:42]   Non-linearity u-P solved in 1 steps.
[15:46:42]   ||u|| = 0.234, ||u||_8 = 1.0, ||u-u_n|| = 0.0, ||u-u_n||/||u|| = 0.001
[15:46:42]   ||p|| = 0.034, ||p||_8 = 0.358, ||p-p_n|| = 0.0, ||p-p_n||/||p|| = 0.001
[15:46:49] Timestep 560 of 1000000000000:
[15:46:49]   Non-linearity u-P solved in 1 steps.
[15:46:49]   ||u|| = 0.235, ||u||_8 = 1.0, ||u-u_n|| = 0.0, ||u-u_n||/||u|| = 0.001
[15:46:49]   ||p|| = 0.034, ||p||_8 = 0.358, ||p-p_n|| = 0.0, ||p-p_n||/||p|| = 0.001
[15:46:56] Timestep 570 of 1000000000000:
[15:46:56]   Non-linearity u-P solved in 1 steps.
[15:46:56]   ||u|| = 0.235, ||u||_8 = 1.0, ||u-u_n|| = 0.0, ||u-u_n||/||u|| = 0.001
[15:46:56]   ||p|| = 0.034, ||p||_8 = 0.358, ||p-p_n|| = 0.0, ||p-p_n||/||p|| = 0.002
[15:47:02] Timestep 580 of 1000000000000:
[15:47:02]   Non-linearity u-P solved in 1 steps.
[15:47:02]   ||u|| = 0.236, ||u||_8 = 1.0, ||u-u_n|| = 0.0, ||u-u_n||/||u|| = 0.001
[15:47:02]   ||p|| = 0.035, ||p||_8 = 0.358, ||p-p_n|| = 0.0, ||p-p_n||/||p|| = 0.002
[15:47:09] Timestep 590 of 1000000000000:
[15:47:09]   Non-linearity u-P solved in 1 steps.
[15:47:09]   ||u|| = 0.236, ||u||_8 = 1.0, ||u-u_n|| = 0.0, ||u-u_n||/||u|| = 0.001
[15:47:09]   ||p|| = 0.035, ||p||_8 = 0.358, ||p-p_n|| = 0.0, ||p-p_n||/||p|| = 0.001
[15:47:14] Stopping simulation: all variables reached desired precision.
[15:47:14] Simulation stopped at 2021-05-03 15:47:14.762430, after 599 steps (581 seconds).
[15:47:14] Plotting Velocity...
[15:47:16] Plotting Velocity X-component...
[15:47:17] Plotting Velocity Y-component...
[15:47:19] Plotting Pressure...
[15:47:20] Plotting Temperature...
[15:47:22] Plotting Salinity...
[15:47:23] Plotting Mesh...
