[16:54:27] BCs were only given for V, Q, T spaces.
[16:54:27] BCs - Boundary right, space V[0] (marker 1), value 0
[16:54:27] BCs - Boundary right, space V[1] (marker 1), value 0
[16:54:27] BCs - Boundary bottom, space V[0] (marker 2), value 0
[16:54:27] BCs - Boundary bottom, space V[1] (marker 2), value 0
[16:54:27] BCs - Boundary left, space V[0] (marker 3), value 0
[16:54:27] BCs - Boundary left, space V[1] (marker 3), value 0
[16:54:27] BCs - Boundary top, space V[0] (marker 4), value 0
[16:54:27] BCs - Boundary top, space V[1] (marker 4), value 0
[16:54:27] BCs - Point (1, 1), space Q, value 0
[16:54:27] BCs - Boundary right, space T (marker 1), value 1
[16:54:27] BCs - Boundary left, space T (marker 3), value 0
[16:54:27] Initialized simulation.
[16:54:27] Running parameters:
{'final_time': 10000000000, 'steps_n': 500, 'simulation_precision': -5, 'degree_V': 2, 'degree_P': 1, 'degree_T': 1, 'degree_S': 1, 'convert_from_ms_to_kmh': False, 'g': 1, 'nu': [1], 'alpha': [1], 'rho_0': 1, 'beta': 1000000.0, 'gamma': 0, 'T_0': 0, 'S_0': 35, 'domain': 'square', 'domain_size_x': 2, 'domain_size_y': 1, 'shelf_size_x': 0.7, 'shelf_size_y': 0.1, 'mesh_resolution': 15, 'mesh_resolution_x': 20, 'mesh_resolution_y': 10, 'mesh_resolution_sea_y': 1, 'very_verbose': False, 'store_solutions': True, 'label': '', 'max_iter': 0, 'non_linear_max_iter': 30, 'stabilization': False, 'delta0': 1, 'tau0': 35, 'BCs': {'V': {'right': [0, 0], 'bottom': [0, 0], 'left': [0, 0], 'top': [0, 0]}, 'Q': {'(1,1)': 0}, 'T': {'right': 1, 'left': 0}}, 'config_file': 'feffi/config/buoyancy-driven-cavity.yml', 'plot_path': '/home/stot2794/git/fenics-phd/plots/BDC_1000000'}
[16:54:27] Running full simulation; started at 2021-05-04 16:54:27.178467
[16:54:27] Timestep 0 of 5000000000000:
[16:54:27]   Non-linearity u-P solved in 1 steps.
[16:54:27]   ||u|| = 0.0, ||u||_8 = 0.0, ||u-u_n|| = 0.0, ||u-u_n||/||u|| = 0
[16:54:27]   ||p|| = 0.57735, ||p||_8 = 1.0, ||p-p_n|| = 0.57735, ||p-p_n||/||p|| = 1.0
[16:54:27]   ||T|| = 0.1677, ||T||_8 = 1.0, ||T-T_n|| = 0.1677, ||T-T_n||/||T|| = 1.0
[16:55:24] Timestep 10 of 5000000000000:
[16:55:24]   Non-linearity u-P solved in 31 steps.
[16:55:24]   ||u|| = 97.9367, ||u||_8 = 345.66184, ||u-u_n|| = 61.87912, ||u-u_n||/||u|| = 0.63183
[16:55:24]   ||p|| = 266353.57388, ||p||_8 = 396074.29085, ||p-p_n|| = 22216.76887, ||p-p_n||/||p|| = 0.08341
[16:55:24]   ||T|| = 0.41522, ||T||_8 = 1.0, ||T-T_n|| = 0.04635, ||T-T_n||/||T|| = 0.11163
[16:56:22] Timestep 20 of 5000000000000:
[16:56:22]   Non-linearity u-P solved in 31 steps.
[16:56:22]   ||u|| = 97.17873, ||u||_8 = 294.83764, ||u-u_n|| = 25.93512, ||u-u_n||/||u|| = 0.26688
[16:56:22]   ||p|| = 349959.72011, ||p||_8 = 501014.46476, ||p-p_n|| = 10387.35971, ||p-p_n||/||p|| = 0.02968
[16:56:22]   ||T|| = 0.51197, ||T||_8 = 1.0, ||T-T_n|| = 0.01984, ||T-T_n||/||T|| = 0.03876
[16:57:20] Timestep 30 of 5000000000000:
[16:57:20]   Non-linearity u-P solved in 31 steps.
[16:57:20]   ||u|| = 93.80414, ||u||_8 = 276.59434, ||u-u_n|| = 33.48912, ||u-u_n||/||u|| = 0.35701
[16:57:20]   ||p|| = 370305.92043, ||p||_8 = 535401.69407, ||p-p_n|| = 7957.39016, ||p-p_n||/||p|| = 0.02149
[16:57:20]   ||T|| = 0.54889, ||T||_8 = 1.0, ||T-T_n|| = 0.02833, ||T-T_n||/||T|| = 0.05162
[16:58:18] Timestep 40 of 5000000000000:
[16:58:18]   Non-linearity u-P solved in 31 steps.
[16:58:18]   ||u|| = 87.77398, ||u||_8 = 322.0012, ||u-u_n|| = 7.25941, ||u-u_n||/||u|| = 0.08271
[16:58:18]   ||p|| = 370538.18853, ||p||_8 = 541447.00038, ||p-p_n|| = 4184.61954, ||p-p_n||/||p|| = 0.01129
[16:58:18]   ||T|| = 0.56237, ||T||_8 = 1.0, ||T-T_n|| = 0.00952, ||T-T_n||/||T|| = 0.01693
[16:59:17] Timestep 50 of 5000000000000:
[16:59:17]   Non-linearity u-P solved in 31 steps.
[16:59:17]   ||u|| = 88.05989, ||u||_8 = 330.79049, ||u-u_n|| = 3.77029, ||u-u_n||/||u|| = 0.04282
[16:59:17]   ||p|| = 373999.17944, ||p||_8 = 548843.1154, ||p-p_n|| = 1873.72354, ||p-p_n||/||p|| = 0.00501
[16:59:17]   ||T|| = 0.5678, ||T||_8 = 1.0, ||T-T_n|| = 0.0071, ||T-T_n||/||T|| = 0.0125
[17:00:15] Timestep 60 of 5000000000000:
[17:00:15]   Non-linearity u-P solved in 31 steps.
[17:00:15]   ||u|| = 89.45588, ||u||_8 = 333.11826, ||u-u_n|| = 1.86656, ||u-u_n||/||u|| = 0.02087
[17:00:15]   ||p|| = 375530.58808, ||p||_8 = 552359.30355, ||p-p_n|| = 423.19132, ||p-p_n||/||p|| = 0.00113
[17:00:15]   ||T|| = 0.56923, ||T||_8 = 1.0, ||T-T_n|| = 0.00222, ||T-T_n||/||T|| = 0.0039
[17:01:13] Timestep 70 of 5000000000000:
[17:01:13]   Non-linearity u-P solved in 31 steps.
[17:01:13]   ||u|| = 88.62151, ||u||_8 = 327.83726, ||u-u_n|| = 0.85592, ||u-u_n||/||u|| = 0.00966
[17:01:13]   ||p|| = 375383.79825, ||p||_8 = 550205.25378, ||p-p_n|| = 258.72073, ||p-p_n||/||p|| = 0.00069
[17:01:13]   ||T|| = 0.56954, ||T||_8 = 1.0, ||T-T_n|| = 0.00069, ||T-T_n||/||T|| = 0.00121
[17:02:11] Timestep 80 of 5000000000000:
[17:02:11]   Non-linearity u-P solved in 31 steps.
[17:02:11]   ||u|| = 88.81411, ||u||_8 = 329.39094, ||u-u_n|| = 0.30387, ||u-u_n||/||u|| = 0.00342
[17:02:11]   ||p|| = 375589.22329, ||p||_8 = 551118.38522, ||p-p_n|| = 126.47819, ||p-p_n||/||p|| = 0.00034
[17:02:11]   ||T|| = 0.5697, ||T||_8 = 1.0, ||T-T_n|| = 0.00016, ||T-T_n||/||T|| = 0.00028
[17:03:09] Timestep 90 of 5000000000000:
[17:03:09]   Non-linearity u-P solved in 31 steps.
[17:03:09]   ||u|| = 88.78494, ||u||_8 = 328.81331, ||u-u_n|| = 0.08378, ||u-u_n||/||u|| = 0.00094
[17:03:09]   ||p|| = 375574.61535, ||p||_8 = 550876.79952, ||p-p_n|| = 42.53128, ||p-p_n||/||p|| = 0.00011
[17:03:09]   ||T|| = 0.56971, ||T||_8 = 1.0, ||T-T_n|| = 4e-05, ||T-T_n||/||T|| = 6e-05
[17:04:07] Timestep 100 of 5000000000000:
[17:04:07]   Non-linearity u-P solved in 31 steps.
[17:04:07]   ||u|| = 88.7717, ||u||_8 = 328.94542, ||u-u_n|| = 0.01589, ||u-u_n||/||u|| = 0.00018
[17:04:07]   ||p|| = 375580.82661, ||p||_8 = 550940.001, ||p-p_n|| = 11.46632, ||p-p_n||/||p|| = 3e-05
[17:04:07]   ||T|| = 0.56973, ||T||_8 = 1.0, ||T-T_n|| = 3e-05, ||T-T_n||/||T|| = 5e-05
[17:05:05] Timestep 110 of 5000000000000:
[17:05:05]   Non-linearity u-P solved in 31 steps.
[17:05:05]   ||u|| = 88.78306, ||u||_8 = 328.90532, ||u-u_n|| = 0.00686, ||u-u_n||/||u|| = 8e-05
[17:05:05]   ||p|| = 375587.96855, ||p||_8 = 550936.63469, ||p-p_n|| = 1.69515, ||p-p_n||/||p|| = 0.0
[17:05:05]   ||T|| = 0.56973, ||T||_8 = 1.0, ||T-T_n|| = 2e-05, ||T-T_n||/||T|| = 3e-05
[17:06:04] Timestep 120 of 5000000000000:
[17:06:04]   Non-linearity u-P solved in 31 steps.
[17:06:04]   ||u|| = 88.77718, ||u||_8 = 328.91017, ||u-u_n|| = 0.00488, ||u-u_n||/||u|| = 5e-05
[17:06:04]   ||p|| = 375584.59034, ||p||_8 = 550932.98513, ||p-p_n|| = 0.93886, ||p-p_n||/||p|| = 0.0
[17:06:04]   ||T|| = 0.56973, ||T||_8 = 1.0, ||T-T_n|| = 1e-05, ||T-T_n||/||T|| = 1e-05
[17:07:02] Timestep 130 of 5000000000000:
[17:07:02]   Non-linearity u-P solved in 31 steps.
[17:07:02]   ||u|| = 88.77935, ||u||_8 = 328.9103, ||u-u_n|| = 0.00241, ||u-u_n||/||u|| = 3e-05
[17:07:02]   ||p|| = 375586.57526, ||p||_8 = 550936.47457, ||p-p_n|| = 0.72139, ||p-p_n||/||p|| = 0.0
[17:07:02]   ||T|| = 0.56973, ||T||_8 = 1.0, ||T-T_n|| = 0.0, ||T-T_n||/||T|| = 0.0
[17:07:08] Stopping simulation: all variables reached desired precision.
[17:07:08] Simulation stopped at 2021-05-04 17:07:08.297662, after 132 steps (761 seconds).
[17:07:08] Plotting Velocity...
[17:07:09] Plotting Velocity X-component...
[17:07:11] Plotting Velocity Y-component...
[17:07:12] Plotting Pressure...
[17:07:14] Plotting Temperature...
[17:07:15] Plotting Salinity...
[17:07:16] Plotting Mesh...
