[16:10:07] BCs were only given for V, Q spaces.
[16:10:07] BCs - Boundary right, space V[0] (marker 1), value 0
[16:10:07] BCs - Boundary right, space V[1] (marker 1), value 0
[16:10:07] BCs - Boundary bottom, space V[0] (marker 2), value 0
[16:10:07] BCs - Boundary bottom, space V[1] (marker 2), value 0
[16:10:07] BCs - Boundary left, space V[0] (marker 3), value 0
[16:10:07] BCs - Boundary left, space V[1] (marker 3), value 0
[16:10:07] BCs - Boundary top, space V[0] (marker 4), value 1
[16:10:07] BCs - Boundary top, space V[1] (marker 4), value 0
[16:10:07] BCs - Point (0, 0), space Q, value 0
[16:10:07] ## Running lid driven benchmark with parameters 
{'final_time': 10000000000, 'steps_n': 10, 'simulation_precision': -5, 'degree_V': 2, 'degree_P': 1, 'degree_T': 1, 'degree_S': 1, 'convert_from_ms_to_kmh': False, 'g': 0, 'nu': [0.00025], 'alpha': [1], 'rho_0': 1, 'beta': 0, 'gamma': 0, 'T_0': 1, 'S_0': 35, 'domain': 'square', 'domain_size_x': 2, 'domain_size_y': 1, 'shelf_size_x': 0.7, 'shelf_size_y': 0.1, 'mesh_resolution': 25, 'mesh_resolution_x': 20, 'mesh_resolution_y': 10, 'mesh_resolution_sea_y': 1, 'very_verbose': False, 'store_solutions': True, 'label': '', 'max_iter': 5000, 'non_linear_max_iter': 30, 'stabilization': False, 'delta0': 1, 'tau0': 35, 'BCs': {'V': {'right': [0, 0], 'bottom': [0, 0], 'left': [0, 0], 'top': [1, 0]}, 'Q': {'(0,0)': 0}}, 'config_file': 'feffi/config/lid-driven-cavity.yml', 'plot_path': '/home/stot2794/git/fenics-phd/plots/LDC_2.5e-4'} ##
[16:10:07] Initialized simulation.
[16:10:07] Running parameters:
{'final_time': 10000000000, 'steps_n': 10, 'simulation_precision': -5, 'degree_V': 2, 'degree_P': 1, 'degree_T': 1, 'degree_S': 1, 'convert_from_ms_to_kmh': False, 'g': 0, 'nu': [0.00025], 'alpha': [1], 'rho_0': 1, 'beta': 0, 'gamma': 0, 'T_0': 1, 'S_0': 35, 'domain': 'square', 'domain_size_x': 2, 'domain_size_y': 1, 'shelf_size_x': 0.7, 'shelf_size_y': 0.1, 'mesh_resolution': 25, 'mesh_resolution_x': 20, 'mesh_resolution_y': 10, 'mesh_resolution_sea_y': 1, 'very_verbose': False, 'store_solutions': True, 'label': '', 'max_iter': 5000, 'non_linear_max_iter': 30, 'stabilization': False, 'delta0': 1, 'tau0': 35, 'BCs': {'V': {'right': [0, 0], 'bottom': [0, 0], 'left': [0, 0], 'top': [1, 0]}, 'Q': {'(0,0)': 0}}, 'config_file': 'feffi/config/lid-driven-cavity.yml', 'plot_path': '/home/stot2794/git/fenics-phd/plots/LDC_2.5e-4'}
[16:10:07] Running full simulation; started at 2021-05-04 16:10:07.607898
[16:10:12] Timestep 0 of 100000000000:
[16:10:12]   Non-linearity u-P solved in 12 steps.
[16:10:12]   ||u|| = 0.07053, ||u||_8 = 1.0, ||u-u_n|| = 0.07053, ||u-u_n||/||u|| = 1.0
[16:10:12]   ||p|| = 0.0004, ||p||_8 = 0.02239, ||p-p_n|| = 0.0004, ||p-p_n||/||p|| = 1.0
[16:10:43] Timestep 10 of 100000000000:
[16:10:43]   Non-linearity u-P solved in 8 steps.
[16:10:43]   ||u|| = 0.09774, ||u||_8 = 1.0, ||u-u_n|| = 0.00468, ||u-u_n||/||u|| = 0.04784
[16:10:43]   ||p|| = 0.00478, ||p||_8 = 0.24088, ||p-p_n|| = 0.00075, ||p-p_n||/||p|| = 0.15586
[16:11:10] Timestep 20 of 100000000000:
[16:11:10]   Non-linearity u-P solved in 6 steps.
[16:11:10]   ||u|| = 0.11124, ||u||_8 = 1.0, ||u-u_n|| = 0.00434, ||u-u_n||/||u|| = 0.03902
[16:11:10]   ||p|| = 0.00806, ||p||_8 = 0.30381, ||p-p_n|| = 0.00059, ||p-p_n||/||p|| = 0.07302
[16:11:32] Timestep 30 of 100000000000:
[16:11:32]   Non-linearity u-P solved in 5 steps.
[16:11:32]   ||u|| = 0.11953, ||u||_8 = 1.0, ||u-u_n|| = 0.00464, ||u-u_n||/||u|| = 0.03882
[16:11:32]   ||p|| = 0.01059, ||p||_8 = 0.32496, ||p-p_n|| = 0.00063, ||p-p_n||/||p|| = 0.05988
[16:11:52] Timestep 40 of 100000000000:
[16:11:52]   Non-linearity u-P solved in 5 steps.
[16:11:52]   ||u|| = 0.12668, ||u||_8 = 1.0, ||u-u_n|| = 0.00448, ||u-u_n||/||u|| = 0.03536
[16:11:52]   ||p|| = 0.01201, ||p||_8 = 0.32818, ||p-p_n|| = 0.00063, ||p-p_n||/||p|| = 0.05279
[16:12:13] Timestep 50 of 100000000000:
[16:12:13]   Non-linearity u-P solved in 5 steps.
[16:12:13]   ||u|| = 0.13227, ||u||_8 = 1.0, ||u-u_n|| = 0.00409, ||u-u_n||/||u|| = 0.0309
[16:12:13]   ||p|| = 0.01302, ||p||_8 = 0.33256, ||p-p_n|| = 0.0005, ||p-p_n||/||p|| = 0.03873
[16:12:30] Timestep 60 of 100000000000:
[16:12:30]   Non-linearity u-P solved in 4 steps.
[16:12:30]   ||u|| = 0.13755, ||u||_8 = 1.0, ||u-u_n|| = 0.00331, ||u-u_n||/||u|| = 0.02403
[16:12:30]   ||p|| = 0.01414, ||p||_8 = 0.33591, ||p-p_n|| = 0.00034, ||p-p_n||/||p|| = 0.02416
[16:12:47] Timestep 70 of 100000000000:
[16:12:47]   Non-linearity u-P solved in 4 steps.
[16:12:47]   ||u|| = 0.14236, ||u||_8 = 1.0, ||u-u_n|| = 0.00302, ||u-u_n||/||u|| = 0.02122
[16:12:47]   ||p|| = 0.01515, ||p||_8 = 0.33982, ||p-p_n|| = 0.0003, ||p-p_n||/||p|| = 0.02
[16:13:04] Timestep 80 of 100000000000:
[16:13:04]   Non-linearity u-P solved in 4 steps.
[16:13:04]   ||u|| = 0.14686, ||u||_8 = 1.0, ||u-u_n|| = 0.00304, ||u-u_n||/||u|| = 0.02067
[16:13:04]   ||p|| = 0.01589, ||p||_8 = 0.33518, ||p-p_n|| = 0.00034, ||p-p_n||/||p|| = 0.02125
[16:13:21] Timestep 90 of 100000000000:
[16:13:21]   Non-linearity u-P solved in 4 steps.
[16:13:21]   ||u|| = 0.15143, ||u||_8 = 1.0, ||u-u_n|| = 0.00321, ||u-u_n||/||u|| = 0.02122
[16:13:21]   ||p|| = 0.01648, ||p||_8 = 0.32827, ||p-p_n|| = 0.0004, ||p-p_n||/||p|| = 0.02446
[16:13:38] Timestep 100 of 100000000000:
[16:13:38]   Non-linearity u-P solved in 4 steps.
[16:13:38]   ||u|| = 0.1563, ||u||_8 = 1.0, ||u-u_n|| = 0.00332, ||u-u_n||/||u|| = 0.02122
[16:13:38]   ||p|| = 0.01708, ||p||_8 = 0.33442, ||p-p_n|| = 0.00044, ||p-p_n||/||p|| = 0.02581
[16:13:55] Timestep 110 of 100000000000:
[16:13:55]   Non-linearity u-P solved in 4 steps.
[16:13:55]   ||u|| = 0.16052, ||u||_8 = 1.0, ||u-u_n|| = 0.0032, ||u-u_n||/||u|| = 0.01995
[16:13:55]   ||p|| = 0.01742, ||p||_8 = 0.34241, ||p-p_n|| = 0.00037, ||p-p_n||/||p|| = 0.02151
[16:14:13] Timestep 120 of 100000000000:
[16:14:13]   Non-linearity u-P solved in 4 steps.
[16:14:13]   ||u|| = 0.16409, ||u||_8 = 1.0, ||u-u_n|| = 0.00295, ||u-u_n||/||u|| = 0.018
[16:14:13]   ||p|| = 0.01808, ||p||_8 = 0.34798, ||p-p_n|| = 0.00031, ||p-p_n||/||p|| = 0.01695
[16:14:30] Timestep 130 of 100000000000:
[16:14:30]   Non-linearity u-P solved in 4 steps.
[16:14:30]   ||u|| = 0.16729, ||u||_8 = 1.0, ||u-u_n|| = 0.00284, ||u-u_n||/||u|| = 0.01696
[16:14:30]   ||p|| = 0.01922, ||p||_8 = 0.35104, ||p-p_n|| = 0.00034, ||p-p_n||/||p|| = 0.01769
[16:14:47] Timestep 140 of 100000000000:
[16:14:47]   Non-linearity u-P solved in 4 steps.
[16:14:47]   ||u|| = 0.17014, ||u||_8 = 1.0, ||u-u_n|| = 0.00272, ||u-u_n||/||u|| = 0.01599
[16:14:47]   ||p|| = 0.02006, ||p||_8 = 0.3474, ||p-p_n|| = 0.00032, ||p-p_n||/||p|| = 0.01591
[16:15:04] Timestep 150 of 100000000000:
[16:15:04]   Non-linearity u-P solved in 4 steps.
[16:15:04]   ||u|| = 0.17305, ||u||_8 = 1.0, ||u-u_n|| = 0.00258, ||u-u_n||/||u|| = 0.01491
[16:15:04]   ||p|| = 0.02061, ||p||_8 = 0.33332, ||p-p_n|| = 0.00028, ||p-p_n||/||p|| = 0.01375
[16:15:21] Timestep 160 of 100000000000:
[16:15:21]   Non-linearity u-P solved in 4 steps.
[16:15:21]   ||u|| = 0.17651, ||u||_8 = 1.0, ||u-u_n|| = 0.00273, ||u-u_n||/||u|| = 0.01545
[16:15:21]   ||p|| = 0.02129, ||p||_8 = 0.32597, ||p-p_n|| = 0.00037, ||p-p_n||/||p|| = 0.01736
[16:15:38] Timestep 170 of 100000000000:
[16:15:38]   Non-linearity u-P solved in 4 steps.
[16:15:38]   ||u|| = 0.1802, ||u||_8 = 1.0, ||u-u_n|| = 0.0029, ||u-u_n||/||u|| = 0.0161
[16:15:38]   ||p|| = 0.02214, ||p||_8 = 0.32923, ||p-p_n|| = 0.00045, ||p-p_n||/||p|| = 0.02013
[16:15:55] Timestep 180 of 100000000000:
[16:15:55]   Non-linearity u-P solved in 4 steps.
[16:15:55]   ||u|| = 0.18357, ||u||_8 = 1.0, ||u-u_n|| = 0.00298, ||u-u_n||/||u|| = 0.01621
[16:15:55]   ||p|| = 0.02281, ||p||_8 = 0.33382, ||p-p_n|| = 0.00043, ||p-p_n||/||p|| = 0.0189
[16:16:12] Timestep 190 of 100000000000:
[16:16:12]   Non-linearity u-P solved in 4 steps.
[16:16:12]   ||u|| = 0.18653, ||u||_8 = 1.0, ||u-u_n|| = 0.003, ||u-u_n||/||u|| = 0.0161
[16:16:12]   ||p|| = 0.02191, ||p||_8 = 0.34026, ||p-p_n|| = 0.00053, ||p-p_n||/||p|| = 0.0242
[16:16:29] Timestep 200 of 100000000000:
[16:16:29]   Non-linearity u-P solved in 4 steps.
[16:16:29]   ||u|| = 0.18921, ||u||_8 = 1.0, ||u-u_n|| = 0.00303, ||u-u_n||/||u|| = 0.016
[16:16:29]   ||p|| = 0.01971, ||p||_8 = 0.34926, ||p-p_n|| = 0.00055, ||p-p_n||/||p|| = 0.02816
[16:16:46] Timestep 210 of 100000000000:
[16:16:46]   Non-linearity u-P solved in 4 steps.
[16:16:46]   ||u|| = 0.19176, ||u||_8 = 1.0, ||u-u_n|| = 0.00295, ||u-u_n||/||u|| = 0.01536
[16:16:46]   ||p|| = 0.01942, ||p||_8 = 0.35472, ||p-p_n|| = 0.00038, ||p-p_n||/||p|| = 0.01968
[16:17:03] Timestep 220 of 100000000000:
[16:17:03]   Non-linearity u-P solved in 4 steps.
[16:17:03]   ||u|| = 0.19431, ||u||_8 = 1.0, ||u-u_n|| = 0.0028, ||u-u_n||/||u|| = 0.01442
[16:17:03]   ||p|| = 0.02113, ||p||_8 = 0.35749, ||p-p_n|| = 0.00047, ||p-p_n||/||p|| = 0.02203
[16:17:20] Timestep 230 of 100000000000:
[16:17:20]   Non-linearity u-P solved in 4 steps.
[16:17:20]   ||u|| = 0.19677, ||u||_8 = 1.0, ||u-u_n|| = 0.00285, ||u-u_n||/||u|| = 0.01448
[16:17:20]   ||p|| = 0.02342, ||p||_8 = 0.36233, ||p-p_n|| = 0.00045, ||p-p_n||/||p|| = 0.01941
[16:17:37] Timestep 240 of 100000000000:
[16:17:37]   Non-linearity u-P solved in 4 steps.
[16:17:37]   ||u|| = 0.19885, ||u||_8 = 1.0, ||u-u_n|| = 0.00286, ||u-u_n||/||u|| = 0.01436
[16:17:37]   ||p|| = 0.02538, ||p||_8 = 0.36725, ||p-p_n|| = 0.00044, ||p-p_n||/||p|| = 0.01739
[16:17:55] Timestep 250 of 100000000000:
[16:17:55]   Non-linearity u-P solved in 4 steps.
[16:17:55]   ||u|| = 0.20043, ||u||_8 = 1.0, ||u-u_n|| = 0.00242, ||u-u_n||/||u|| = 0.01207
[16:17:55]   ||p|| = 0.02618, ||p||_8 = 0.36599, ||p-p_n|| = 0.00032, ||p-p_n||/||p|| = 0.01216
[16:18:12] Timestep 260 of 100000000000:
[16:18:12]   Non-linearity u-P solved in 4 steps.
[16:18:12]   ||u|| = 0.20182, ||u||_8 = 1.0, ||u-u_n|| = 0.00205, ||u-u_n||/||u|| = 0.01015
[16:18:12]   ||p|| = 0.02606, ||p||_8 = 0.35665, ||p-p_n|| = 0.00024, ||p-p_n||/||p|| = 0.00927
[16:18:29] Timestep 270 of 100000000000:
[16:18:29]   Non-linearity u-P solved in 4 steps.
[16:18:29]   ||u|| = 0.20335, ||u||_8 = 1.0, ||u-u_n|| = 0.00204, ||u-u_n||/||u|| = 0.01005
[16:18:29]   ||p|| = 0.02587, ||p||_8 = 0.34561, ||p-p_n|| = 0.00029, ||p-p_n||/||p|| = 0.01102
[16:18:46] Timestep 280 of 100000000000:
[16:18:46]   Non-linearity u-P solved in 4 steps.
[16:18:46]   ||u|| = 0.2051, ||u||_8 = 1.0, ||u-u_n|| = 0.00211, ||u-u_n||/||u|| = 0.01028
[16:18:46]   ||p|| = 0.02632, ||p||_8 = 0.3381, ||p-p_n|| = 0.00033, ||p-p_n||/||p|| = 0.01256
[16:19:03] Timestep 290 of 100000000000:
[16:19:03]   Non-linearity u-P solved in 4 steps.
[16:19:03]   ||u|| = 0.20704, ||u||_8 = 1.0, ||u-u_n|| = 0.00215, ||u-u_n||/||u|| = 0.01037
[16:19:03]   ||p|| = 0.02764, ||p||_8 = 0.33502, ||p-p_n|| = 0.00037, ||p-p_n||/||p|| = 0.01336
[16:19:17] Timestep 300 of 100000000000:
[16:19:17]   Non-linearity u-P solved in 3 steps.
[16:19:17]   ||u|| = 0.20905, ||u||_8 = 1.0, ||u-u_n|| = 0.00212, ||u-u_n||/||u|| = 0.01012
[16:19:17]   ||p|| = 0.02934, ||p||_8 = 0.33505, ||p-p_n|| = 0.00033, ||p-p_n||/||p|| = 0.01123
[16:19:31] Timestep 310 of 100000000000:
[16:19:31]   Non-linearity u-P solved in 3 steps.
[16:19:31]   ||u|| = 0.21098, ||u||_8 = 1.0, ||u-u_n|| = 0.002, ||u-u_n||/||u|| = 0.00947
[16:19:31]   ||p|| = 0.02997, ||p||_8 = 0.33868, ||p-p_n|| = 0.00024, ||p-p_n||/||p|| = 0.00785
[16:19:44] Timestep 320 of 100000000000:
[16:19:44]   Non-linearity u-P solved in 3 steps.
[16:19:44]   ||u|| = 0.21266, ||u||_8 = 1.0, ||u-u_n|| = 0.00192, ||u-u_n||/||u|| = 0.00905
[16:19:44]   ||p|| = 0.02852, ||p||_8 = 0.34372, ||p-p_n|| = 0.00037, ||p-p_n||/||p|| = 0.0129
[16:19:58] Timestep 330 of 100000000000:
[16:19:58]   Non-linearity u-P solved in 3 steps.
[16:19:58]   ||u|| = 0.21418, ||u||_8 = 1.0, ||u-u_n|| = 0.00183, ||u-u_n||/||u|| = 0.00855
[16:19:58]   ||p|| = 0.02663, ||p||_8 = 0.34726, ||p-p_n|| = 0.0003, ||p-p_n||/||p|| = 0.01126
[16:20:11] Timestep 340 of 100000000000:
[16:20:11]   Non-linearity u-P solved in 3 steps.
[16:20:11]   ||u|| = 0.21567, ||u||_8 = 1.0, ||u-u_n|| = 0.00169, ||u-u_n||/||u|| = 0.00785
[16:20:11]   ||p|| = 0.02635, ||p||_8 = 0.34888, ||p-p_n|| = 0.00022, ||p-p_n||/||p|| = 0.00826
[16:20:25] Timestep 350 of 100000000000:
[16:20:25]   Non-linearity u-P solved in 3 steps.
[16:20:25]   ||u|| = 0.21722, ||u||_8 = 1.0, ||u-u_n|| = 0.00154, ||u-u_n||/||u|| = 0.00708
[16:20:25]   ||p|| = 0.02692, ||p||_8 = 0.35115, ||p-p_n|| = 0.00021, ||p-p_n||/||p|| = 0.00769
[16:20:38] Timestep 360 of 100000000000:
[16:20:38]   Non-linearity u-P solved in 3 steps.
[16:20:38]   ||u|| = 0.21882, ||u||_8 = 1.0, ||u-u_n|| = 0.0014, ||u-u_n||/||u|| = 0.00639
[16:20:38]   ||p|| = 0.02777, ||p||_8 = 0.35494, ||p-p_n|| = 0.00022, ||p-p_n||/||p|| = 0.00785
[16:20:52] Timestep 370 of 100000000000:
[16:20:52]   Non-linearity u-P solved in 3 steps.
[16:20:52]   ||u|| = 0.22038, ||u||_8 = 1.0, ||u-u_n|| = 0.00129, ||u-u_n||/||u|| = 0.00584
[16:20:52]   ||p|| = 0.02904, ||p||_8 = 0.35867, ||p-p_n|| = 0.00023, ||p-p_n||/||p|| = 0.00808
[16:21:05] Timestep 380 of 100000000000:
[16:21:05]   Non-linearity u-P solved in 3 steps.
[16:21:05]   ||u|| = 0.2218, ||u||_8 = 1.0, ||u-u_n|| = 0.00113, ||u-u_n||/||u|| = 0.00511
[16:21:05]   ||p|| = 0.0302, ||p||_8 = 0.36066, ||p-p_n|| = 0.00019, ||p-p_n||/||p|| = 0.0062
[16:21:19] Timestep 390 of 100000000000:
[16:21:19]   Non-linearity u-P solved in 3 steps.
[16:21:19]   ||u|| = 0.22303, ||u||_8 = 1.0, ||u-u_n|| = 0.00102, ||u-u_n||/||u|| = 0.00456
[16:21:19]   ||p|| = 0.03086, ||p||_8 = 0.35965, ||p-p_n|| = 0.00016, ||p-p_n||/||p|| = 0.0051
[16:21:32] Timestep 400 of 100000000000:
[16:21:32]   Non-linearity u-P solved in 3 steps.
[16:21:32]   ||u|| = 0.22407, ||u||_8 = 1.0, ||u-u_n|| = 0.00092, ||u-u_n||/||u|| = 0.00409
[16:21:32]   ||p|| = 0.03115, ||p||_8 = 0.3581, ||p-p_n|| = 0.00014, ||p-p_n||/||p|| = 0.00437
[16:21:46] Timestep 410 of 100000000000:
[16:21:46]   Non-linearity u-P solved in 3 steps.
[16:21:46]   ||u|| = 0.22495, ||u||_8 = 1.0, ||u-u_n|| = 0.00082, ||u-u_n||/||u|| = 0.00363
[16:21:46]   ||p|| = 0.03138, ||p||_8 = 0.35697, ||p-p_n|| = 0.00011, ||p-p_n||/||p|| = 0.00344
[16:21:59] Timestep 420 of 100000000000:
[16:21:59]   Non-linearity u-P solved in 3 steps.
[16:22:00]   ||u|| = 0.22576, ||u||_8 = 1.0, ||u-u_n|| = 0.00076, ||u-u_n||/||u|| = 0.00337
[16:22:00]   ||p|| = 0.03174, ||p||_8 = 0.35508, ||p-p_n|| = 0.00011, ||p-p_n||/||p|| = 0.00352
[16:22:13] Timestep 430 of 100000000000:
[16:22:13]   Non-linearity u-P solved in 3 steps.
[16:22:13]   ||u|| = 0.2266, ||u||_8 = 1.0, ||u-u_n|| = 0.00071, ||u-u_n||/||u|| = 0.00313
[16:22:13]   ||p|| = 0.03211, ||p||_8 = 0.35357, ||p-p_n|| = 0.0001, ||p-p_n||/||p|| = 0.00317
[16:22:27] Timestep 440 of 100000000000:
[16:22:27]   Non-linearity u-P solved in 3 steps.
[16:22:27]   ||u|| = 0.22745, ||u||_8 = 1.0, ||u-u_n|| = 0.00065, ||u-u_n||/||u|| = 0.00286
[16:22:27]   ||p|| = 0.0321, ||p||_8 = 0.35375, ||p-p_n|| = 0.0001, ||p-p_n||/||p|| = 0.00322
[16:22:40] Timestep 450 of 100000000000:
[16:22:40]   Non-linearity u-P solved in 3 steps.
[16:22:40]   ||u|| = 0.22826, ||u||_8 = 1.0, ||u-u_n|| = 0.00059, ||u-u_n||/||u|| = 0.00257
[16:22:40]   ||p|| = 0.03183, ||p||_8 = 0.3552, ||p-p_n|| = 0.0001, ||p-p_n||/||p|| = 0.003
[16:22:54] Timestep 460 of 100000000000:
[16:22:54]   Non-linearity u-P solved in 3 steps.
[16:22:54]   ||u|| = 0.22903, ||u||_8 = 1.0, ||u-u_n|| = 0.00053, ||u-u_n||/||u|| = 0.00231
[16:22:54]   ||p|| = 0.03188, ||p||_8 = 0.35656, ||p-p_n|| = 8e-05, ||p-p_n||/||p|| = 0.00249
[16:23:08] Timestep 470 of 100000000000:
[16:23:08]   Non-linearity u-P solved in 3 steps.
[16:23:08]   ||u|| = 0.22978, ||u||_8 = 1.0, ||u-u_n|| = 0.00047, ||u-u_n||/||u|| = 0.00207
[16:23:08]   ||p|| = 0.03236, ||p||_8 = 0.35721, ||p-p_n|| = 9e-05, ||p-p_n||/||p|| = 0.00282
[16:23:21] Timestep 480 of 100000000000:
[16:23:21]   Non-linearity u-P solved in 3 steps.
[16:23:21]   ||u|| = 0.23051, ||u||_8 = 1.0, ||u-u_n|| = 0.00044, ||u-u_n||/||u|| = 0.0019
[16:23:21]   ||p|| = 0.03291, ||p||_8 = 0.35738, ||p-p_n|| = 9e-05, ||p-p_n||/||p|| = 0.00265
[16:23:35] Timestep 490 of 100000000000:
[16:23:35]   Non-linearity u-P solved in 3 steps.
[16:23:35]   ||u|| = 0.23121, ||u||_8 = 1.0, ||u-u_n|| = 0.00041, ||u-u_n||/||u|| = 0.00176
[16:23:35]   ||p|| = 0.03329, ||p||_8 = 0.35763, ||p-p_n|| = 7e-05, ||p-p_n||/||p|| = 0.00221
[16:23:48] Timestep 500 of 100000000000:
[16:23:48]   Non-linearity u-P solved in 3 steps.
[16:23:48]   ||u|| = 0.23183, ||u||_8 = 1.0, ||u-u_n|| = 0.00037, ||u-u_n||/||u|| = 0.00161
[16:23:48]   ||p|| = 0.03355, ||p||_8 = 0.35817, ||p-p_n|| = 6e-05, ||p-p_n||/||p|| = 0.00175
[16:24:02] Timestep 510 of 100000000000:
[16:24:02]   Non-linearity u-P solved in 3 steps.
[16:24:02]   ||u|| = 0.23237, ||u||_8 = 1.0, ||u-u_n|| = 0.00035, ||u-u_n||/||u|| = 0.00149
[16:24:02]   ||p|| = 0.03379, ||p||_8 = 0.35838, ||p-p_n|| = 5e-05, ||p-p_n||/||p|| = 0.00156
[16:24:14] Timestep 520 of 100000000000:
[16:24:14]   Non-linearity u-P solved in 2 steps.
[16:24:14]   ||u|| = 0.23285, ||u||_8 = 1.0, ||u-u_n|| = 0.00033, ||u-u_n||/||u|| = 0.00141
[16:24:14]   ||p|| = 0.03396, ||p||_8 = 0.35802, ||p-p_n|| = 5e-05, ||p-p_n||/||p|| = 0.00149
[16:24:24] Timestep 530 of 100000000000:
[16:24:24]   Non-linearity u-P solved in 2 steps.
[16:24:24]   ||u|| = 0.23332, ||u||_8 = 1.0, ||u-u_n|| = 0.00031, ||u-u_n||/||u|| = 0.00134
[16:24:24]   ||p|| = 0.03396, ||p||_8 = 0.35763, ||p-p_n|| = 5e-05, ||p-p_n||/||p|| = 0.0016
[16:24:34] Timestep 540 of 100000000000:
[16:24:34]   Non-linearity u-P solved in 2 steps.
[16:24:34]   ||u|| = 0.23377, ||u||_8 = 1.0, ||u-u_n|| = 0.00029, ||u-u_n||/||u|| = 0.00125
[16:24:34]   ||p|| = 0.03389, ||p||_8 = 0.35762, ||p-p_n|| = 5e-05, ||p-p_n||/||p|| = 0.00148
[16:24:44] Timestep 550 of 100000000000:
[16:24:44]   Non-linearity u-P solved in 2 steps.
[16:24:44]   ||u|| = 0.23423, ||u||_8 = 1.0, ||u-u_n|| = 0.00027, ||u-u_n||/||u|| = 0.00114
[16:24:44]   ||p|| = 0.03395, ||p||_8 = 0.35783, ||p-p_n|| = 4e-05, ||p-p_n||/||p|| = 0.00124
[16:24:54] Timestep 560 of 100000000000:
[16:24:54]   Non-linearity u-P solved in 2 steps.
[16:24:54]   ||u|| = 0.23468, ||u||_8 = 1.0, ||u-u_n|| = 0.00025, ||u-u_n||/||u|| = 0.00106
[16:24:54]   ||p|| = 0.03421, ||p||_8 = 0.35799, ||p-p_n|| = 5e-05, ||p-p_n||/||p|| = 0.00144
[16:25:04] Timestep 570 of 100000000000:
[16:25:04]   Non-linearity u-P solved in 2 steps.
[16:25:05]   ||u|| = 0.23513, ||u||_8 = 1.0, ||u-u_n|| = 0.00024, ||u-u_n||/||u|| = 0.00101
[16:25:05]   ||p|| = 0.03454, ||p||_8 = 0.35806, ||p-p_n|| = 5e-05, ||p-p_n||/||p|| = 0.00152
[16:25:15] Timestep 580 of 100000000000:
[16:25:15]   Non-linearity u-P solved in 2 steps.
[16:25:15]   ||u|| = 0.23555, ||u||_8 = 1.0, ||u-u_n|| = 0.00023, ||u-u_n||/||u|| = 0.00097
[16:25:15]   ||p|| = 0.0348, ||p||_8 = 0.35819, ||p-p_n|| = 5e-05, ||p-p_n||/||p|| = 0.00132
[16:25:25] Timestep 590 of 100000000000:
[16:25:25]   Non-linearity u-P solved in 2 steps.
[16:25:25]   ||u|| = 0.23594, ||u||_8 = 1.0, ||u-u_n|| = 0.00021, ||u-u_n||/||u|| = 0.0009
[16:25:25]   ||p|| = 0.03498, ||p||_8 = 0.35839, ||p-p_n|| = 4e-05, ||p-p_n||/||p|| = 0.00102
[16:25:35] Timestep 600 of 100000000000:
[16:25:35]   Non-linearity u-P solved in 2 steps.
[16:25:35]   ||u|| = 0.23629, ||u||_8 = 1.0, ||u-u_n|| = 0.0002, ||u-u_n||/||u|| = 0.00083
[16:25:35]   ||p|| = 0.03511, ||p||_8 = 0.35846, ||p-p_n|| = 3e-05, ||p-p_n||/||p|| = 0.00084
[16:25:45] Timestep 610 of 100000000000:
[16:25:45]   Non-linearity u-P solved in 2 steps.
[16:25:45]   ||u|| = 0.23661, ||u||_8 = 1.0, ||u-u_n|| = 0.00019, ||u-u_n||/||u|| = 0.0008
[16:25:45]   ||p|| = 0.03518, ||p||_8 = 0.35832, ||p-p_n|| = 3e-05, ||p-p_n||/||p|| = 0.00086
[16:25:55] Timestep 620 of 100000000000:
[16:25:55]   Non-linearity u-P solved in 2 steps.
[16:25:55]   ||u|| = 0.23692, ||u||_8 = 1.0, ||u-u_n|| = 0.00018, ||u-u_n||/||u|| = 0.00078
[16:25:55]   ||p|| = 0.03518, ||p||_8 = 0.35817, ||p-p_n|| = 3e-05, ||p-p_n||/||p|| = 0.00095
[16:26:05] Timestep 630 of 100000000000:
[16:26:05]   Non-linearity u-P solved in 2 steps.
[16:26:05]   ||u|| = 0.23724, ||u||_8 = 1.0, ||u-u_n|| = 0.00017, ||u-u_n||/||u|| = 0.00074
[16:26:05]   ||p|| = 0.03517, ||p||_8 = 0.35816, ||p-p_n|| = 3e-05, ||p-p_n||/||p|| = 0.00085
[16:26:15] Timestep 640 of 100000000000:
[16:26:15]   Non-linearity u-P solved in 2 steps.
[16:26:15]   ||u|| = 0.23755, ||u||_8 = 1.0, ||u-u_n|| = 0.00016, ||u-u_n||/||u|| = 0.00068
[16:26:15]   ||p|| = 0.03525, ||p||_8 = 0.35824, ||p-p_n|| = 3e-05, ||p-p_n||/||p|| = 0.00075
[16:26:25] Timestep 650 of 100000000000:
[16:26:25]   Non-linearity u-P solved in 2 steps.
[16:26:25]   ||u|| = 0.23786, ||u||_8 = 1.0, ||u-u_n|| = 0.00015, ||u-u_n||/||u|| = 0.00063
[16:26:25]   ||p|| = 0.03544, ||p||_8 = 0.35833, ||p-p_n|| = 3e-05, ||p-p_n||/||p|| = 0.00089
[16:26:35] Timestep 660 of 100000000000:
[16:26:35]   Non-linearity u-P solved in 2 steps.
[16:26:35]   ||u|| = 0.23817, ||u||_8 = 1.0, ||u-u_n|| = 0.00015, ||u-u_n||/||u|| = 0.00061
[16:26:35]   ||p|| = 0.03566, ||p||_8 = 0.35838, ||p-p_n|| = 3e-05, ||p-p_n||/||p|| = 0.00094
[16:26:45] Timestep 670 of 100000000000:
[16:26:45]   Non-linearity u-P solved in 2 steps.
[16:26:45]   ||u|| = 0.23846, ||u||_8 = 1.0, ||u-u_n|| = 0.00014, ||u-u_n||/||u|| = 0.00059
[16:26:45]   ||p|| = 0.03584, ||p||_8 = 0.35845, ||p-p_n|| = 3e-05, ||p-p_n||/||p|| = 0.00081
[16:26:55] Timestep 680 of 100000000000:
[16:26:55]   Non-linearity u-P solved in 2 steps.
[16:26:55]   ||u|| = 0.23872, ||u||_8 = 1.0, ||u-u_n|| = 0.00013, ||u-u_n||/||u|| = 0.00054
[16:26:55]   ||p|| = 0.03597, ||p||_8 = 0.35852, ||p-p_n|| = 2e-05, ||p-p_n||/||p|| = 0.00061
[16:27:05] Timestep 690 of 100000000000:
[16:27:05]   Non-linearity u-P solved in 2 steps.
[16:27:05]   ||u|| = 0.23897, ||u||_8 = 1.0, ||u-u_n|| = 0.00012, ||u-u_n||/||u|| = 0.0005
[16:27:05]   ||p|| = 0.03604, ||p||_8 = 0.35852, ||p-p_n|| = 2e-05, ||p-p_n||/||p|| = 0.00049
[16:27:15] Timestep 700 of 100000000000:
[16:27:15]   Non-linearity u-P solved in 2 steps.
[16:27:15]   ||u|| = 0.2392, ||u||_8 = 1.0, ||u-u_n|| = 0.00012, ||u-u_n||/||u|| = 0.00049
[16:27:15]   ||p|| = 0.03607, ||p||_8 = 0.35842, ||p-p_n|| = 2e-05, ||p-p_n||/||p|| = 0.00054
[16:27:25] Timestep 710 of 100000000000:
[16:27:25]   Non-linearity u-P solved in 2 steps.
[16:27:25]   ||u|| = 0.23943, ||u||_8 = 1.0, ||u-u_n|| = 0.00011, ||u-u_n||/||u|| = 0.00047
[16:27:25]   ||p|| = 0.03608, ||p||_8 = 0.35834, ||p-p_n|| = 2e-05, ||p-p_n||/||p|| = 0.00056
[16:27:35] Timestep 720 of 100000000000:
[16:27:35]   Non-linearity u-P solved in 2 steps.
[16:27:35]   ||u|| = 0.23967, ||u||_8 = 1.0, ||u-u_n|| = 0.00011, ||u-u_n||/||u|| = 0.00044
[16:27:35]   ||p|| = 0.03611, ||p||_8 = 0.35833, ||p-p_n|| = 2e-05, ||p-p_n||/||p|| = 0.0005
[16:27:45] Timestep 730 of 100000000000:
[16:27:45]   Non-linearity u-P solved in 2 steps.
[16:27:45]   ||u|| = 0.2399, ||u||_8 = 1.0, ||u-u_n|| = 0.0001, ||u-u_n||/||u|| = 0.00041
[16:27:45]   ||p|| = 0.03619, ||p||_8 = 0.35838, ||p-p_n|| = 2e-05, ||p-p_n||/||p|| = 0.00049
[16:27:55] Timestep 740 of 100000000000:
[16:27:55]   Non-linearity u-P solved in 2 steps.
[16:27:55]   ||u|| = 0.24013, ||u||_8 = 1.0, ||u-u_n|| = 9e-05, ||u-u_n||/||u|| = 0.00038
[16:27:55]   ||p|| = 0.03633, ||p||_8 = 0.35844, ||p-p_n|| = 2e-05, ||p-p_n||/||p|| = 0.00058
[16:28:05] Timestep 750 of 100000000000:
[16:28:05]   Non-linearity u-P solved in 2 steps.
[16:28:05]   ||u|| = 0.24035, ||u||_8 = 1.0, ||u-u_n|| = 9e-05, ||u-u_n||/||u|| = 0.00037
[16:28:05]   ||p|| = 0.03648, ||p||_8 = 0.35849, ||p-p_n|| = 2e-05, ||p-p_n||/||p|| = 0.00059
[16:28:15] Timestep 760 of 100000000000:
[16:28:15]   Non-linearity u-P solved in 2 steps.
[16:28:15]   ||u|| = 0.24056, ||u||_8 = 1.0, ||u-u_n|| = 9e-05, ||u-u_n||/||u|| = 0.00035
[16:28:15]   ||p|| = 0.03661, ||p||_8 = 0.35853, ||p-p_n|| = 2e-05, ||p-p_n||/||p|| = 0.00048
[16:28:25] Timestep 770 of 100000000000:
[16:28:25]   Non-linearity u-P solved in 2 steps.
[16:28:25]   ||u|| = 0.24076, ||u||_8 = 1.0, ||u-u_n|| = 8e-05, ||u-u_n||/||u|| = 0.00033
[16:28:25]   ||p|| = 0.03669, ||p||_8 = 0.35855, ||p-p_n|| = 1e-05, ||p-p_n||/||p|| = 0.00035
[16:28:36] Timestep 780 of 100000000000:
[16:28:36]   Non-linearity u-P solved in 2 steps.
[16:28:36]   ||u|| = 0.24095, ||u||_8 = 1.0, ||u-u_n|| = 7e-05, ||u-u_n||/||u|| = 0.0003
[16:28:36]   ||p|| = 0.03673, ||p||_8 = 0.35852, ||p-p_n|| = 1e-05, ||p-p_n||/||p|| = 0.0003
[16:28:46] Timestep 790 of 100000000000:
[16:28:46]   Non-linearity u-P solved in 2 steps.
[16:28:46]   ||u|| = 0.24113, ||u||_8 = 1.0, ||u-u_n|| = 7e-05, ||u-u_n||/||u|| = 0.00029
[16:28:46]   ||p|| = 0.03676, ||p||_8 = 0.35846, ||p-p_n|| = 1e-05, ||p-p_n||/||p|| = 0.00033
[16:28:56] Timestep 800 of 100000000000:
[16:28:56]   Non-linearity u-P solved in 2 steps.
[16:28:56]   ||u|| = 0.24131, ||u||_8 = 1.0, ||u-u_n|| = 7e-05, ||u-u_n||/||u|| = 0.00028
[16:28:56]   ||p|| = 0.03679, ||p||_8 = 0.35841, ||p-p_n|| = 1e-05, ||p-p_n||/||p|| = 0.00033
[16:29:06] Timestep 810 of 100000000000:
[16:29:06]   Non-linearity u-P solved in 2 steps.
[16:29:06]   ||u|| = 0.24149, ||u||_8 = 1.0, ||u-u_n|| = 6e-05, ||u-u_n||/||u|| = 0.00026
[16:29:06]   ||p|| = 0.03683, ||p||_8 = 0.35841, ||p-p_n|| = 1e-05, ||p-p_n||/||p|| = 0.0003
[16:29:16] Timestep 820 of 100000000000:
[16:29:16]   Non-linearity u-P solved in 2 steps.
[16:29:16]   ||u|| = 0.24167, ||u||_8 = 1.0, ||u-u_n|| = 6e-05, ||u-u_n||/||u|| = 0.00024
[16:29:16]   ||p|| = 0.03691, ||p||_8 = 0.35845, ||p-p_n|| = 1e-05, ||p-p_n||/||p|| = 0.00033
[16:29:26] Timestep 830 of 100000000000:
[16:29:26]   Non-linearity u-P solved in 2 steps.
[16:29:26]   ||u|| = 0.24185, ||u||_8 = 1.0, ||u-u_n|| = 6e-05, ||u-u_n||/||u|| = 0.00023
[16:29:26]   ||p|| = 0.03701, ||p||_8 = 0.35849, ||p-p_n|| = 1e-05, ||p-p_n||/||p|| = 0.00038
[16:29:36] Timestep 840 of 100000000000:
[16:29:36]   Non-linearity u-P solved in 2 steps.
[16:29:36]   ||u|| = 0.24202, ||u||_8 = 1.0, ||u-u_n|| = 5e-05, ||u-u_n||/||u|| = 0.00022
[16:29:36]   ||p|| = 0.03712, ||p||_8 = 0.35852, ||p-p_n|| = 1e-05, ||p-p_n||/||p|| = 0.00036
[16:29:46] Timestep 850 of 100000000000:
[16:29:46]   Non-linearity u-P solved in 2 steps.
[16:29:46]   ||u|| = 0.24218, ||u||_8 = 1.0, ||u-u_n|| = 5e-05, ||u-u_n||/||u|| = 0.00021
[16:29:46]   ||p|| = 0.0372, ||p||_8 = 0.35854, ||p-p_n|| = 1e-05, ||p-p_n||/||p|| = 0.00028
[16:29:56] Timestep 860 of 100000000000:
[16:29:56]   Non-linearity u-P solved in 2 steps.
[16:29:56]   ||u|| = 0.24234, ||u||_8 = 1.0, ||u-u_n|| = 5e-05, ||u-u_n||/||u|| = 0.00019
[16:29:56]   ||p|| = 0.03725, ||p||_8 = 0.35854, ||p-p_n|| = 1e-05, ||p-p_n||/||p|| = 0.00021
[16:30:06] Timestep 870 of 100000000000:
[16:30:06]   Non-linearity u-P solved in 2 steps.
[16:30:06]   ||u|| = 0.24248, ||u||_8 = 1.0, ||u-u_n|| = 4e-05, ||u-u_n||/||u|| = 0.00018
[16:30:06]   ||p|| = 0.03729, ||p||_8 = 0.35851, ||p-p_n|| = 1e-05, ||p-p_n||/||p|| = 0.0002
[16:30:17] Timestep 880 of 100000000000:
[16:30:17]   Non-linearity u-P solved in 2 steps.
[16:30:17]   ||u|| = 0.24263, ||u||_8 = 1.0, ||u-u_n|| = 4e-05, ||u-u_n||/||u|| = 0.00018
[16:30:17]   ||p|| = 0.03732, ||p||_8 = 0.35848, ||p-p_n|| = 1e-05, ||p-p_n||/||p|| = 0.00021
[16:30:27] Timestep 890 of 100000000000:
[16:30:27]   Non-linearity u-P solved in 2 steps.
[16:30:27]   ||u|| = 0.24277, ||u||_8 = 1.0, ||u-u_n|| = 4e-05, ||u-u_n||/||u|| = 0.00017
[16:30:27]   ||p|| = 0.03735, ||p||_8 = 0.35846, ||p-p_n|| = 1e-05, ||p-p_n||/||p|| = 0.00021
[16:30:37] Timestep 900 of 100000000000:
[16:30:37]   Non-linearity u-P solved in 2 steps.
[16:30:37]   ||u|| = 0.24292, ||u||_8 = 1.0, ||u-u_n|| = 4e-05, ||u-u_n||/||u|| = 0.00016
[16:30:37]   ||p|| = 0.0374, ||p||_8 = 0.35846, ||p-p_n|| = 1e-05, ||p-p_n||/||p|| = 0.00021
[16:30:47] Timestep 910 of 100000000000:
[16:30:47]   Non-linearity u-P solved in 2 steps.
[16:30:47]   ||u|| = 0.24306, ||u||_8 = 1.0, ||u-u_n|| = 4e-05, ||u-u_n||/||u|| = 0.00015
[16:30:47]   ||p|| = 0.03747, ||p||_8 = 0.35849, ||p-p_n|| = 1e-05, ||p-p_n||/||p|| = 0.00024
[16:30:57] Timestep 920 of 100000000000:
[16:30:57]   Non-linearity u-P solved in 2 steps.
[16:30:57]   ||u|| = 0.2432, ||u||_8 = 1.0, ||u-u_n|| = 3e-05, ||u-u_n||/||u|| = 0.00014
[16:30:57]   ||p|| = 0.03755, ||p||_8 = 0.35851, ||p-p_n|| = 1e-05, ||p-p_n||/||p|| = 0.00025
[16:31:07] Timestep 930 of 100000000000:
[16:31:07]   Non-linearity u-P solved in 2 steps.
[16:31:07]   ||u|| = 0.24334, ||u||_8 = 1.0, ||u-u_n|| = 3e-05, ||u-u_n||/||u|| = 0.00014
[16:31:07]   ||p|| = 0.03762, ||p||_8 = 0.35853, ||p-p_n|| = 1e-05, ||p-p_n||/||p|| = 0.00023
[16:31:17] Timestep 940 of 100000000000:
[16:31:17]   Non-linearity u-P solved in 2 steps.
[16:31:17]   ||u|| = 0.24347, ||u||_8 = 1.0, ||u-u_n|| = 3e-05, ||u-u_n||/||u|| = 0.00013
[16:31:17]   ||p|| = 0.03768, ||p||_8 = 0.35854, ||p-p_n|| = 1e-05, ||p-p_n||/||p|| = 0.00017
[16:31:27] Timestep 950 of 100000000000:
[16:31:27]   Non-linearity u-P solved in 2 steps.
[16:31:27]   ||u|| = 0.24359, ||u||_8 = 1.0, ||u-u_n|| = 3e-05, ||u-u_n||/||u|| = 0.00012
[16:31:27]   ||p|| = 0.03772, ||p||_8 = 0.35853, ||p-p_n|| = 1e-05, ||p-p_n||/||p|| = 0.00014
[16:31:37] Timestep 960 of 100000000000:
[16:31:37]   Non-linearity u-P solved in 2 steps.
[16:31:37]   ||u|| = 0.24371, ||u||_8 = 1.0, ||u-u_n|| = 3e-05, ||u-u_n||/||u|| = 0.00012
[16:31:37]   ||p|| = 0.03775, ||p||_8 = 0.35851, ||p-p_n|| = 1e-05, ||p-p_n||/||p|| = 0.00014
[16:31:48] Timestep 970 of 100000000000:
[16:31:48]   Non-linearity u-P solved in 2 steps.
[16:31:48]   ||u|| = 0.24383, ||u||_8 = 1.0, ||u-u_n|| = 3e-05, ||u-u_n||/||u|| = 0.00011
[16:31:48]   ||p|| = 0.03778, ||p||_8 = 0.35849, ||p-p_n|| = 1e-05, ||p-p_n||/||p|| = 0.00015
[16:31:58] Timestep 980 of 100000000000:
[16:31:58]   Non-linearity u-P solved in 2 steps.
[16:31:58]   ||u|| = 0.24395, ||u||_8 = 1.0, ||u-u_n|| = 3e-05, ||u-u_n||/||u|| = 0.00011
[16:31:58]   ||p|| = 0.03782, ||p||_8 = 0.35848, ||p-p_n|| = 1e-05, ||p-p_n||/||p|| = 0.00015
[16:32:08] Timestep 990 of 100000000000:
[16:32:08]   Non-linearity u-P solved in 2 steps.
[16:32:08]   ||u|| = 0.24407, ||u||_8 = 1.0, ||u-u_n|| = 2e-05, ||u-u_n||/||u|| = 0.0001
[16:32:08]   ||p|| = 0.03787, ||p||_8 = 0.35849, ||p-p_n|| = 1e-05, ||p-p_n||/||p|| = 0.00016
[16:32:18] Timestep 1000 of 100000000000:
[16:32:18]   Non-linearity u-P solved in 2 steps.
[16:32:18]   ||u|| = 0.24419, ||u||_8 = 1.0, ||u-u_n|| = 2e-05, ||u-u_n||/||u|| = 9e-05
[16:32:18]   ||p|| = 0.03792, ||p||_8 = 0.35851, ||p-p_n|| = 1e-05, ||p-p_n||/||p|| = 0.00018
[16:32:28] Timestep 1010 of 100000000000:
[16:32:28]   Non-linearity u-P solved in 2 steps.
[16:32:28]   ||u|| = 0.2443, ||u||_8 = 1.0, ||u-u_n|| = 2e-05, ||u-u_n||/||u|| = 9e-05
[16:32:28]   ||p|| = 0.03798, ||p||_8 = 0.35852, ||p-p_n|| = 1e-05, ||p-p_n||/||p|| = 0.00017
[16:32:38] Timestep 1020 of 100000000000:
[16:32:38]   Non-linearity u-P solved in 2 steps.
[16:32:38]   ||u|| = 0.24441, ||u||_8 = 1.0, ||u-u_n|| = 2e-05, ||u-u_n||/||u|| = 9e-05
[16:32:38]   ||p|| = 0.03803, ||p||_8 = 0.35853, ||p-p_n|| = 1e-05, ||p-p_n||/||p|| = 0.00015
[16:32:48] Timestep 1030 of 100000000000:
[16:32:48]   Non-linearity u-P solved in 2 steps.
[16:32:48]   ||u|| = 0.24452, ||u||_8 = 1.0, ||u-u_n|| = 2e-05, ||u-u_n||/||u|| = 8e-05
[16:32:48]   ||p|| = 0.03807, ||p||_8 = 0.35853, ||p-p_n|| = 0.0, ||p-p_n||/||p|| = 0.00012
[16:32:58] Timestep 1040 of 100000000000:
[16:32:58]   Non-linearity u-P solved in 2 steps.
[16:32:58]   ||u|| = 0.24462, ||u||_8 = 1.0, ||u-u_n|| = 2e-05, ||u-u_n||/||u|| = 8e-05
[16:32:58]   ||p|| = 0.0381, ||p||_8 = 0.35852, ||p-p_n|| = 0.0, ||p-p_n||/||p|| = 0.00011
[16:33:08] Timestep 1050 of 100000000000:
[16:33:08]   Non-linearity u-P solved in 2 steps.
[16:33:08]   ||u|| = 0.24472, ||u||_8 = 1.0, ||u-u_n|| = 2e-05, ||u-u_n||/||u|| = 8e-05
[16:33:08]   ||p|| = 0.03813, ||p||_8 = 0.3585, ||p-p_n|| = 0.0, ||p-p_n||/||p|| = 0.00011
[16:33:19] Timestep 1060 of 100000000000:
[16:33:19]   Non-linearity u-P solved in 2 steps.
[16:33:19]   ||u|| = 0.24482, ||u||_8 = 1.0, ||u-u_n|| = 2e-05, ||u-u_n||/||u|| = 7e-05
[16:33:19]   ||p|| = 0.03817, ||p||_8 = 0.3585, ||p-p_n|| = 0.0, ||p-p_n||/||p|| = 0.00011
[16:33:29] Timestep 1070 of 100000000000:
[16:33:29]   Non-linearity u-P solved in 2 steps.
[16:33:29]   ||u|| = 0.24492, ||u||_8 = 1.0, ||u-u_n|| = 2e-05, ||u-u_n||/||u|| = 7e-05
[16:33:29]   ||p|| = 0.0382, ||p||_8 = 0.3585, ||p-p_n|| = 0.0, ||p-p_n||/||p|| = 0.00012
[16:33:39] Timestep 1080 of 100000000000:
[16:33:39]   Non-linearity u-P solved in 2 steps.
[16:33:39]   ||u|| = 0.24502, ||u||_8 = 1.0, ||u-u_n|| = 2e-05, ||u-u_n||/||u|| = 7e-05
[16:33:39]   ||p|| = 0.03825, ||p||_8 = 0.3585, ||p-p_n|| = 0.0, ||p-p_n||/||p|| = 0.00013
[16:33:49] Timestep 1090 of 100000000000:
[16:33:49]   Non-linearity u-P solved in 2 steps.
[16:33:49]   ||u|| = 0.24511, ||u||_8 = 1.0, ||u-u_n|| = 2e-05, ||u-u_n||/||u|| = 7e-05
[16:33:49]   ||p|| = 0.03829, ||p||_8 = 0.35851, ||p-p_n|| = 1e-05, ||p-p_n||/||p|| = 0.00013
[16:33:59] Timestep 1100 of 100000000000:
[16:33:59]   Non-linearity u-P solved in 2 steps.
[16:33:59]   ||u|| = 0.24521, ||u||_8 = 1.0, ||u-u_n|| = 2e-05, ||u-u_n||/||u|| = 6e-05
[16:33:59]   ||p|| = 0.03833, ||p||_8 = 0.35852, ||p-p_n|| = 0.0, ||p-p_n||/||p|| = 0.00012
[16:34:09] Timestep 1110 of 100000000000:
[16:34:09]   Non-linearity u-P solved in 2 steps.
[16:34:09]   ||u|| = 0.2453, ||u||_8 = 1.0, ||u-u_n|| = 2e-05, ||u-u_n||/||u|| = 6e-05
[16:34:09]   ||p|| = 0.03837, ||p||_8 = 0.35852, ||p-p_n|| = 0.0, ||p-p_n||/||p|| = 0.0001
[16:34:20] Timestep 1120 of 100000000000:
[16:34:20]   Non-linearity u-P solved in 2 steps.
[16:34:20]   ||u|| = 0.24539, ||u||_8 = 1.0, ||u-u_n|| = 1e-05, ||u-u_n||/||u|| = 6e-05
[16:34:20]   ||p|| = 0.0384, ||p||_8 = 0.35852, ||p-p_n|| = 0.0, ||p-p_n||/||p|| = 9e-05
[16:34:30] Timestep 1130 of 100000000000:
[16:34:30]   Non-linearity u-P solved in 2 steps.
[16:34:30]   ||u|| = 0.24547, ||u||_8 = 1.0, ||u-u_n|| = 1e-05, ||u-u_n||/||u|| = 6e-05
[16:34:30]   ||p|| = 0.03843, ||p||_8 = 0.35851, ||p-p_n|| = 0.0, ||p-p_n||/||p|| = 9e-05
[16:34:40] Timestep 1140 of 100000000000:
[16:34:40]   Non-linearity u-P solved in 2 steps.
[16:34:40]   ||u|| = 0.24556, ||u||_8 = 1.0, ||u-u_n|| = 1e-05, ||u-u_n||/||u|| = 6e-05
[16:34:40]   ||p|| = 0.03846, ||p||_8 = 0.3585, ||p-p_n|| = 0.0, ||p-p_n||/||p|| = 9e-05
[16:34:50] Timestep 1150 of 100000000000:
[16:34:50]   Non-linearity u-P solved in 2 steps.
[16:34:50]   ||u|| = 0.24564, ||u||_8 = 1.0, ||u-u_n|| = 1e-05, ||u-u_n||/||u|| = 5e-05
[16:34:50]   ||p|| = 0.03849, ||p||_8 = 0.3585, ||p-p_n|| = 0.0, ||p-p_n||/||p|| = 9e-05
[16:35:00] Timestep 1160 of 100000000000:
[16:35:00]   Non-linearity u-P solved in 2 steps.
[16:35:00]   ||u|| = 0.24573, ||u||_8 = 1.0, ||u-u_n|| = 1e-05, ||u-u_n||/||u|| = 5e-05
[16:35:00]   ||p|| = 0.03853, ||p||_8 = 0.3585, ||p-p_n|| = 0.0, ||p-p_n||/||p|| = 0.0001
[16:35:10] Timestep 1170 of 100000000000:
[16:35:10]   Non-linearity u-P solved in 2 steps.
[16:35:10]   ||u|| = 0.24581, ||u||_8 = 1.0, ||u-u_n|| = 1e-05, ||u-u_n||/||u|| = 5e-05
[16:35:10]   ||p|| = 0.03856, ||p||_8 = 0.35851, ||p-p_n|| = 0.0, ||p-p_n||/||p|| = 0.0001
[16:35:20] Timestep 1180 of 100000000000:
[16:35:20]   Non-linearity u-P solved in 2 steps.
[16:35:20]   ||u|| = 0.24589, ||u||_8 = 1.0, ||u-u_n|| = 1e-05, ||u-u_n||/||u|| = 5e-05
[16:35:20]   ||p|| = 0.0386, ||p||_8 = 0.35851, ||p-p_n|| = 0.0, ||p-p_n||/||p|| = 0.0001
[16:35:31] Timestep 1190 of 100000000000:
[16:35:31]   Non-linearity u-P solved in 2 steps.
[16:35:31]   ||u|| = 0.24597, ||u||_8 = 1.0, ||u-u_n|| = 1e-05, ||u-u_n||/||u|| = 5e-05
[16:35:31]   ||p|| = 0.03863, ||p||_8 = 0.35852, ||p-p_n|| = 0.0, ||p-p_n||/||p|| = 9e-05
[16:35:41] Timestep 1200 of 100000000000:
[16:35:41]   Non-linearity u-P solved in 2 steps.
[16:35:41]   ||u|| = 0.24605, ||u||_8 = 1.0, ||u-u_n|| = 1e-05, ||u-u_n||/||u|| = 5e-05
[16:35:41]   ||p|| = 0.03866, ||p||_8 = 0.35852, ||p-p_n|| = 0.0, ||p-p_n||/||p|| = 8e-05
[16:35:51] Timestep 1210 of 100000000000:
[16:35:51]   Non-linearity u-P solved in 2 steps.
[16:35:51]   ||u|| = 0.24612, ||u||_8 = 1.0, ||u-u_n|| = 1e-05, ||u-u_n||/||u|| = 5e-05
[16:35:51]   ||p|| = 0.03869, ||p||_8 = 0.35851, ||p-p_n|| = 0.0, ||p-p_n||/||p|| = 8e-05
[16:36:01] Timestep 1220 of 100000000000:
[16:36:01]   Non-linearity u-P solved in 2 steps.
[16:36:01]   ||u|| = 0.24619, ||u||_8 = 1.0, ||u-u_n|| = 1e-05, ||u-u_n||/||u|| = 4e-05
[16:36:01]   ||p|| = 0.03871, ||p||_8 = 0.35851, ||p-p_n|| = 0.0, ||p-p_n||/||p|| = 8e-05
[16:36:11] Timestep 1230 of 100000000000:
[16:36:11]   Non-linearity u-P solved in 2 steps.
[16:36:11]   ||u|| = 0.24627, ||u||_8 = 1.0, ||u-u_n|| = 1e-05, ||u-u_n||/||u|| = 4e-05
[16:36:11]   ||p|| = 0.03874, ||p||_8 = 0.35851, ||p-p_n|| = 0.0, ||p-p_n||/||p|| = 8e-05
[16:36:21] Timestep 1240 of 100000000000:
[16:36:21]   Non-linearity u-P solved in 2 steps.
[16:36:21]   ||u|| = 0.24634, ||u||_8 = 1.0, ||u-u_n|| = 1e-05, ||u-u_n||/||u|| = 4e-05
[16:36:21]   ||p|| = 0.03877, ||p||_8 = 0.35851, ||p-p_n|| = 0.0, ||p-p_n||/||p|| = 8e-05
[16:36:31] Timestep 1250 of 100000000000:
[16:36:31]   Non-linearity u-P solved in 2 steps.
[16:36:31]   ||u|| = 0.24641, ||u||_8 = 1.0, ||u-u_n|| = 1e-05, ||u-u_n||/||u|| = 4e-05
[16:36:31]   ||p|| = 0.0388, ||p||_8 = 0.35851, ||p-p_n|| = 0.0, ||p-p_n||/||p|| = 8e-05
[16:36:41] Timestep 1260 of 100000000000:
[16:36:41]   Non-linearity u-P solved in 2 steps.
[16:36:41]   ||u|| = 0.24648, ||u||_8 = 1.0, ||u-u_n|| = 1e-05, ||u-u_n||/||u|| = 4e-05
[16:36:42]   ||p|| = 0.03883, ||p||_8 = 0.35851, ||p-p_n|| = 0.0, ||p-p_n||/||p|| = 8e-05
[16:36:48] Timestep 1270 of 100000000000:
[16:36:48]   Non-linearity u-P solved in 1 steps.
[16:36:48]   ||u|| = 0.24655, ||u||_8 = 1.0, ||u-u_n|| = 1e-05, ||u-u_n||/||u|| = 4e-05
[16:36:48]   ||p|| = 0.03886, ||p||_8 = 0.35851, ||p-p_n|| = 0.0, ||p-p_n||/||p|| = 8e-05
[16:36:55] Timestep 1280 of 100000000000:
[16:36:55]   Non-linearity u-P solved in 1 steps.
[16:36:55]   ||u|| = 0.24661, ||u||_8 = 1.0, ||u-u_n|| = 1e-05, ||u-u_n||/||u|| = 4e-05
[16:36:55]   ||p|| = 0.03888, ||p||_8 = 0.35851, ||p-p_n|| = 0.0, ||p-p_n||/||p|| = 7e-05
[16:37:02] Timestep 1290 of 100000000000:
[16:37:02]   Non-linearity u-P solved in 1 steps.
[16:37:02]   ||u|| = 0.24668, ||u||_8 = 1.0, ||u-u_n|| = 1e-05, ||u-u_n||/||u|| = 4e-05
[16:37:02]   ||p|| = 0.03891, ||p||_8 = 0.35851, ||p-p_n|| = 0.0, ||p-p_n||/||p|| = 7e-05
[16:37:08] Timestep 1300 of 100000000000:
[16:37:08]   Non-linearity u-P solved in 1 steps.
[16:37:08]   ||u|| = 0.24674, ||u||_8 = 1.0, ||u-u_n|| = 1e-05, ||u-u_n||/||u|| = 4e-05
[16:37:08]   ||p|| = 0.03893, ||p||_8 = 0.35851, ||p-p_n|| = 0.0, ||p-p_n||/||p|| = 7e-05
[16:37:15] Timestep 1310 of 100000000000:
[16:37:15]   Non-linearity u-P solved in 1 steps.
[16:37:15]   ||u|| = 0.24681, ||u||_8 = 1.0, ||u-u_n|| = 1e-05, ||u-u_n||/||u|| = 4e-05
[16:37:15]   ||p|| = 0.03896, ||p||_8 = 0.35851, ||p-p_n|| = 0.0, ||p-p_n||/||p|| = 7e-05
[16:37:22] Timestep 1320 of 100000000000:
[16:37:22]   Non-linearity u-P solved in 1 steps.
[16:37:22]   ||u|| = 0.24687, ||u||_8 = 1.0, ||u-u_n|| = 1e-05, ||u-u_n||/||u|| = 4e-05
[16:37:22]   ||p|| = 0.03898, ||p||_8 = 0.35851, ||p-p_n|| = 0.0, ||p-p_n||/||p|| = 7e-05
[16:37:28] Timestep 1330 of 100000000000:
[16:37:28]   Non-linearity u-P solved in 1 steps.
[16:37:28]   ||u|| = 0.24693, ||u||_8 = 1.0, ||u-u_n|| = 1e-05, ||u-u_n||/||u|| = 4e-05
[16:37:28]   ||p|| = 0.03901, ||p||_8 = 0.35851, ||p-p_n|| = 0.0, ||p-p_n||/||p|| = 7e-05
[16:37:35] Timestep 1340 of 100000000000:
[16:37:35]   Non-linearity u-P solved in 1 steps.
[16:37:35]   ||u|| = 0.24699, ||u||_8 = 1.0, ||u-u_n|| = 1e-05, ||u-u_n||/||u|| = 3e-05
[16:37:35]   ||p|| = 0.03903, ||p||_8 = 0.35851, ||p-p_n|| = 0.0, ||p-p_n||/||p|| = 7e-05
[16:37:41] Timestep 1350 of 100000000000:
[16:37:41]   Non-linearity u-P solved in 1 steps.
[16:37:41]   ||u|| = 0.24705, ||u||_8 = 1.0, ||u-u_n|| = 1e-05, ||u-u_n||/||u|| = 3e-05
[16:37:41]   ||p|| = 0.03906, ||p||_8 = 0.35851, ||p-p_n|| = 0.0, ||p-p_n||/||p|| = 7e-05
[16:37:48] Timestep 1360 of 100000000000:
[16:37:48]   Non-linearity u-P solved in 1 steps.
[16:37:48]   ||u|| = 0.24711, ||u||_8 = 1.0, ||u-u_n|| = 1e-05, ||u-u_n||/||u|| = 3e-05
[16:37:48]   ||p|| = 0.03908, ||p||_8 = 0.35851, ||p-p_n|| = 0.0, ||p-p_n||/||p|| = 6e-05
[16:37:55] Timestep 1370 of 100000000000:
[16:37:55]   Non-linearity u-P solved in 1 steps.
[16:37:55]   ||u|| = 0.24717, ||u||_8 = 1.0, ||u-u_n|| = 1e-05, ||u-u_n||/||u|| = 3e-05
[16:37:55]   ||p|| = 0.0391, ||p||_8 = 0.35851, ||p-p_n|| = 0.0, ||p-p_n||/||p|| = 6e-05
[16:38:01] Timestep 1380 of 100000000000:
[16:38:01]   Non-linearity u-P solved in 1 steps.
[16:38:01]   ||u|| = 0.24722, ||u||_8 = 1.0, ||u-u_n|| = 1e-05, ||u-u_n||/||u|| = 3e-05
[16:38:01]   ||p|| = 0.03912, ||p||_8 = 0.35851, ||p-p_n|| = 0.0, ||p-p_n||/||p|| = 6e-05
[16:38:08] Timestep 1390 of 100000000000:
[16:38:08]   Non-linearity u-P solved in 1 steps.
[16:38:08]   ||u|| = 0.24728, ||u||_8 = 1.0, ||u-u_n|| = 1e-05, ||u-u_n||/||u|| = 3e-05
[16:38:08]   ||p|| = 0.03915, ||p||_8 = 0.35851, ||p-p_n|| = 0.0, ||p-p_n||/||p|| = 6e-05
[16:38:14] Timestep 1400 of 100000000000:
[16:38:14]   Non-linearity u-P solved in 1 steps.
[16:38:14]   ||u|| = 0.24733, ||u||_8 = 1.0, ||u-u_n|| = 1e-05, ||u-u_n||/||u|| = 3e-05
[16:38:14]   ||p|| = 0.03917, ||p||_8 = 0.35851, ||p-p_n|| = 0.0, ||p-p_n||/||p|| = 6e-05
[16:38:21] Timestep 1410 of 100000000000:
[16:38:21]   Non-linearity u-P solved in 1 steps.
[16:38:21]   ||u|| = 0.24739, ||u||_8 = 1.0, ||u-u_n|| = 1e-05, ||u-u_n||/||u|| = 3e-05
[16:38:21]   ||p|| = 0.03919, ||p||_8 = 0.35851, ||p-p_n|| = 0.0, ||p-p_n||/||p|| = 6e-05
[16:38:28] Timestep 1420 of 100000000000:
[16:38:28]   Non-linearity u-P solved in 1 steps.
[16:38:28]   ||u|| = 0.24744, ||u||_8 = 1.0, ||u-u_n|| = 1e-05, ||u-u_n||/||u|| = 3e-05
[16:38:28]   ||p|| = 0.03921, ||p||_8 = 0.35851, ||p-p_n|| = 0.0, ||p-p_n||/||p|| = 6e-05
[16:38:34] Timestep 1430 of 100000000000:
[16:38:34]   Non-linearity u-P solved in 1 steps.
[16:38:34]   ||u|| = 0.24749, ||u||_8 = 1.0, ||u-u_n|| = 1e-05, ||u-u_n||/||u|| = 3e-05
[16:38:34]   ||p|| = 0.03923, ||p||_8 = 0.35851, ||p-p_n|| = 0.0, ||p-p_n||/||p|| = 6e-05
[16:38:41] Timestep 1440 of 100000000000:
[16:38:41]   Non-linearity u-P solved in 1 steps.
[16:38:41]   ||u|| = 0.24754, ||u||_8 = 1.0, ||u-u_n|| = 1e-05, ||u-u_n||/||u|| = 3e-05
[16:38:41]   ||p|| = 0.03925, ||p||_8 = 0.35851, ||p-p_n|| = 0.0, ||p-p_n||/||p|| = 6e-05
[16:38:47] Timestep 1450 of 100000000000:
[16:38:47]   Non-linearity u-P solved in 1 steps.
[16:38:47]   ||u|| = 0.24759, ||u||_8 = 1.0, ||u-u_n|| = 1e-05, ||u-u_n||/||u|| = 3e-05
[16:38:47]   ||p|| = 0.03927, ||p||_8 = 0.35851, ||p-p_n|| = 0.0, ||p-p_n||/||p|| = 5e-05
[16:38:54] Timestep 1460 of 100000000000:
[16:38:54]   Non-linearity u-P solved in 1 steps.
[16:38:54]   ||u|| = 0.24764, ||u||_8 = 1.0, ||u-u_n|| = 1e-05, ||u-u_n||/||u|| = 3e-05
[16:38:54]   ||p|| = 0.03929, ||p||_8 = 0.35851, ||p-p_n|| = 0.0, ||p-p_n||/||p|| = 5e-05
[16:39:01] Timestep 1470 of 100000000000:
[16:39:01]   Non-linearity u-P solved in 1 steps.
[16:39:01]   ||u|| = 0.24769, ||u||_8 = 1.0, ||u-u_n|| = 1e-05, ||u-u_n||/||u|| = 3e-05
[16:39:01]   ||p|| = 0.03931, ||p||_8 = 0.35851, ||p-p_n|| = 0.0, ||p-p_n||/||p|| = 5e-05
[16:39:07] Timestep 1480 of 100000000000:
[16:39:07]   Non-linearity u-P solved in 1 steps.
[16:39:07]   ||u|| = 0.24774, ||u||_8 = 1.0, ||u-u_n|| = 1e-05, ||u-u_n||/||u|| = 3e-05
[16:39:07]   ||p|| = 0.03933, ||p||_8 = 0.35851, ||p-p_n|| = 0.0, ||p-p_n||/||p|| = 5e-05
[16:39:14] Timestep 1490 of 100000000000:
[16:39:14]   Non-linearity u-P solved in 1 steps.
[16:39:14]   ||u|| = 0.24778, ||u||_8 = 1.0, ||u-u_n|| = 1e-05, ||u-u_n||/||u|| = 3e-05
[16:39:14]   ||p|| = 0.03935, ||p||_8 = 0.35851, ||p-p_n|| = 0.0, ||p-p_n||/||p|| = 5e-05
[16:39:20] Timestep 1500 of 100000000000:
[16:39:20]   Non-linearity u-P solved in 1 steps.
[16:39:20]   ||u|| = 0.24783, ||u||_8 = 1.0, ||u-u_n|| = 1e-05, ||u-u_n||/||u|| = 3e-05
[16:39:20]   ||p|| = 0.03937, ||p||_8 = 0.35851, ||p-p_n|| = 0.0, ||p-p_n||/||p|| = 5e-05
[16:39:27] Timestep 1510 of 100000000000:
[16:39:27]   Non-linearity u-P solved in 1 steps.
[16:39:27]   ||u|| = 0.24788, ||u||_8 = 1.0, ||u-u_n|| = 1e-05, ||u-u_n||/||u|| = 3e-05
[16:39:27]   ||p|| = 0.03939, ||p||_8 = 0.35851, ||p-p_n|| = 0.0, ||p-p_n||/||p|| = 5e-05
[16:39:34] Timestep 1520 of 100000000000:
[16:39:34]   Non-linearity u-P solved in 1 steps.
[16:39:34]   ||u|| = 0.24792, ||u||_8 = 1.0, ||u-u_n|| = 1e-05, ||u-u_n||/||u|| = 3e-05
[16:39:34]   ||p|| = 0.0394, ||p||_8 = 0.35851, ||p-p_n|| = 0.0, ||p-p_n||/||p|| = 5e-05
[16:39:41] Timestep 1530 of 100000000000:
[16:39:41]   Non-linearity u-P solved in 1 steps.
[16:39:41]   ||u|| = 0.24796, ||u||_8 = 1.0, ||u-u_n|| = 1e-05, ||u-u_n||/||u|| = 2e-05
[16:39:41]   ||p|| = 0.03942, ||p||_8 = 0.35851, ||p-p_n|| = 0.0, ||p-p_n||/||p|| = 5e-05
[16:39:47] Timestep 1540 of 100000000000:
[16:39:47]   Non-linearity u-P solved in 1 steps.
[16:39:47]   ||u|| = 0.24801, ||u||_8 = 1.0, ||u-u_n|| = 1e-05, ||u-u_n||/||u|| = 2e-05
[16:39:47]   ||p|| = 0.03944, ||p||_8 = 0.35851, ||p-p_n|| = 0.0, ||p-p_n||/||p|| = 5e-05
[16:39:54] Timestep 1550 of 100000000000:
[16:39:54]   Non-linearity u-P solved in 1 steps.
[16:39:54]   ||u|| = 0.24805, ||u||_8 = 1.0, ||u-u_n|| = 1e-05, ||u-u_n||/||u|| = 2e-05
[16:39:54]   ||p|| = 0.03946, ||p||_8 = 0.35851, ||p-p_n|| = 0.0, ||p-p_n||/||p|| = 5e-05
[16:40:00] Timestep 1560 of 100000000000:
[16:40:00]   Non-linearity u-P solved in 1 steps.
[16:40:00]   ||u|| = 0.24809, ||u||_8 = 1.0, ||u-u_n|| = 1e-05, ||u-u_n||/||u|| = 2e-05
[16:40:00]   ||p|| = 0.03947, ||p||_8 = 0.35851, ||p-p_n|| = 0.0, ||p-p_n||/||p|| = 4e-05
[16:40:07] Timestep 1570 of 100000000000:
[16:40:07]   Non-linearity u-P solved in 1 steps.
[16:40:07]   ||u|| = 0.24813, ||u||_8 = 1.0, ||u-u_n|| = 1e-05, ||u-u_n||/||u|| = 2e-05
[16:40:07]   ||p|| = 0.03949, ||p||_8 = 0.35851, ||p-p_n|| = 0.0, ||p-p_n||/||p|| = 4e-05
[16:40:14] Timestep 1580 of 100000000000:
[16:40:14]   Non-linearity u-P solved in 1 steps.
[16:40:14]   ||u|| = 0.24817, ||u||_8 = 1.0, ||u-u_n|| = 1e-05, ||u-u_n||/||u|| = 2e-05
[16:40:14]   ||p|| = 0.0395, ||p||_8 = 0.35851, ||p-p_n|| = 0.0, ||p-p_n||/||p|| = 4e-05
[16:40:20] Timestep 1590 of 100000000000:
[16:40:20]   Non-linearity u-P solved in 1 steps.
[16:40:20]   ||u|| = 0.24821, ||u||_8 = 1.0, ||u-u_n|| = 1e-05, ||u-u_n||/||u|| = 2e-05
[16:40:20]   ||p|| = 0.03952, ||p||_8 = 0.35851, ||p-p_n|| = 0.0, ||p-p_n||/||p|| = 4e-05
[16:40:27] Timestep 1600 of 100000000000:
[16:40:27]   Non-linearity u-P solved in 1 steps.
[16:40:27]   ||u|| = 0.24825, ||u||_8 = 1.0, ||u-u_n|| = 1e-05, ||u-u_n||/||u|| = 2e-05
[16:40:27]   ||p|| = 0.03954, ||p||_8 = 0.35851, ||p-p_n|| = 0.0, ||p-p_n||/||p|| = 4e-05
[16:40:34] Timestep 1610 of 100000000000:
[16:40:34]   Non-linearity u-P solved in 1 steps.
[16:40:34]   ||u|| = 0.24829, ||u||_8 = 1.0, ||u-u_n|| = 1e-05, ||u-u_n||/||u|| = 2e-05
[16:40:34]   ||p|| = 0.03955, ||p||_8 = 0.35851, ||p-p_n|| = 0.0, ||p-p_n||/||p|| = 4e-05
[16:40:40] Timestep 1620 of 100000000000:
[16:40:40]   Non-linearity u-P solved in 1 steps.
[16:40:40]   ||u|| = 0.24833, ||u||_8 = 1.0, ||u-u_n|| = 1e-05, ||u-u_n||/||u|| = 2e-05
[16:40:40]   ||p|| = 0.03957, ||p||_8 = 0.35851, ||p-p_n|| = 0.0, ||p-p_n||/||p|| = 4e-05
[16:40:47] Timestep 1630 of 100000000000:
[16:40:47]   Non-linearity u-P solved in 1 steps.
[16:40:47]   ||u|| = 0.24837, ||u||_8 = 1.0, ||u-u_n|| = 1e-05, ||u-u_n||/||u|| = 2e-05
[16:40:47]   ||p|| = 0.03958, ||p||_8 = 0.35851, ||p-p_n|| = 0.0, ||p-p_n||/||p|| = 4e-05
[16:40:53] Timestep 1640 of 100000000000:
[16:40:53]   Non-linearity u-P solved in 1 steps.
[16:40:53]   ||u|| = 0.2484, ||u||_8 = 1.0, ||u-u_n|| = 1e-05, ||u-u_n||/||u|| = 2e-05
[16:40:53]   ||p|| = 0.0396, ||p||_8 = 0.35851, ||p-p_n|| = 0.0, ||p-p_n||/||p|| = 4e-05
[16:41:00] Timestep 1650 of 100000000000:
[16:41:00]   Non-linearity u-P solved in 1 steps.
[16:41:00]   ||u|| = 0.24844, ||u||_8 = 1.0, ||u-u_n|| = 1e-05, ||u-u_n||/||u|| = 2e-05
[16:41:00]   ||p|| = 0.03961, ||p||_8 = 0.35851, ||p-p_n|| = 0.0, ||p-p_n||/||p|| = 4e-05
[16:41:07] Timestep 1660 of 100000000000:
[16:41:07]   Non-linearity u-P solved in 1 steps.
[16:41:07]   ||u|| = 0.24848, ||u||_8 = 1.0, ||u-u_n|| = 1e-05, ||u-u_n||/||u|| = 2e-05
[16:41:07]   ||p|| = 0.03963, ||p||_8 = 0.35851, ||p-p_n|| = 0.0, ||p-p_n||/||p|| = 4e-05
[16:41:13] Timestep 1670 of 100000000000:
[16:41:13]   Non-linearity u-P solved in 1 steps.
[16:41:13]   ||u|| = 0.24851, ||u||_8 = 1.0, ||u-u_n|| = 0.0, ||u-u_n||/||u|| = 2e-05
[16:41:13]   ||p|| = 0.03964, ||p||_8 = 0.35851, ||p-p_n|| = 0.0, ||p-p_n||/||p|| = 4e-05
[16:41:20] Timestep 1680 of 100000000000:
[16:41:20]   Non-linearity u-P solved in 1 steps.
[16:41:20]   ||u|| = 0.24855, ||u||_8 = 1.0, ||u-u_n|| = 0.0, ||u-u_n||/||u|| = 2e-05
[16:41:20]   ||p|| = 0.03965, ||p||_8 = 0.35851, ||p-p_n|| = 0.0, ||p-p_n||/||p|| = 4e-05
[16:41:27] Timestep 1690 of 100000000000:
[16:41:27]   Non-linearity u-P solved in 1 steps.
[16:41:27]   ||u|| = 0.24858, ||u||_8 = 1.0, ||u-u_n|| = 0.0, ||u-u_n||/||u|| = 2e-05
[16:41:27]   ||p|| = 0.03967, ||p||_8 = 0.35851, ||p-p_n|| = 0.0, ||p-p_n||/||p|| = 4e-05
[16:41:33] Timestep 1700 of 100000000000:
[16:41:33]   Non-linearity u-P solved in 1 steps.
[16:41:33]   ||u|| = 0.24861, ||u||_8 = 1.0, ||u-u_n|| = 0.0, ||u-u_n||/||u|| = 2e-05
[16:41:33]   ||p|| = 0.03968, ||p||_8 = 0.3585, ||p-p_n|| = 0.0, ||p-p_n||/||p|| = 4e-05
[16:41:40] Timestep 1710 of 100000000000:
[16:41:40]   Non-linearity u-P solved in 1 steps.
[16:41:40]   ||u|| = 0.24865, ||u||_8 = 1.0, ||u-u_n|| = 0.0, ||u-u_n||/||u|| = 2e-05
[16:41:40]   ||p|| = 0.03969, ||p||_8 = 0.3585, ||p-p_n|| = 0.0, ||p-p_n||/||p|| = 4e-05
[16:41:47] Timestep 1720 of 100000000000:
[16:41:47]   Non-linearity u-P solved in 1 steps.
[16:41:47]   ||u|| = 0.24868, ||u||_8 = 1.0, ||u-u_n|| = 0.0, ||u-u_n||/||u|| = 2e-05
[16:41:47]   ||p|| = 0.03971, ||p||_8 = 0.3585, ||p-p_n|| = 0.0, ||p-p_n||/||p|| = 3e-05
[16:41:53] Timestep 1730 of 100000000000:
[16:41:53]   Non-linearity u-P solved in 1 steps.
[16:41:53]   ||u|| = 0.24871, ||u||_8 = 1.0, ||u-u_n|| = 0.0, ||u-u_n||/||u|| = 2e-05
[16:41:53]   ||p|| = 0.03972, ||p||_8 = 0.3585, ||p-p_n|| = 0.0, ||p-p_n||/||p|| = 3e-05
[16:42:00] Timestep 1740 of 100000000000:
[16:42:00]   Non-linearity u-P solved in 1 steps.
[16:42:00]   ||u|| = 0.24874, ||u||_8 = 1.0, ||u-u_n|| = 0.0, ||u-u_n||/||u|| = 2e-05
[16:42:00]   ||p|| = 0.03973, ||p||_8 = 0.3585, ||p-p_n|| = 0.0, ||p-p_n||/||p|| = 3e-05
[16:42:07] Timestep 1750 of 100000000000:
[16:42:07]   Non-linearity u-P solved in 1 steps.
[16:42:07]   ||u|| = 0.24877, ||u||_8 = 1.0, ||u-u_n|| = 0.0, ||u-u_n||/||u|| = 2e-05
[16:42:07]   ||p|| = 0.03975, ||p||_8 = 0.3585, ||p-p_n|| = 0.0, ||p-p_n||/||p|| = 3e-05
[16:42:13] Timestep 1760 of 100000000000:
[16:42:13]   Non-linearity u-P solved in 1 steps.
[16:42:13]   ||u|| = 0.2488, ||u||_8 = 1.0, ||u-u_n|| = 0.0, ||u-u_n||/||u|| = 2e-05
[16:42:13]   ||p|| = 0.03976, ||p||_8 = 0.3585, ||p-p_n|| = 0.0, ||p-p_n||/||p|| = 3e-05
[16:42:20] Timestep 1770 of 100000000000:
[16:42:20]   Non-linearity u-P solved in 1 steps.
[16:42:20]   ||u|| = 0.24883, ||u||_8 = 1.0, ||u-u_n|| = 0.0, ||u-u_n||/||u|| = 2e-05
[16:42:20]   ||p|| = 0.03977, ||p||_8 = 0.3585, ||p-p_n|| = 0.0, ||p-p_n||/||p|| = 3e-05
[16:42:27] Timestep 1780 of 100000000000:
[16:42:27]   Non-linearity u-P solved in 1 steps.
[16:42:27]   ||u|| = 0.24886, ||u||_8 = 1.0, ||u-u_n|| = 0.0, ||u-u_n||/||u|| = 2e-05
[16:42:27]   ||p|| = 0.03978, ||p||_8 = 0.3585, ||p-p_n|| = 0.0, ||p-p_n||/||p|| = 3e-05
[16:42:33] Timestep 1790 of 100000000000:
[16:42:33]   Non-linearity u-P solved in 1 steps.
[16:42:33]   ||u|| = 0.24889, ||u||_8 = 1.0, ||u-u_n|| = 0.0, ||u-u_n||/||u|| = 2e-05
[16:42:33]   ||p|| = 0.03979, ||p||_8 = 0.3585, ||p-p_n|| = 0.0, ||p-p_n||/||p|| = 3e-05
[16:42:40] Timestep 1800 of 100000000000:
[16:42:40]   Non-linearity u-P solved in 1 steps.
[16:42:40]   ||u|| = 0.24892, ||u||_8 = 1.0, ||u-u_n|| = 0.0, ||u-u_n||/||u|| = 2e-05
[16:42:40]   ||p|| = 0.03981, ||p||_8 = 0.3585, ||p-p_n|| = 0.0, ||p-p_n||/||p|| = 3e-05
[16:42:46] Timestep 1810 of 100000000000:
[16:42:46]   Non-linearity u-P solved in 1 steps.
[16:42:46]   ||u|| = 0.24895, ||u||_8 = 1.0, ||u-u_n|| = 0.0, ||u-u_n||/||u|| = 2e-05
[16:42:46]   ||p|| = 0.03982, ||p||_8 = 0.3585, ||p-p_n|| = 0.0, ||p-p_n||/||p|| = 3e-05
[16:42:53] Timestep 1820 of 100000000000:
[16:42:53]   Non-linearity u-P solved in 1 steps.
[16:42:53]   ||u|| = 0.24898, ||u||_8 = 1.0, ||u-u_n|| = 0.0, ||u-u_n||/||u|| = 2e-05
[16:42:53]   ||p|| = 0.03983, ||p||_8 = 0.3585, ||p-p_n|| = 0.0, ||p-p_n||/||p|| = 3e-05
[16:43:00] Timestep 1830 of 100000000000:
[16:43:00]   Non-linearity u-P solved in 1 steps.
[16:43:00]   ||u|| = 0.249, ||u||_8 = 1.0, ||u-u_n|| = 0.0, ||u-u_n||/||u|| = 2e-05
[16:43:00]   ||p|| = 0.03984, ||p||_8 = 0.3585, ||p-p_n|| = 0.0, ||p-p_n||/||p|| = 3e-05
[16:43:06] Timestep 1840 of 100000000000:
[16:43:06]   Non-linearity u-P solved in 1 steps.
[16:43:06]   ||u|| = 0.24903, ||u||_8 = 1.0, ||u-u_n|| = 0.0, ||u-u_n||/||u|| = 2e-05
[16:43:06]   ||p|| = 0.03985, ||p||_8 = 0.3585, ||p-p_n|| = 0.0, ||p-p_n||/||p|| = 3e-05
[16:43:13] Timestep 1850 of 100000000000:
[16:43:13]   Non-linearity u-P solved in 1 steps.
[16:43:13]   ||u|| = 0.24906, ||u||_8 = 1.0, ||u-u_n|| = 0.0, ||u-u_n||/||u|| = 2e-05
[16:43:13]   ||p|| = 0.03986, ||p||_8 = 0.3585, ||p-p_n|| = 0.0, ||p-p_n||/||p|| = 3e-05
[16:43:20] Timestep 1860 of 100000000000:
[16:43:20]   Non-linearity u-P solved in 1 steps.
[16:43:20]   ||u|| = 0.24908, ||u||_8 = 1.0, ||u-u_n|| = 0.0, ||u-u_n||/||u|| = 1e-05
[16:43:20]   ||p|| = 0.03987, ||p||_8 = 0.3585, ||p-p_n|| = 0.0, ||p-p_n||/||p|| = 3e-05
[16:43:27] Timestep 1870 of 100000000000:
[16:43:27]   Non-linearity u-P solved in 1 steps.
[16:43:27]   ||u|| = 0.24911, ||u||_8 = 1.0, ||u-u_n|| = 0.0, ||u-u_n||/||u|| = 1e-05
[16:43:27]   ||p|| = 0.03988, ||p||_8 = 0.3585, ||p-p_n|| = 0.0, ||p-p_n||/||p|| = 3e-05
[16:43:33] Timestep 1880 of 100000000000:
[16:43:33]   Non-linearity u-P solved in 1 steps.
[16:43:33]   ||u|| = 0.24913, ||u||_8 = 1.0, ||u-u_n|| = 0.0, ||u-u_n||/||u|| = 1e-05
[16:43:33]   ||p|| = 0.03989, ||p||_8 = 0.3585, ||p-p_n|| = 0.0, ||p-p_n||/||p|| = 3e-05
[16:43:40] Timestep 1890 of 100000000000:
[16:43:40]   Non-linearity u-P solved in 1 steps.
[16:43:40]   ||u|| = 0.24916, ||u||_8 = 1.0, ||u-u_n|| = 0.0, ||u-u_n||/||u|| = 1e-05
[16:43:40]   ||p|| = 0.0399, ||p||_8 = 0.3585, ||p-p_n|| = 0.0, ||p-p_n||/||p|| = 3e-05
[16:43:47] Timestep 1900 of 100000000000:
[16:43:47]   Non-linearity u-P solved in 1 steps.
[16:43:47]   ||u|| = 0.24918, ||u||_8 = 1.0, ||u-u_n|| = 0.0, ||u-u_n||/||u|| = 1e-05
[16:43:47]   ||p|| = 0.03991, ||p||_8 = 0.3585, ||p-p_n|| = 0.0, ||p-p_n||/||p|| = 3e-05
[16:43:53] Timestep 1910 of 100000000000:
[16:43:53]   Non-linearity u-P solved in 1 steps.
[16:43:53]   ||u|| = 0.24921, ||u||_8 = 1.0, ||u-u_n|| = 0.0, ||u-u_n||/||u|| = 1e-05
[16:43:53]   ||p|| = 0.03992, ||p||_8 = 0.3585, ||p-p_n|| = 0.0, ||p-p_n||/||p|| = 3e-05
[16:44:00] Timestep 1920 of 100000000000:
[16:44:00]   Non-linearity u-P solved in 1 steps.
[16:44:00]   ||u|| = 0.24923, ||u||_8 = 1.0, ||u-u_n|| = 0.0, ||u-u_n||/||u|| = 1e-05
[16:44:00]   ||p|| = 0.03993, ||p||_8 = 0.3585, ||p-p_n|| = 0.0, ||p-p_n||/||p|| = 3e-05
[16:44:07] Timestep 1930 of 100000000000:
[16:44:07]   Non-linearity u-P solved in 1 steps.
[16:44:07]   ||u|| = 0.24925, ||u||_8 = 1.0, ||u-u_n|| = 0.0, ||u-u_n||/||u|| = 1e-05
[16:44:07]   ||p|| = 0.03994, ||p||_8 = 0.3585, ||p-p_n|| = 0.0, ||p-p_n||/||p|| = 3e-05
[16:44:13] Timestep 1940 of 100000000000:
[16:44:13]   Non-linearity u-P solved in 1 steps.
[16:44:13]   ||u|| = 0.24928, ||u||_8 = 1.0, ||u-u_n|| = 0.0, ||u-u_n||/||u|| = 1e-05
[16:44:13]   ||p|| = 0.03995, ||p||_8 = 0.3585, ||p-p_n|| = 0.0, ||p-p_n||/||p|| = 2e-05
[16:44:20] Timestep 1950 of 100000000000:
[16:44:20]   Non-linearity u-P solved in 1 steps.
[16:44:20]   ||u|| = 0.2493, ||u||_8 = 1.0, ||u-u_n|| = 0.0, ||u-u_n||/||u|| = 1e-05
[16:44:20]   ||p|| = 0.03996, ||p||_8 = 0.3585, ||p-p_n|| = 0.0, ||p-p_n||/||p|| = 2e-05
[16:44:27] Timestep 1960 of 100000000000:
[16:44:27]   Non-linearity u-P solved in 1 steps.
[16:44:27]   ||u|| = 0.24932, ||u||_8 = 1.0, ||u-u_n|| = 0.0, ||u-u_n||/||u|| = 1e-05
[16:44:27]   ||p|| = 0.03997, ||p||_8 = 0.3585, ||p-p_n|| = 0.0, ||p-p_n||/||p|| = 2e-05
[16:44:33] Timestep 1970 of 100000000000:
[16:44:33]   Non-linearity u-P solved in 1 steps.
[16:44:33]   ||u|| = 0.24934, ||u||_8 = 1.0, ||u-u_n|| = 0.0, ||u-u_n||/||u|| = 1e-05
[16:44:33]   ||p|| = 0.03998, ||p||_8 = 0.3585, ||p-p_n|| = 0.0, ||p-p_n||/||p|| = 2e-05
[16:44:40] Timestep 1980 of 100000000000:
[16:44:40]   Non-linearity u-P solved in 1 steps.
[16:44:40]   ||u|| = 0.24937, ||u||_8 = 1.0, ||u-u_n|| = 0.0, ||u-u_n||/||u|| = 1e-05
[16:44:40]   ||p|| = 0.03999, ||p||_8 = 0.3585, ||p-p_n|| = 0.0, ||p-p_n||/||p|| = 2e-05
[16:44:47] Timestep 1990 of 100000000000:
[16:44:47]   Non-linearity u-P solved in 1 steps.
[16:44:47]   ||u|| = 0.24939, ||u||_8 = 1.0, ||u-u_n|| = 0.0, ||u-u_n||/||u|| = 1e-05
[16:44:47]   ||p|| = 0.03999, ||p||_8 = 0.3585, ||p-p_n|| = 0.0, ||p-p_n||/||p|| = 2e-05
[16:44:53] Timestep 2000 of 100000000000:
[16:44:53]   Non-linearity u-P solved in 1 steps.
[16:44:53]   ||u|| = 0.24941, ||u||_8 = 1.0, ||u-u_n|| = 0.0, ||u-u_n||/||u|| = 1e-05
[16:44:53]   ||p|| = 0.04, ||p||_8 = 0.3585, ||p-p_n|| = 0.0, ||p-p_n||/||p|| = 2e-05
[16:45:00] Timestep 2010 of 100000000000:
[16:45:00]   Non-linearity u-P solved in 1 steps.
[16:45:00]   ||u|| = 0.24943, ||u||_8 = 1.0, ||u-u_n|| = 0.0, ||u-u_n||/||u|| = 1e-05
[16:45:00]   ||p|| = 0.04001, ||p||_8 = 0.3585, ||p-p_n|| = 0.0, ||p-p_n||/||p|| = 2e-05
[16:45:07] Timestep 2020 of 100000000000:
[16:45:07]   Non-linearity u-P solved in 1 steps.
[16:45:07]   ||u|| = 0.24945, ||u||_8 = 1.0, ||u-u_n|| = 0.0, ||u-u_n||/||u|| = 1e-05
[16:45:07]   ||p|| = 0.04002, ||p||_8 = 0.3585, ||p-p_n|| = 0.0, ||p-p_n||/||p|| = 2e-05
[16:45:14] Timestep 2030 of 100000000000:
[16:45:14]   Non-linearity u-P solved in 1 steps.
[16:45:14]   ||u|| = 0.24947, ||u||_8 = 1.0, ||u-u_n|| = 0.0, ||u-u_n||/||u|| = 1e-05
[16:45:14]   ||p|| = 0.04003, ||p||_8 = 0.3585, ||p-p_n|| = 0.0, ||p-p_n||/||p|| = 2e-05
[16:45:20] Timestep 2040 of 100000000000:
[16:45:20]   Non-linearity u-P solved in 1 steps.
[16:45:20]   ||u|| = 0.24949, ||u||_8 = 1.0, ||u-u_n|| = 0.0, ||u-u_n||/||u|| = 1e-05
[16:45:20]   ||p|| = 0.04004, ||p||_8 = 0.3585, ||p-p_n|| = 0.0, ||p-p_n||/||p|| = 2e-05
[16:45:27] Timestep 2050 of 100000000000:
[16:45:27]   Non-linearity u-P solved in 1 steps.
[16:45:27]   ||u|| = 0.24951, ||u||_8 = 1.0, ||u-u_n|| = 0.0, ||u-u_n||/||u|| = 1e-05
[16:45:27]   ||p|| = 0.04004, ||p||_8 = 0.3585, ||p-p_n|| = 0.0, ||p-p_n||/||p|| = 2e-05
[16:45:34] Timestep 2060 of 100000000000:
[16:45:34]   Non-linearity u-P solved in 1 steps.
[16:45:34]   ||u|| = 0.24953, ||u||_8 = 1.0, ||u-u_n|| = 0.0, ||u-u_n||/||u|| = 1e-05
[16:45:34]   ||p|| = 0.04005, ||p||_8 = 0.3585, ||p-p_n|| = 0.0, ||p-p_n||/||p|| = 2e-05
[16:45:40] Timestep 2070 of 100000000000:
[16:45:40]   Non-linearity u-P solved in 1 steps.
[16:45:40]   ||u|| = 0.24955, ||u||_8 = 1.0, ||u-u_n|| = 0.0, ||u-u_n||/||u|| = 1e-05
[16:45:40]   ||p|| = 0.04006, ||p||_8 = 0.3585, ||p-p_n|| = 0.0, ||p-p_n||/||p|| = 2e-05
[16:45:47] Timestep 2080 of 100000000000:
[16:45:47]   Non-linearity u-P solved in 1 steps.
[16:45:47]   ||u|| = 0.24956, ||u||_8 = 1.0, ||u-u_n|| = 0.0, ||u-u_n||/||u|| = 1e-05
[16:45:47]   ||p|| = 0.04007, ||p||_8 = 0.3585, ||p-p_n|| = 0.0, ||p-p_n||/||p|| = 2e-05
[16:45:54] Timestep 2090 of 100000000000:
[16:45:54]   Non-linearity u-P solved in 1 steps.
[16:45:54]   ||u|| = 0.24958, ||u||_8 = 1.0, ||u-u_n|| = 0.0, ||u-u_n||/||u|| = 1e-05
[16:45:54]   ||p|| = 0.04007, ||p||_8 = 0.3585, ||p-p_n|| = 0.0, ||p-p_n||/||p|| = 2e-05
[16:46:00] Timestep 2100 of 100000000000:
[16:46:00]   Non-linearity u-P solved in 1 steps.
[16:46:00]   ||u|| = 0.2496, ||u||_8 = 1.0, ||u-u_n|| = 0.0, ||u-u_n||/||u|| = 1e-05
[16:46:00]   ||p|| = 0.04008, ||p||_8 = 0.3585, ||p-p_n|| = 0.0, ||p-p_n||/||p|| = 2e-05
[16:46:07] Timestep 2110 of 100000000000:
[16:46:07]   Non-linearity u-P solved in 1 steps.
[16:46:07]   ||u|| = 0.24962, ||u||_8 = 1.0, ||u-u_n|| = 0.0, ||u-u_n||/||u|| = 1e-05
[16:46:07]   ||p|| = 0.04009, ||p||_8 = 0.3585, ||p-p_n|| = 0.0, ||p-p_n||/||p|| = 2e-05
[16:46:14] Timestep 2120 of 100000000000:
[16:46:14]   Non-linearity u-P solved in 1 steps.
[16:46:14]   ||u|| = 0.24964, ||u||_8 = 1.0, ||u-u_n|| = 0.0, ||u-u_n||/||u|| = 1e-05
[16:46:14]   ||p|| = 0.0401, ||p||_8 = 0.3585, ||p-p_n|| = 0.0, ||p-p_n||/||p|| = 2e-05
[16:46:20] Timestep 2130 of 100000000000:
[16:46:20]   Non-linearity u-P solved in 1 steps.
[16:46:20]   ||u|| = 0.24965, ||u||_8 = 1.0, ||u-u_n|| = 0.0, ||u-u_n||/||u|| = 1e-05
[16:46:20]   ||p|| = 0.0401, ||p||_8 = 0.3585, ||p-p_n|| = 0.0, ||p-p_n||/||p|| = 2e-05
[16:46:27] Timestep 2140 of 100000000000:
[16:46:27]   Non-linearity u-P solved in 1 steps.
[16:46:27]   ||u|| = 0.24967, ||u||_8 = 1.0, ||u-u_n|| = 0.0, ||u-u_n||/||u|| = 1e-05
[16:46:27]   ||p|| = 0.04011, ||p||_8 = 0.3585, ||p-p_n|| = 0.0, ||p-p_n||/||p|| = 2e-05
[16:46:34] Timestep 2150 of 100000000000:
[16:46:34]   Non-linearity u-P solved in 1 steps.
[16:46:34]   ||u|| = 0.24969, ||u||_8 = 1.0, ||u-u_n|| = 0.0, ||u-u_n||/||u|| = 1e-05
[16:46:34]   ||p|| = 0.04012, ||p||_8 = 0.3585, ||p-p_n|| = 0.0, ||p-p_n||/||p|| = 2e-05
[16:46:40] Timestep 2160 of 100000000000:
[16:46:40]   Non-linearity u-P solved in 1 steps.
[16:46:40]   ||u|| = 0.2497, ||u||_8 = 1.0, ||u-u_n|| = 0.0, ||u-u_n||/||u|| = 1e-05
[16:46:40]   ||p|| = 0.04012, ||p||_8 = 0.3585, ||p-p_n|| = 0.0, ||p-p_n||/||p|| = 2e-05
[16:46:47] Timestep 2170 of 100000000000:
[16:46:47]   Non-linearity u-P solved in 1 steps.
[16:46:47]   ||u|| = 0.24972, ||u||_8 = 1.0, ||u-u_n|| = 0.0, ||u-u_n||/||u|| = 1e-05
[16:46:47]   ||p|| = 0.04013, ||p||_8 = 0.3585, ||p-p_n|| = 0.0, ||p-p_n||/||p|| = 2e-05
[16:46:54] Timestep 2180 of 100000000000:
[16:46:54]   Non-linearity u-P solved in 1 steps.
[16:46:54]   ||u|| = 0.24973, ||u||_8 = 1.0, ||u-u_n|| = 0.0, ||u-u_n||/||u|| = 1e-05
[16:46:54]   ||p|| = 0.04014, ||p||_8 = 0.3585, ||p-p_n|| = 0.0, ||p-p_n||/||p|| = 2e-05
[16:47:00] Timestep 2190 of 100000000000:
[16:47:00]   Non-linearity u-P solved in 1 steps.
[16:47:00]   ||u|| = 0.24975, ||u||_8 = 1.0, ||u-u_n|| = 0.0, ||u-u_n||/||u|| = 1e-05
[16:47:00]   ||p|| = 0.04014, ||p||_8 = 0.3585, ||p-p_n|| = 0.0, ||p-p_n||/||p|| = 2e-05
[16:47:07] Timestep 2200 of 100000000000:
[16:47:07]   Non-linearity u-P solved in 1 steps.
[16:47:07]   ||u|| = 0.24977, ||u||_8 = 1.0, ||u-u_n|| = 0.0, ||u-u_n||/||u|| = 1e-05
[16:47:07]   ||p|| = 0.04015, ||p||_8 = 0.3585, ||p-p_n|| = 0.0, ||p-p_n||/||p|| = 2e-05
[16:47:14] Timestep 2210 of 100000000000:
[16:47:14]   Non-linearity u-P solved in 1 steps.
[16:47:14]   ||u|| = 0.24978, ||u||_8 = 1.0, ||u-u_n|| = 0.0, ||u-u_n||/||u|| = 1e-05
[16:47:14]   ||p|| = 0.04015, ||p||_8 = 0.3585, ||p-p_n|| = 0.0, ||p-p_n||/||p|| = 2e-05
[16:47:20] Timestep 2220 of 100000000000:
[16:47:20]   Non-linearity u-P solved in 1 steps.
[16:47:20]   ||u|| = 0.2498, ||u||_8 = 1.0, ||u-u_n|| = 0.0, ||u-u_n||/||u|| = 1e-05
[16:47:20]   ||p|| = 0.04016, ||p||_8 = 0.3585, ||p-p_n|| = 0.0, ||p-p_n||/||p|| = 2e-05
[16:47:27] Timestep 2230 of 100000000000:
[16:47:27]   Non-linearity u-P solved in 1 steps.
[16:47:27]   ||u|| = 0.24981, ||u||_8 = 1.0, ||u-u_n|| = 0.0, ||u-u_n||/||u|| = 1e-05
[16:47:27]   ||p|| = 0.04017, ||p||_8 = 0.3585, ||p-p_n|| = 0.0, ||p-p_n||/||p|| = 2e-05
[16:47:34] Timestep 2240 of 100000000000:
[16:47:34]   Non-linearity u-P solved in 1 steps.
[16:47:34]   ||u|| = 0.24982, ||u||_8 = 1.0, ||u-u_n|| = 0.0, ||u-u_n||/||u|| = 1e-05
[16:47:34]   ||p|| = 0.04017, ||p||_8 = 0.3585, ||p-p_n|| = 0.0, ||p-p_n||/||p|| = 2e-05
[16:47:41] Timestep 2250 of 100000000000:
[16:47:41]   Non-linearity u-P solved in 1 steps.
[16:47:41]   ||u|| = 0.24984, ||u||_8 = 1.0, ||u-u_n|| = 0.0, ||u-u_n||/||u|| = 1e-05
[16:47:41]   ||p|| = 0.04018, ||p||_8 = 0.3585, ||p-p_n|| = 0.0, ||p-p_n||/||p|| = 2e-05
[16:47:47] Timestep 2260 of 100000000000:
[16:47:47]   Non-linearity u-P solved in 1 steps.
[16:47:47]   ||u|| = 0.24985, ||u||_8 = 1.0, ||u-u_n|| = 0.0, ||u-u_n||/||u|| = 1e-05
[16:47:47]   ||p|| = 0.04018, ||p||_8 = 0.3585, ||p-p_n|| = 0.0, ||p-p_n||/||p|| = 2e-05
[16:47:54] Timestep 2270 of 100000000000:
[16:47:54]   Non-linearity u-P solved in 1 steps.
[16:47:54]   ||u|| = 0.24987, ||u||_8 = 1.0, ||u-u_n|| = 0.0, ||u-u_n||/||u|| = 1e-05
[16:47:54]   ||p|| = 0.04019, ||p||_8 = 0.3585, ||p-p_n|| = 0.0, ||p-p_n||/||p|| = 1e-05
[16:48:01] Timestep 2280 of 100000000000:
[16:48:01]   Non-linearity u-P solved in 1 steps.
[16:48:01]   ||u|| = 0.24988, ||u||_8 = 1.0, ||u-u_n|| = 0.0, ||u-u_n||/||u|| = 1e-05
[16:48:01]   ||p|| = 0.04019, ||p||_8 = 0.3585, ||p-p_n|| = 0.0, ||p-p_n||/||p|| = 1e-05
[16:48:07] Timestep 2290 of 100000000000:
[16:48:07]   Non-linearity u-P solved in 1 steps.
[16:48:07]   ||u|| = 0.24989, ||u||_8 = 1.0, ||u-u_n|| = 0.0, ||u-u_n||/||u|| = 1e-05
[16:48:07]   ||p|| = 0.0402, ||p||_8 = 0.3585, ||p-p_n|| = 0.0, ||p-p_n||/||p|| = 1e-05
[16:48:14] Timestep 2300 of 100000000000:
[16:48:14]   Non-linearity u-P solved in 1 steps.
[16:48:14]   ||u|| = 0.24991, ||u||_8 = 1.0, ||u-u_n|| = 0.0, ||u-u_n||/||u|| = 1e-05
[16:48:14]   ||p|| = 0.04021, ||p||_8 = 0.3585, ||p-p_n|| = 0.0, ||p-p_n||/||p|| = 1e-05
[16:48:21] Timestep 2310 of 100000000000:
[16:48:21]   Non-linearity u-P solved in 1 steps.
[16:48:21]   ||u|| = 0.24992, ||u||_8 = 1.0, ||u-u_n|| = 0.0, ||u-u_n||/||u|| = 1e-05
[16:48:21]   ||p|| = 0.04021, ||p||_8 = 0.3585, ||p-p_n|| = 0.0, ||p-p_n||/||p|| = 1e-05
[16:48:28] Timestep 2320 of 100000000000:
[16:48:28]   Non-linearity u-P solved in 1 steps.
[16:48:28]   ||u|| = 0.24993, ||u||_8 = 1.0, ||u-u_n|| = 0.0, ||u-u_n||/||u|| = 1e-05
[16:48:28]   ||p|| = 0.04022, ||p||_8 = 0.3585, ||p-p_n|| = 0.0, ||p-p_n||/||p|| = 1e-05
[16:48:34] Timestep 2330 of 100000000000:
[16:48:34]   Non-linearity u-P solved in 1 steps.
[16:48:34]   ||u|| = 0.24995, ||u||_8 = 1.0, ||u-u_n|| = 0.0, ||u-u_n||/||u|| = 1e-05
[16:48:34]   ||p|| = 0.04022, ||p||_8 = 0.3585, ||p-p_n|| = 0.0, ||p-p_n||/||p|| = 1e-05
[16:48:41] Timestep 2340 of 100000000000:
[16:48:41]   Non-linearity u-P solved in 1 steps.
[16:48:41]   ||u|| = 0.24996, ||u||_8 = 1.0, ||u-u_n|| = 0.0, ||u-u_n||/||u|| = 1e-05
[16:48:41]   ||p|| = 0.04023, ||p||_8 = 0.3585, ||p-p_n|| = 0.0, ||p-p_n||/||p|| = 1e-05
[16:48:48] Timestep 2350 of 100000000000:
[16:48:48]   Non-linearity u-P solved in 1 steps.
[16:48:48]   ||u|| = 0.24997, ||u||_8 = 1.0, ||u-u_n|| = 0.0, ||u-u_n||/||u|| = 1e-05
[16:48:48]   ||p|| = 0.04023, ||p||_8 = 0.3585, ||p-p_n|| = 0.0, ||p-p_n||/||p|| = 1e-05
[16:48:54] Timestep 2360 of 100000000000:
[16:48:54]   Non-linearity u-P solved in 1 steps.
[16:48:54]   ||u|| = 0.24998, ||u||_8 = 1.0, ||u-u_n|| = 0.0, ||u-u_n||/||u|| = 1e-05
[16:48:54]   ||p|| = 0.04024, ||p||_8 = 0.3585, ||p-p_n|| = 0.0, ||p-p_n||/||p|| = 1e-05
[16:49:01] Timestep 2370 of 100000000000:
[16:49:01]   Non-linearity u-P solved in 1 steps.
[16:49:01]   ||u|| = 0.24999, ||u||_8 = 1.0, ||u-u_n|| = 0.0, ||u-u_n||/||u|| = 1e-05
[16:49:01]   ||p|| = 0.04024, ||p||_8 = 0.3585, ||p-p_n|| = 0.0, ||p-p_n||/||p|| = 1e-05
[16:49:08] Timestep 2380 of 100000000000:
[16:49:08]   Non-linearity u-P solved in 1 steps.
[16:49:08]   ||u|| = 0.25001, ||u||_8 = 1.0, ||u-u_n|| = 0.0, ||u-u_n||/||u|| = 1e-05
[16:49:08]   ||p|| = 0.04025, ||p||_8 = 0.3585, ||p-p_n|| = 0.0, ||p-p_n||/||p|| = 1e-05
[16:49:14] Timestep 2390 of 100000000000:
[16:49:14]   Non-linearity u-P solved in 1 steps.
[16:49:14]   ||u|| = 0.25002, ||u||_8 = 1.0, ||u-u_n|| = 0.0, ||u-u_n||/||u|| = 1e-05
[16:49:14]   ||p|| = 0.04025, ||p||_8 = 0.3585, ||p-p_n|| = 0.0, ||p-p_n||/||p|| = 1e-05
[16:49:21] Timestep 2400 of 100000000000:
[16:49:21]   Non-linearity u-P solved in 1 steps.
[16:49:21]   ||u|| = 0.25003, ||u||_8 = 1.0, ||u-u_n|| = 0.0, ||u-u_n||/||u|| = 1e-05
[16:49:21]   ||p|| = 0.04025, ||p||_8 = 0.3585, ||p-p_n|| = 0.0, ||p-p_n||/||p|| = 1e-05
[16:49:28] Timestep 2410 of 100000000000:
[16:49:28]   Non-linearity u-P solved in 1 steps.
[16:49:28]   ||u|| = 0.25004, ||u||_8 = 1.0, ||u-u_n|| = 0.0, ||u-u_n||/||u|| = 1e-05
[16:49:28]   ||p|| = 0.04026, ||p||_8 = 0.3585, ||p-p_n|| = 0.0, ||p-p_n||/||p|| = 1e-05
[16:49:35] Timestep 2420 of 100000000000:
[16:49:35]   Non-linearity u-P solved in 1 steps.
[16:49:35]   ||u|| = 0.25005, ||u||_8 = 1.0, ||u-u_n|| = 0.0, ||u-u_n||/||u|| = 1e-05
[16:49:35]   ||p|| = 0.04026, ||p||_8 = 0.3585, ||p-p_n|| = 0.0, ||p-p_n||/||p|| = 1e-05
[16:49:41] Timestep 2430 of 100000000000:
[16:49:41]   Non-linearity u-P solved in 1 steps.
[16:49:41]   ||u|| = 0.25006, ||u||_8 = 1.0, ||u-u_n|| = 0.0, ||u-u_n||/||u|| = 1e-05
[16:49:41]   ||p|| = 0.04027, ||p||_8 = 0.3585, ||p-p_n|| = 0.0, ||p-p_n||/||p|| = 1e-05
[16:49:48] Timestep 2440 of 100000000000:
[16:49:48]   Non-linearity u-P solved in 1 steps.
[16:49:48]   ||u|| = 0.25007, ||u||_8 = 1.0, ||u-u_n|| = 0.0, ||u-u_n||/||u|| = 1e-05
[16:49:48]   ||p|| = 0.04027, ||p||_8 = 0.3585, ||p-p_n|| = 0.0, ||p-p_n||/||p|| = 1e-05
[16:49:55] Timestep 2450 of 100000000000:
[16:49:55]   Non-linearity u-P solved in 1 steps.
[16:49:55]   ||u|| = 0.25008, ||u||_8 = 1.0, ||u-u_n|| = 0.0, ||u-u_n||/||u|| = 1e-05
[16:49:55]   ||p|| = 0.04028, ||p||_8 = 0.3585, ||p-p_n|| = 0.0, ||p-p_n||/||p|| = 1e-05
[16:50:01] Timestep 2460 of 100000000000:
[16:50:01]   Non-linearity u-P solved in 1 steps.
[16:50:01]   ||u|| = 0.25009, ||u||_8 = 1.0, ||u-u_n|| = 0.0, ||u-u_n||/||u|| = 1e-05
[16:50:01]   ||p|| = 0.04028, ||p||_8 = 0.3585, ||p-p_n|| = 0.0, ||p-p_n||/||p|| = 1e-05
[16:50:08] Timestep 2470 of 100000000000:
[16:50:08]   Non-linearity u-P solved in 1 steps.
[16:50:08]   ||u|| = 0.2501, ||u||_8 = 1.0, ||u-u_n|| = 0.0, ||u-u_n||/||u|| = 1e-05
[16:50:08]   ||p|| = 0.04028, ||p||_8 = 0.3585, ||p-p_n|| = 0.0, ||p-p_n||/||p|| = 1e-05
[16:50:15] Timestep 2480 of 100000000000:
[16:50:15]   Non-linearity u-P solved in 1 steps.
[16:50:15]   ||u|| = 0.25011, ||u||_8 = 1.0, ||u-u_n|| = 0.0, ||u-u_n||/||u|| = 1e-05
[16:50:15]   ||p|| = 0.04029, ||p||_8 = 0.3585, ||p-p_n|| = 0.0, ||p-p_n||/||p|| = 1e-05
[16:50:21] Timestep 2490 of 100000000000:
[16:50:21]   Non-linearity u-P solved in 1 steps.
[16:50:21]   ||u|| = 0.25012, ||u||_8 = 1.0, ||u-u_n|| = 0.0, ||u-u_n||/||u|| = 1e-05
[16:50:21]   ||p|| = 0.04029, ||p||_8 = 0.3585, ||p-p_n|| = 0.0, ||p-p_n||/||p|| = 1e-05
[16:50:28] Timestep 2500 of 100000000000:
[16:50:28]   Non-linearity u-P solved in 1 steps.
[16:50:28]   ||u|| = 0.25013, ||u||_8 = 1.0, ||u-u_n|| = 0.0, ||u-u_n||/||u|| = 1e-05
[16:50:28]   ||p|| = 0.0403, ||p||_8 = 0.3585, ||p-p_n|| = 0.0, ||p-p_n||/||p|| = 1e-05
[16:50:35] Timestep 2510 of 100000000000:
[16:50:35]   Non-linearity u-P solved in 1 steps.
[16:50:35]   ||u|| = 0.25014, ||u||_8 = 1.0, ||u-u_n|| = 0.0, ||u-u_n||/||u|| = 1e-05
[16:50:35]   ||p|| = 0.0403, ||p||_8 = 0.3585, ||p-p_n|| = 0.0, ||p-p_n||/||p|| = 1e-05
[16:50:42] Timestep 2520 of 100000000000:
[16:50:42]   Non-linearity u-P solved in 1 steps.
[16:50:42]   ||u|| = 0.25015, ||u||_8 = 1.0, ||u-u_n|| = 0.0, ||u-u_n||/||u|| = 1e-05
[16:50:42]   ||p|| = 0.0403, ||p||_8 = 0.3585, ||p-p_n|| = 0.0, ||p-p_n||/||p|| = 1e-05
[16:50:47] Stopping simulation: all variables reached desired precision.
[16:50:47] Simulation stopped at 2021-05-04 16:50:47.616186, after 2529 steps (2440 seconds).
[16:50:47] Plotting Velocity...
[16:50:49] Plotting Velocity X-component...
[16:50:50] Plotting Velocity Y-component...
[16:50:51] Plotting Pressure...
[16:50:53] Plotting Temperature...
[16:50:54] Plotting Salinity...
[16:50:55] Plotting Mesh...
