[15:31:40] BCs were only given for V, Q spaces.
[15:31:40] BCs - Boundary right, space V[0] (marker 1), value 0
[15:31:40] BCs - Boundary right, space V[1] (marker 1), value 0
[15:31:40] BCs - Boundary bottom, space V[0] (marker 2), value 0
[15:31:40] BCs - Boundary bottom, space V[1] (marker 2), value 0
[15:31:40] BCs - Boundary left, space V[0] (marker 3), value 0
[15:31:40] BCs - Boundary left, space V[1] (marker 3), value 0
[15:31:40] BCs - Boundary top, space V[0] (marker 4), value 1
[15:31:40] BCs - Boundary top, space V[1] (marker 4), value 0
[15:31:40] BCs - Point (0, 0), space Q, value 0
[15:31:40] ## Running lid driven benchmark with parameters 
{'final_time': 10000000000, 'steps_n': 10, 'simulation_precision': -5, 'degree_V': 2, 'degree_P': 1, 'degree_T': 1, 'degree_S': 1, 'convert_from_ms_to_kmh': False, 'g': 0, 'nu': [0.0025], 'alpha': [1], 'rho_0': 1, 'beta': 0, 'gamma': 0, 'T_0': 1, 'S_0': 35, 'domain': 'square', 'domain_size_x': 2, 'domain_size_y': 1, 'shelf_size_x': 0.7, 'shelf_size_y': 0.1, 'mesh_resolution': 25, 'mesh_resolution_x': 20, 'mesh_resolution_y': 10, 'mesh_resolution_sea_y': 1, 'very_verbose': False, 'store_solutions': True, 'label': '', 'max_iter': 5000, 'non_linear_max_iter': 30, 'stabilization': False, 'delta0': 1, 'tau0': 35, 'BCs': {'V': {'right': [0, 0], 'bottom': [0, 0], 'left': [0, 0], 'top': [1, 0]}, 'Q': {'(0,0)': 0}}, 'config_file': 'feffi/config/lid-driven-cavity.yml', 'plot_path': '/home/stot2794/git/fenics-phd/plots/LDC_2.5e-3'} ##
[15:31:40] Initialized simulation.
[15:31:40] Running parameters:
{'final_time': 10000000000, 'steps_n': 10, 'simulation_precision': -5, 'degree_V': 2, 'degree_P': 1, 'degree_T': 1, 'degree_S': 1, 'convert_from_ms_to_kmh': False, 'g': 0, 'nu': [0.0025], 'alpha': [1], 'rho_0': 1, 'beta': 0, 'gamma': 0, 'T_0': 1, 'S_0': 35, 'domain': 'square', 'domain_size_x': 2, 'domain_size_y': 1, 'shelf_size_x': 0.7, 'shelf_size_y': 0.1, 'mesh_resolution': 25, 'mesh_resolution_x': 20, 'mesh_resolution_y': 10, 'mesh_resolution_sea_y': 1, 'very_verbose': False, 'store_solutions': True, 'label': '', 'max_iter': 5000, 'non_linear_max_iter': 30, 'stabilization': False, 'delta0': 1, 'tau0': 35, 'BCs': {'V': {'right': [0, 0], 'bottom': [0, 0], 'left': [0, 0], 'top': [1, 0]}, 'Q': {'(0,0)': 0}}, 'config_file': 'feffi/config/lid-driven-cavity.yml', 'plot_path': '/home/stot2794/git/fenics-phd/plots/LDC_2.5e-3'}
[15:31:40] Running full simulation; started at 2021-05-04 15:31:40.132215
[15:31:42] Timestep 0 of 100000000000:
[15:31:42]   Non-linearity u-P solved in 5 steps.
[15:31:42]   ||u|| = 0.08962, ||u||_8 = 1.0, ||u-u_n|| = 0.08962, ||u-u_n||/||u|| = 1.0
[15:31:42]   ||p|| = 0.03973, ||p||_8 = 0.44907, ||p-p_n|| = 0.03973, ||p-p_n||/||p|| = 1.0
[15:31:59] Timestep 10 of 100000000000:
[15:31:59]   Non-linearity u-P solved in 4 steps.
[15:31:59]   ||u|| = 0.16323, ||u||_8 = 1.0, ||u-u_n|| = 0.00635, ||u-u_n||/||u|| = 0.03888
[15:31:59]   ||p|| = 0.02353, ||p||_8 = 0.75395, ||p-p_n|| = 0.00157, ||p-p_n||/||p|| = 0.06669
[15:32:16] Timestep 20 of 100000000000:
[15:32:16]   Non-linearity u-P solved in 4 steps.
[15:32:16]   ||u|| = 0.18391, ||u||_8 = 1.0, ||u-u_n|| = 0.00442, ||u-u_n||/||u|| = 0.02402
[15:32:16]   ||p|| = 0.02844, ||p||_8 = 0.79389, ||p-p_n|| = 0.00093, ||p-p_n||/||p|| = 0.03266
[15:32:33] Timestep 30 of 100000000000:
[15:32:33]   Non-linearity u-P solved in 4 steps.
[15:32:33]   ||u|| = 0.19657, ||u||_8 = 1.0, ||u-u_n|| = 0.00355, ||u-u_n||/||u|| = 0.01808
[15:32:33]   ||p|| = 0.03184, ||p||_8 = 0.80725, ||p-p_n|| = 0.00069, ||p-p_n||/||p|| = 0.02179
[15:32:50] Timestep 40 of 100000000000:
[15:32:50]   Non-linearity u-P solved in 4 steps.
[15:32:50]   ||u|| = 0.20649, ||u||_8 = 1.0, ||u-u_n|| = 0.00295, ||u-u_n||/||u|| = 0.01428
[15:32:50]   ||p|| = 0.03421, ||p||_8 = 0.81362, ||p-p_n|| = 0.00057, ||p-p_n||/||p|| = 0.01661
[15:33:06] Timestep 50 of 100000000000:
[15:33:06]   Non-linearity u-P solved in 3 steps.
[15:33:06]   ||u|| = 0.21504, ||u||_8 = 1.0, ||u-u_n|| = 0.00246, ||u-u_n||/||u|| = 0.01143
[15:33:06]   ||p|| = 0.03623, ||p||_8 = 0.81767, ||p-p_n|| = 0.00048, ||p-p_n||/||p|| = 0.01313
[15:33:19] Timestep 60 of 100000000000:
[15:33:19]   Non-linearity u-P solved in 3 steps.
[15:33:19]   ||u|| = 0.22259, ||u||_8 = 1.0, ||u-u_n|| = 0.00204, ||u-u_n||/||u|| = 0.00919
[15:33:19]   ||p|| = 0.0381, ||p||_8 = 0.82071, ||p-p_n|| = 0.0004, ||p-p_n||/||p|| = 0.0105
[15:33:33] Timestep 70 of 100000000000:
[15:33:33]   Non-linearity u-P solved in 3 steps.
[15:33:33]   ||u|| = 0.22926, ||u||_8 = 1.0, ||u-u_n|| = 0.00169, ||u-u_n||/||u|| = 0.00739
[15:33:33]   ||p|| = 0.03984, ||p||_8 = 0.82326, ||p-p_n|| = 0.00034, ||p-p_n||/||p|| = 0.00842
[15:33:46] Timestep 80 of 100000000000:
[15:33:46]   Non-linearity u-P solved in 3 steps.
[15:33:46]   ||u|| = 0.2351, ||u||_8 = 1.0, ||u-u_n|| = 0.0014, ||u-u_n||/||u|| = 0.00595
[15:33:46]   ||p|| = 0.04143, ||p||_8 = 0.82551, ||p-p_n|| = 0.00028, ||p-p_n||/||p|| = 0.00677
[15:34:00] Timestep 90 of 100000000000:
[15:34:00]   Non-linearity u-P solved in 3 steps.
[15:34:00]   ||u|| = 0.24015, ||u||_8 = 1.0, ||u-u_n|| = 0.00115, ||u-u_n||/||u|| = 0.0048
[15:34:00]   ||p|| = 0.04286, ||p||_8 = 0.82748, ||p-p_n|| = 0.00024, ||p-p_n||/||p|| = 0.0055
[15:34:13] Timestep 100 of 100000000000:
[15:34:13]   Non-linearity u-P solved in 3 steps.
[15:34:13]   ||u|| = 0.24446, ||u||_8 = 1.0, ||u-u_n|| = 0.00095, ||u-u_n||/||u|| = 0.00389
[15:34:13]   ||p|| = 0.04414, ||p||_8 = 0.82916, ||p-p_n|| = 0.0002, ||p-p_n||/||p|| = 0.00453
[15:34:26] Timestep 110 of 100000000000:
[15:34:26]   Non-linearity u-P solved in 3 steps.
[15:34:26]   ||u|| = 0.2481, ||u||_8 = 1.0, ||u-u_n|| = 0.00079, ||u-u_n||/||u|| = 0.00317
[15:34:26]   ||p|| = 0.04527, ||p||_8 = 0.83051, ||p-p_n|| = 0.00017, ||p-p_n||/||p|| = 0.00377
[15:34:40] Timestep 120 of 100000000000:
[15:34:40]   Non-linearity u-P solved in 3 steps.
[15:34:40]   ||u|| = 0.25112, ||u||_8 = 1.0, ||u-u_n|| = 0.00065, ||u-u_n||/||u|| = 0.00259
[15:34:40]   ||p|| = 0.04626, ||p||_8 = 0.83156, ||p-p_n|| = 0.00015, ||p-p_n||/||p|| = 0.00315
[15:34:53] Timestep 130 of 100000000000:
[15:34:53]   Non-linearity u-P solved in 3 steps.
[15:34:53]   ||u|| = 0.25363, ||u||_8 = 1.0, ||u-u_n|| = 0.00054, ||u-u_n||/||u|| = 0.00213
[15:34:53]   ||p|| = 0.0471, ||p||_8 = 0.83235, ||p-p_n|| = 0.00012, ||p-p_n||/||p|| = 0.00261
[15:35:07] Timestep 140 of 100000000000:
[15:35:07]   Non-linearity u-P solved in 3 steps.
[15:35:07]   ||u|| = 0.25569, ||u||_8 = 1.0, ||u-u_n|| = 0.00045, ||u-u_n||/||u|| = 0.00174
[15:35:07]   ||p|| = 0.04781, ||p||_8 = 0.83295, ||p-p_n|| = 0.0001, ||p-p_n||/||p|| = 0.00216
[15:35:20] Timestep 150 of 100000000000:
[15:35:20]   Non-linearity u-P solved in 3 steps.
[15:35:20]   ||u|| = 0.25738, ||u||_8 = 1.0, ||u-u_n|| = 0.00036, ||u-u_n||/||u|| = 0.00142
[15:35:20]   ||p|| = 0.04841, ||p||_8 = 0.83341, ||p-p_n|| = 9e-05, ||p-p_n||/||p|| = 0.00177
[15:35:33] Timestep 160 of 100000000000:
[15:35:33]   Non-linearity u-P solved in 3 steps.
[15:35:33]   ||u|| = 0.25876, ||u||_8 = 1.0, ||u-u_n|| = 0.0003, ||u-u_n||/||u|| = 0.00115
[15:35:33]   ||p|| = 0.0489, ||p||_8 = 0.83377, ||p-p_n|| = 7e-05, ||p-p_n||/||p|| = 0.00144
[15:35:47] Timestep 170 of 100000000000:
[15:35:47]   Non-linearity u-P solved in 3 steps.
[15:35:47]   ||u|| = 0.25988, ||u||_8 = 1.0, ||u-u_n|| = 0.00024, ||u-u_n||/||u|| = 0.00093
[15:35:47]   ||p|| = 0.04931, ||p||_8 = 0.83405, ||p-p_n|| = 6e-05, ||p-p_n||/||p|| = 0.00117
[15:35:58] Timestep 180 of 100000000000:
[15:35:58]   Non-linearity u-P solved in 2 steps.
[15:35:58]   ||u|| = 0.26079, ||u||_8 = 1.0, ||u-u_n|| = 0.00019, ||u-u_n||/||u|| = 0.00074
[15:35:58]   ||p|| = 0.04965, ||p||_8 = 0.83427, ||p-p_n|| = 5e-05, ||p-p_n||/||p|| = 0.00094
[15:36:08] Timestep 190 of 100000000000:
[15:36:08]   Non-linearity u-P solved in 2 steps.
[15:36:08]   ||u|| = 0.26153, ||u||_8 = 1.0, ||u-u_n|| = 0.00016, ||u-u_n||/||u|| = 0.00059
[15:36:08]   ||p|| = 0.04992, ||p||_8 = 0.83445, ||p-p_n|| = 4e-05, ||p-p_n||/||p|| = 0.00076
[15:36:18] Timestep 200 of 100000000000:
[15:36:18]   Non-linearity u-P solved in 2 steps.
[15:36:18]   ||u|| = 0.26212, ||u||_8 = 1.0, ||u-u_n|| = 0.00012, ||u-u_n||/||u|| = 0.00048
[15:36:18]   ||p|| = 0.05015, ||p||_8 = 0.83459, ||p-p_n|| = 3e-05, ||p-p_n||/||p|| = 0.00061
[15:36:28] Timestep 210 of 100000000000:
[15:36:28]   Non-linearity u-P solved in 2 steps.
[15:36:28]   ||u|| = 0.26259, ||u||_8 = 1.0, ||u-u_n|| = 0.0001, ||u-u_n||/||u|| = 0.00038
[15:36:28]   ||p|| = 0.05033, ||p||_8 = 0.8347, ||p-p_n|| = 2e-05, ||p-p_n||/||p|| = 0.00049
[15:36:38] Timestep 220 of 100000000000:
[15:36:38]   Non-linearity u-P solved in 2 steps.
[15:36:38]   ||u|| = 0.26297, ||u||_8 = 1.0, ||u-u_n|| = 8e-05, ||u-u_n||/||u|| = 0.0003
[15:36:38]   ||p|| = 0.05047, ||p||_8 = 0.83479, ||p-p_n|| = 2e-05, ||p-p_n||/||p|| = 0.00039
[15:36:48] Timestep 230 of 100000000000:
[15:36:48]   Non-linearity u-P solved in 2 steps.
[15:36:48]   ||u|| = 0.26328, ||u||_8 = 1.0, ||u-u_n|| = 6e-05, ||u-u_n||/||u|| = 0.00024
[15:36:48]   ||p|| = 0.05059, ||p||_8 = 0.83486, ||p-p_n|| = 2e-05, ||p-p_n||/||p|| = 0.00031
[15:36:58] Timestep 240 of 100000000000:
[15:36:58]   Non-linearity u-P solved in 2 steps.
[15:36:58]   ||u|| = 0.26352, ||u||_8 = 1.0, ||u-u_n|| = 5e-05, ||u-u_n||/||u|| = 0.00019
[15:36:58]   ||p|| = 0.05069, ||p||_8 = 0.83492, ||p-p_n|| = 1e-05, ||p-p_n||/||p|| = 0.00025
[15:37:08] Timestep 250 of 100000000000:
[15:37:08]   Non-linearity u-P solved in 2 steps.
[15:37:08]   ||u|| = 0.26372, ||u||_8 = 1.0, ||u-u_n|| = 4e-05, ||u-u_n||/||u|| = 0.00015
[15:37:08]   ||p|| = 0.05076, ||p||_8 = 0.83497, ||p-p_n|| = 1e-05, ||p-p_n||/||p|| = 0.0002
[15:37:18] Timestep 260 of 100000000000:
[15:37:18]   Non-linearity u-P solved in 2 steps.
[15:37:18]   ||u|| = 0.26387, ||u||_8 = 1.0, ||u-u_n|| = 3e-05, ||u-u_n||/||u|| = 0.00012
[15:37:18]   ||p|| = 0.05082, ||p||_8 = 0.835, ||p-p_n|| = 1e-05, ||p-p_n||/||p|| = 0.00016
[15:37:28] Timestep 270 of 100000000000:
[15:37:28]   Non-linearity u-P solved in 2 steps.
[15:37:28]   ||u|| = 0.264, ||u||_8 = 1.0, ||u-u_n|| = 3e-05, ||u-u_n||/||u|| = 0.0001
[15:37:28]   ||p|| = 0.05087, ||p||_8 = 0.83503, ||p-p_n|| = 1e-05, ||p-p_n||/||p|| = 0.00013
[15:37:38] Timestep 280 of 100000000000:
[15:37:38]   Non-linearity u-P solved in 2 steps.
[15:37:38]   ||u|| = 0.26409, ||u||_8 = 1.0, ||u-u_n|| = 2e-05, ||u-u_n||/||u|| = 8e-05
[15:37:38]   ||p|| = 0.05091, ||p||_8 = 0.83506, ||p-p_n|| = 1e-05, ||p-p_n||/||p|| = 0.0001
[15:37:48] Timestep 290 of 100000000000:
[15:37:48]   Non-linearity u-P solved in 2 steps.
[15:37:48]   ||u|| = 0.26417, ||u||_8 = 1.0, ||u-u_n|| = 2e-05, ||u-u_n||/||u|| = 6e-05
[15:37:48]   ||p|| = 0.05094, ||p||_8 = 0.83507, ||p-p_n|| = 0.0, ||p-p_n||/||p|| = 8e-05
[15:37:58] Timestep 300 of 100000000000:
[15:37:58]   Non-linearity u-P solved in 2 steps.
[15:37:58]   ||u|| = 0.26424, ||u||_8 = 1.0, ||u-u_n|| = 1e-05, ||u-u_n||/||u|| = 5e-05
[15:37:58]   ||p|| = 0.05096, ||p||_8 = 0.83509, ||p-p_n|| = 0.0, ||p-p_n||/||p|| = 6e-05
[15:38:07] Timestep 310 of 100000000000:
[15:38:07]   Non-linearity u-P solved in 1 steps.
[15:38:07]   ||u|| = 0.26429, ||u||_8 = 1.0, ||u-u_n|| = 1e-05, ||u-u_n||/||u|| = 4e-05
[15:38:07]   ||p|| = 0.05098, ||p||_8 = 0.8351, ||p-p_n|| = 0.0, ||p-p_n||/||p|| = 3e-05
[15:38:14] Timestep 320 of 100000000000:
[15:38:14]   Non-linearity u-P solved in 1 steps.
[15:38:14]   ||u|| = 0.26433, ||u||_8 = 1.0, ||u-u_n|| = 1e-05, ||u-u_n||/||u|| = 3e-05
[15:38:14]   ||p|| = 0.051, ||p||_8 = 0.83511, ||p-p_n|| = 0.0, ||p-p_n||/||p|| = 4e-05
[15:38:20] Timestep 330 of 100000000000:
[15:38:20]   Non-linearity u-P solved in 1 steps.
[15:38:20]   ||u|| = 0.26436, ||u||_8 = 1.0, ||u-u_n|| = 1e-05, ||u-u_n||/||u|| = 2e-05
[15:38:20]   ||p|| = 0.05101, ||p||_8 = 0.83512, ||p-p_n|| = 0.0, ||p-p_n||/||p|| = 3e-05
[15:38:27] Timestep 340 of 100000000000:
[15:38:27]   Non-linearity u-P solved in 1 steps.
[15:38:27]   ||u|| = 0.26438, ||u||_8 = 1.0, ||u-u_n|| = 0.0, ||u-u_n||/||u|| = 2e-05
[15:38:27]   ||p|| = 0.05102, ||p||_8 = 0.83512, ||p-p_n|| = 0.0, ||p-p_n||/||p|| = 3e-05
[15:38:33] Timestep 350 of 100000000000:
[15:38:33]   Non-linearity u-P solved in 1 steps.
[15:38:33]   ||u|| = 0.2644, ||u||_8 = 1.0, ||u-u_n|| = 0.0, ||u-u_n||/||u|| = 1e-05
[15:38:33]   ||p|| = 0.05103, ||p||_8 = 0.83513, ||p-p_n|| = 0.0, ||p-p_n||/||p|| = 2e-05
[15:38:40] Timestep 360 of 100000000000:
[15:38:40]   Non-linearity u-P solved in 1 steps.
[15:38:40]   ||u|| = 0.26442, ||u||_8 = 1.0, ||u-u_n|| = 0.0, ||u-u_n||/||u|| = 1e-05
[15:38:40]   ||p|| = 0.05103, ||p||_8 = 0.83513, ||p-p_n|| = 0.0, ||p-p_n||/||p|| = 2e-05
[15:38:46] Timestep 370 of 100000000000:
[15:38:46]   Non-linearity u-P solved in 1 steps.
[15:38:46]   ||u|| = 0.26443, ||u||_8 = 1.0, ||u-u_n|| = 0.0, ||u-u_n||/||u|| = 1e-05
[15:38:46]   ||p|| = 0.05104, ||p||_8 = 0.83514, ||p-p_n|| = 0.0, ||p-p_n||/||p|| = 1e-05
[15:38:53] Timestep 380 of 100000000000:
[15:38:53]   Non-linearity u-P solved in 1 steps.
[15:38:53]   ||u|| = 0.26444, ||u||_8 = 1.0, ||u-u_n|| = 0.0, ||u-u_n||/||u|| = 1e-05
[15:38:53]   ||p|| = 0.05104, ||p||_8 = 0.83514, ||p-p_n|| = 0.0, ||p-p_n||/||p|| = 1e-05
[15:38:54] Stopping simulation: all variables reached desired precision.
[15:38:54] Simulation stopped at 2021-05-04 15:38:54.498964, after 383 steps (434 seconds).
[15:38:54] Plotting Velocity...
[15:38:55] Plotting Velocity X-component...
[15:38:57] Plotting Velocity Y-component...
[15:38:58] Plotting Pressure...
[15:39:00] Plotting Temperature...
[15:39:01] Plotting Salinity...
[15:39:02] Plotting Mesh...
