[15:39:04] BCs were only given for V, Q spaces.
[15:39:04] BCs - Boundary right, space V[0] (marker 1), value 0
[15:39:04] BCs - Boundary right, space V[1] (marker 1), value 0
[15:39:04] BCs - Boundary bottom, space V[0] (marker 2), value 0
[15:39:04] BCs - Boundary bottom, space V[1] (marker 2), value 0
[15:39:04] BCs - Boundary left, space V[0] (marker 3), value 0
[15:39:04] BCs - Boundary left, space V[1] (marker 3), value 0
[15:39:04] BCs - Boundary top, space V[0] (marker 4), value 1
[15:39:04] BCs - Boundary top, space V[1] (marker 4), value 0
[15:39:04] BCs - Point (0, 0), space Q, value 0
[15:39:04] ## Running lid driven benchmark with parameters 
{'final_time': 10000000000, 'steps_n': 10, 'simulation_precision': -5, 'degree_V': 2, 'degree_P': 1, 'degree_T': 1, 'degree_S': 1, 'convert_from_ms_to_kmh': False, 'g': 0, 'nu': [0.001], 'alpha': [1], 'rho_0': 1, 'beta': 0, 'gamma': 0, 'T_0': 1, 'S_0': 35, 'domain': 'square', 'domain_size_x': 2, 'domain_size_y': 1, 'shelf_size_x': 0.7, 'shelf_size_y': 0.1, 'mesh_resolution': 25, 'mesh_resolution_x': 20, 'mesh_resolution_y': 10, 'mesh_resolution_sea_y': 1, 'very_verbose': False, 'store_solutions': True, 'label': '', 'max_iter': 5000, 'non_linear_max_iter': 30, 'stabilization': False, 'delta0': 1, 'tau0': 35, 'BCs': {'V': {'right': [0, 0], 'bottom': [0, 0], 'left': [0, 0], 'top': [1, 0]}, 'Q': {'(0,0)': 0}}, 'config_file': 'feffi/config/lid-driven-cavity.yml', 'plot_path': '/home/stot2794/git/fenics-phd/plots/LDC_1e-3'} ##
[15:39:04] Initialized simulation.
[15:39:04] Running parameters:
{'final_time': 10000000000, 'steps_n': 10, 'simulation_precision': -5, 'degree_V': 2, 'degree_P': 1, 'degree_T': 1, 'degree_S': 1, 'convert_from_ms_to_kmh': False, 'g': 0, 'nu': [0.001], 'alpha': [1], 'rho_0': 1, 'beta': 0, 'gamma': 0, 'T_0': 1, 'S_0': 35, 'domain': 'square', 'domain_size_x': 2, 'domain_size_y': 1, 'shelf_size_x': 0.7, 'shelf_size_y': 0.1, 'mesh_resolution': 25, 'mesh_resolution_x': 20, 'mesh_resolution_y': 10, 'mesh_resolution_sea_y': 1, 'very_verbose': False, 'store_solutions': True, 'label': '', 'max_iter': 5000, 'non_linear_max_iter': 30, 'stabilization': False, 'delta0': 1, 'tau0': 35, 'BCs': {'V': {'right': [0, 0], 'bottom': [0, 0], 'left': [0, 0], 'top': [1, 0]}, 'Q': {'(0,0)': 0}}, 'config_file': 'feffi/config/lid-driven-cavity.yml', 'plot_path': '/home/stot2794/git/fenics-phd/plots/LDC_1e-3'}
[15:39:04] Running full simulation; started at 2021-05-04 15:39:04.340377
[15:39:06] Timestep 0 of 100000000000:
[15:39:06]   Non-linearity u-P solved in 6 steps.
[15:39:06]   ||u|| = 0.078, ||u||_8 = 1.0, ||u-u_n|| = 0.078, ||u-u_n||/||u|| = 1.0
[15:39:06]   ||p|| = 0.01627, ||p||_8 = 0.15345, ||p-p_n|| = 0.01627, ||p-p_n||/||p|| = 1.0
[15:39:27] Timestep 10 of 100000000000:
[15:39:27]   Non-linearity u-P solved in 5 steps.
[15:39:27]   ||u|| = 0.13324, ||u||_8 = 1.0, ||u-u_n|| = 0.00575, ||u-u_n||/||u|| = 0.04316
[15:39:27]   ||p|| = 0.01258, ||p||_8 = 0.51133, ||p-p_n|| = 0.00126, ||p-p_n||/||p|| = 0.10001
[15:39:46] Timestep 20 of 100000000000:
[15:39:46]   Non-linearity u-P solved in 4 steps.
[15:39:46]   ||u|| = 0.15075, ||u||_8 = 1.0, ||u-u_n|| = 0.00477, ||u-u_n||/||u|| = 0.03163
[15:39:46]   ||p|| = 0.01709, ||p||_8 = 0.5596, ||p-p_n|| = 0.00087, ||p-p_n||/||p|| = 0.05078
[15:40:03] Timestep 30 of 100000000000:
[15:40:03]   Non-linearity u-P solved in 4 steps.
[15:40:03]   ||u|| = 0.16188, ||u||_8 = 1.0, ||u-u_n|| = 0.00424, ||u-u_n||/||u|| = 0.02619
[15:40:03]   ||p|| = 0.01982, ||p||_8 = 0.56904, ||p-p_n|| = 0.0007, ||p-p_n||/||p|| = 0.03514
[15:40:20] Timestep 40 of 100000000000:
[15:40:20]   Non-linearity u-P solved in 4 steps.
[15:40:20]   ||u|| = 0.17096, ||u||_8 = 1.0, ||u-u_n|| = 0.00369, ||u-u_n||/||u|| = 0.02157
[15:40:20]   ||p|| = 0.02165, ||p||_8 = 0.5728, ||p-p_n|| = 0.00057, ||p-p_n||/||p|| = 0.02644
[15:40:37] Timestep 50 of 100000000000:
[15:40:37]   Non-linearity u-P solved in 4 steps.
[15:40:37]   ||u|| = 0.17901, ||u||_8 = 1.0, ||u-u_n|| = 0.00319, ||u-u_n||/||u|| = 0.01781
[15:40:37]   ||p|| = 0.02323, ||p||_8 = 0.57548, ||p-p_n|| = 0.00048, ||p-p_n||/||p|| = 0.02054
[15:40:54] Timestep 60 of 100000000000:
[15:40:54]   Non-linearity u-P solved in 4 steps.
[15:40:54]   ||u|| = 0.18636, ||u||_8 = 1.0, ||u-u_n|| = 0.00277, ||u-u_n||/||u|| = 0.01486
[15:40:54]   ||p|| = 0.02471, ||p||_8 = 0.57774, ||p-p_n|| = 0.00041, ||p-p_n||/||p|| = 0.0164
[15:41:08] Timestep 70 of 100000000000:
[15:41:08]   Non-linearity u-P solved in 3 steps.
[15:41:08]   ||u|| = 0.19316, ||u||_8 = 1.0, ||u-u_n|| = 0.00242, ||u-u_n||/||u|| = 0.01252
[15:41:08]   ||p|| = 0.02614, ||p||_8 = 0.57976, ||p-p_n|| = 0.00035, ||p-p_n||/||p|| = 0.0134
[15:41:22] Timestep 80 of 100000000000:
[15:41:22]   Non-linearity u-P solved in 3 steps.
[15:41:22]   ||u|| = 0.19949, ||u||_8 = 1.0, ||u-u_n|| = 0.00212, ||u-u_n||/||u|| = 0.01064
[15:41:22]   ||p|| = 0.02752, ||p||_8 = 0.5816, ||p-p_n|| = 0.00031, ||p-p_n||/||p|| = 0.01117
[15:41:35] Timestep 90 of 100000000000:
[15:41:35]   Non-linearity u-P solved in 3 steps.
[15:41:35]   ||u|| = 0.20539, ||u||_8 = 1.0, ||u-u_n|| = 0.00187, ||u-u_n||/||u|| = 0.00911
[15:41:35]   ||p|| = 0.02887, ||p||_8 = 0.58331, ||p-p_n|| = 0.00027, ||p-p_n||/||p|| = 0.00946
[15:41:49] Timestep 100 of 100000000000:
[15:41:49]   Non-linearity u-P solved in 3 steps.
[15:41:49]   ||u|| = 0.21091, ||u||_8 = 1.0, ||u-u_n|| = 0.00165, ||u-u_n||/||u|| = 0.00784
[15:41:49]   ||p|| = 0.03018, ||p||_8 = 0.58491, ||p-p_n|| = 0.00025, ||p-p_n||/||p|| = 0.00812
[15:42:02] Timestep 110 of 100000000000:
[15:42:02]   Non-linearity u-P solved in 3 steps.
[15:42:02]   ||u|| = 0.21605, ||u||_8 = 1.0, ||u-u_n|| = 0.00147, ||u-u_n||/||u|| = 0.00678
[15:42:02]   ||p|| = 0.03146, ||p||_8 = 0.58644, ||p-p_n|| = 0.00022, ||p-p_n||/||p|| = 0.00704
[15:42:16] Timestep 120 of 100000000000:
[15:42:16]   Non-linearity u-P solved in 3 steps.
[15:42:16]   ||u|| = 0.22084, ||u||_8 = 1.0, ||u-u_n|| = 0.0013, ||u-u_n||/||u|| = 0.00589
[15:42:16]   ||p|| = 0.0327, ||p||_8 = 0.5879, ||p-p_n|| = 0.0002, ||p-p_n||/||p|| = 0.00617
[15:42:29] Timestep 130 of 100000000000:
[15:42:29]   Non-linearity u-P solved in 3 steps.
[15:42:29]   ||u|| = 0.22529, ||u||_8 = 1.0, ||u-u_n|| = 0.00116, ||u-u_n||/||u|| = 0.00513
[15:42:29]   ||p|| = 0.0339, ||p||_8 = 0.58929, ||p-p_n|| = 0.00018, ||p-p_n||/||p|| = 0.00546
[15:42:42] Timestep 140 of 100000000000:
[15:42:42]   Non-linearity u-P solved in 3 steps.
[15:42:42]   ||u|| = 0.22938, ||u||_8 = 1.0, ||u-u_n|| = 0.00103, ||u-u_n||/||u|| = 0.00448
[15:42:42]   ||p|| = 0.03506, ||p||_8 = 0.59059, ||p-p_n|| = 0.00017, ||p-p_n||/||p|| = 0.00486
[15:42:56] Timestep 150 of 100000000000:
[15:42:56]   Non-linearity u-P solved in 3 steps.
[15:42:56]   ||u|| = 0.23313, ||u||_8 = 1.0, ||u-u_n|| = 0.00091, ||u-u_n||/||u|| = 0.00392
[15:42:56]   ||p|| = 0.03616, ||p||_8 = 0.59176, ||p-p_n|| = 0.00016, ||p-p_n||/||p|| = 0.00435
[15:43:09] Timestep 160 of 100000000000:
[15:43:09]   Non-linearity u-P solved in 3 steps.
[15:43:09]   ||u|| = 0.23653, ||u||_8 = 1.0, ||u-u_n|| = 0.00081, ||u-u_n||/||u|| = 0.00343
[15:43:09]   ||p|| = 0.0372, ||p||_8 = 0.59279, ||p-p_n|| = 0.00015, ||p-p_n||/||p|| = 0.0039
[15:43:23] Timestep 170 of 100000000000:
[15:43:23]   Non-linearity u-P solved in 3 steps.
[15:43:23]   ||u|| = 0.2396, ||u||_8 = 1.0, ||u-u_n|| = 0.00072, ||u-u_n||/||u|| = 0.00301
[15:43:23]   ||p|| = 0.03818, ||p||_8 = 0.59368, ||p-p_n|| = 0.00013, ||p-p_n||/||p|| = 0.00348
[15:43:36] Timestep 180 of 100000000000:
[15:43:36]   Non-linearity u-P solved in 3 steps.
[15:43:36]   ||u|| = 0.24234, ||u||_8 = 1.0, ||u-u_n|| = 0.00064, ||u-u_n||/||u|| = 0.00262
[15:43:36]   ||p|| = 0.03908, ||p||_8 = 0.59444, ||p-p_n|| = 0.00012, ||p-p_n||/||p|| = 0.00309
[15:43:50] Timestep 190 of 100000000000:
[15:43:50]   Non-linearity u-P solved in 3 steps.
[15:43:50]   ||u|| = 0.24479, ||u||_8 = 1.0, ||u-u_n|| = 0.00056, ||u-u_n||/||u|| = 0.00228
[15:43:50]   ||p|| = 0.03991, ||p||_8 = 0.59508, ||p-p_n|| = 0.00011, ||p-p_n||/||p|| = 0.00272
[15:44:03] Timestep 200 of 100000000000:
[15:44:03]   Non-linearity u-P solved in 3 steps.
[15:44:03]   ||u|| = 0.24696, ||u||_8 = 1.0, ||u-u_n|| = 0.00049, ||u-u_n||/||u|| = 0.00196
[15:44:03]   ||p|| = 0.04066, ||p||_8 = 0.59565, ||p-p_n|| = 0.0001, ||p-p_n||/||p|| = 0.00238
[15:44:17] Timestep 210 of 100000000000:
[15:44:17]   Non-linearity u-P solved in 3 steps.
[15:44:17]   ||u|| = 0.24887, ||u||_8 = 1.0, ||u-u_n|| = 0.00042, ||u-u_n||/||u|| = 0.00168
[15:44:17]   ||p|| = 0.04133, ||p||_8 = 0.59614, ||p-p_n|| = 9e-05, ||p-p_n||/||p|| = 0.00207
[15:44:30] Timestep 220 of 100000000000:
[15:44:30]   Non-linearity u-P solved in 3 steps.
[15:44:30]   ||u|| = 0.25055, ||u||_8 = 1.0, ||u-u_n|| = 0.00036, ||u-u_n||/||u|| = 0.00143
[15:44:30]   ||p|| = 0.04194, ||p||_8 = 0.59658, ||p-p_n|| = 8e-05, ||p-p_n||/||p|| = 0.00179
[15:44:44] Timestep 230 of 100000000000:
[15:44:44]   Non-linearity u-P solved in 3 steps.
[15:44:44]   ||u|| = 0.25202, ||u||_8 = 1.0, ||u-u_n|| = 0.00031, ||u-u_n||/||u|| = 0.00121
[15:44:44]   ||p|| = 0.04248, ||p||_8 = 0.59697, ||p-p_n|| = 7e-05, ||p-p_n||/||p|| = 0.00155
[15:44:55] Timestep 240 of 100000000000:
[15:44:55]   Non-linearity u-P solved in 2 steps.
[15:44:55]   ||u|| = 0.2533, ||u||_8 = 1.0, ||u-u_n|| = 0.00026, ||u-u_n||/||u|| = 0.00102
[15:44:55]   ||p|| = 0.04296, ||p||_8 = 0.59732, ||p-p_n|| = 6e-05, ||p-p_n||/||p|| = 0.00133
[15:45:05] Timestep 250 of 100000000000:
[15:45:05]   Non-linearity u-P solved in 2 steps.
[15:45:05]   ||u|| = 0.2544, ||u||_8 = 1.0, ||u-u_n|| = 0.00022, ||u-u_n||/||u|| = 0.00086
[15:45:05]   ||p|| = 0.04338, ||p||_8 = 0.59761, ||p-p_n|| = 5e-05, ||p-p_n||/||p|| = 0.00114
[15:45:15] Timestep 260 of 100000000000:
[15:45:15]   Non-linearity u-P solved in 2 steps.
[15:45:15]   ||u|| = 0.25536, ||u||_8 = 1.0, ||u-u_n|| = 0.00018, ||u-u_n||/||u|| = 0.00072
[15:45:15]   ||p|| = 0.04374, ||p||_8 = 0.59788, ||p-p_n|| = 4e-05, ||p-p_n||/||p|| = 0.00097
[15:45:25] Timestep 270 of 100000000000:
[15:45:25]   Non-linearity u-P solved in 2 steps.
[15:45:25]   ||u|| = 0.25618, ||u||_8 = 1.0, ||u-u_n|| = 0.00015, ||u-u_n||/||u|| = 0.0006
[15:45:25]   ||p|| = 0.04406, ||p||_8 = 0.59811, ||p-p_n|| = 4e-05, ||p-p_n||/||p|| = 0.00083
[15:45:35] Timestep 280 of 100000000000:
[15:45:35]   Non-linearity u-P solved in 2 steps.
[15:45:35]   ||u|| = 0.2569, ||u||_8 = 1.0, ||u-u_n|| = 0.00013, ||u-u_n||/||u|| = 0.0005
[15:45:35]   ||p|| = 0.04434, ||p||_8 = 0.59831, ||p-p_n|| = 3e-05, ||p-p_n||/||p|| = 0.00071
[15:45:45] Timestep 290 of 100000000000:
[15:45:45]   Non-linearity u-P solved in 2 steps.
[15:45:45]   ||u|| = 0.25751, ||u||_8 = 1.0, ||u-u_n|| = 0.00011, ||u-u_n||/||u|| = 0.00042
[15:45:45]   ||p|| = 0.04458, ||p||_8 = 0.59849, ||p-p_n|| = 3e-05, ||p-p_n||/||p|| = 0.0006
[15:45:55] Timestep 300 of 100000000000:
[15:45:55]   Non-linearity u-P solved in 2 steps.
[15:45:55]   ||u|| = 0.25804, ||u||_8 = 1.0, ||u-u_n|| = 9e-05, ||u-u_n||/||u|| = 0.00035
[15:45:55]   ||p|| = 0.04478, ||p||_8 = 0.59864, ||p-p_n|| = 2e-05, ||p-p_n||/||p|| = 0.00051
[15:46:05] Timestep 310 of 100000000000:
[15:46:05]   Non-linearity u-P solved in 2 steps.
[15:46:05]   ||u|| = 0.25849, ||u||_8 = 1.0, ||u-u_n|| = 8e-05, ||u-u_n||/||u|| = 0.00029
[15:46:05]   ||p|| = 0.04496, ||p||_8 = 0.59878, ||p-p_n|| = 2e-05, ||p-p_n||/||p|| = 0.00044
[15:46:16] Timestep 320 of 100000000000:
[15:46:16]   Non-linearity u-P solved in 2 steps.
[15:46:16]   ||u|| = 0.25889, ||u||_8 = 1.0, ||u-u_n|| = 6e-05, ||u-u_n||/||u|| = 0.00025
[15:46:16]   ||p|| = 0.04512, ||p||_8 = 0.59889, ||p-p_n|| = 2e-05, ||p-p_n||/||p|| = 0.00037
[15:46:26] Timestep 330 of 100000000000:
[15:46:26]   Non-linearity u-P solved in 2 steps.
[15:46:26]   ||u|| = 0.25923, ||u||_8 = 1.0, ||u-u_n|| = 5e-05, ||u-u_n||/||u|| = 0.00021
[15:46:26]   ||p|| = 0.04525, ||p||_8 = 0.59899, ||p-p_n|| = 1e-05, ||p-p_n||/||p|| = 0.00032
[15:46:36] Timestep 340 of 100000000000:
[15:46:36]   Non-linearity u-P solved in 2 steps.
[15:46:36]   ||u|| = 0.25952, ||u||_8 = 1.0, ||u-u_n|| = 5e-05, ||u-u_n||/||u|| = 0.00017
[15:46:36]   ||p|| = 0.04537, ||p||_8 = 0.59908, ||p-p_n|| = 1e-05, ||p-p_n||/||p|| = 0.00028
[15:46:46] Timestep 350 of 100000000000:
[15:46:46]   Non-linearity u-P solved in 2 steps.
[15:46:46]   ||u|| = 0.25978, ||u||_8 = 1.0, ||u-u_n|| = 4e-05, ||u-u_n||/||u|| = 0.00015
[15:46:46]   ||p|| = 0.04547, ||p||_8 = 0.59915, ||p-p_n|| = 1e-05, ||p-p_n||/||p|| = 0.00024
[15:46:56] Timestep 360 of 100000000000:
[15:46:56]   Non-linearity u-P solved in 2 steps.
[15:46:56]   ||u|| = 0.26, ||u||_8 = 1.0, ||u-u_n|| = 3e-05, ||u-u_n||/||u|| = 0.00012
[15:46:56]   ||p|| = 0.04556, ||p||_8 = 0.59922, ||p-p_n|| = 1e-05, ||p-p_n||/||p|| = 0.00021
[15:47:06] Timestep 370 of 100000000000:
[15:47:06]   Non-linearity u-P solved in 2 steps.
[15:47:06]   ||u|| = 0.26019, ||u||_8 = 1.0, ||u-u_n|| = 3e-05, ||u-u_n||/||u|| = 0.00011
[15:47:06]   ||p|| = 0.04564, ||p||_8 = 0.59927, ||p-p_n|| = 1e-05, ||p-p_n||/||p|| = 0.00018
[15:47:16] Timestep 380 of 100000000000:
[15:47:16]   Non-linearity u-P solved in 2 steps.
[15:47:16]   ||u|| = 0.26036, ||u||_8 = 1.0, ||u-u_n|| = 2e-05, ||u-u_n||/||u|| = 9e-05
[15:47:16]   ||p|| = 0.04571, ||p||_8 = 0.59932, ||p-p_n|| = 1e-05, ||p-p_n||/||p|| = 0.00016
[15:47:26] Timestep 390 of 100000000000:
[15:47:26]   Non-linearity u-P solved in 2 steps.
[15:47:26]   ||u|| = 0.26051, ||u||_8 = 1.0, ||u-u_n|| = 2e-05, ||u-u_n||/||u|| = 8e-05
[15:47:26]   ||p|| = 0.04577, ||p||_8 = 0.59936, ||p-p_n|| = 1e-05, ||p-p_n||/||p|| = 0.00014
[15:47:36] Timestep 400 of 100000000000:
[15:47:36]   Non-linearity u-P solved in 2 steps.
[15:47:36]   ||u|| = 0.26064, ||u||_8 = 1.0, ||u-u_n|| = 2e-05, ||u-u_n||/||u|| = 7e-05
[15:47:36]   ||p|| = 0.04582, ||p||_8 = 0.5994, ||p-p_n|| = 1e-05, ||p-p_n||/||p|| = 0.00012
[15:47:46] Timestep 410 of 100000000000:
[15:47:46]   Non-linearity u-P solved in 2 steps.
[15:47:46]   ||u|| = 0.26076, ||u||_8 = 1.0, ||u-u_n|| = 1e-05, ||u-u_n||/||u|| = 6e-05
[15:47:46]   ||p|| = 0.04587, ||p||_8 = 0.59943, ||p-p_n|| = 0.0, ||p-p_n||/||p|| = 0.00011
[15:47:56] Timestep 420 of 100000000000:
[15:47:56]   Non-linearity u-P solved in 2 steps.
[15:47:56]   ||u|| = 0.26086, ||u||_8 = 1.0, ||u-u_n|| = 1e-05, ||u-u_n||/||u|| = 5e-05
[15:47:56]   ||p|| = 0.04591, ||p||_8 = 0.59946, ||p-p_n|| = 0.0, ||p-p_n||/||p|| = 9e-05
[15:48:06] Timestep 430 of 100000000000:
[15:48:06]   Non-linearity u-P solved in 2 steps.
[15:48:06]   ||u|| = 0.26095, ||u||_8 = 1.0, ||u-u_n|| = 1e-05, ||u-u_n||/||u|| = 4e-05
[15:48:06]   ||p|| = 0.04594, ||p||_8 = 0.59948, ||p-p_n|| = 0.0, ||p-p_n||/||p|| = 8e-05
[15:48:16] Timestep 440 of 100000000000:
[15:48:16]   Non-linearity u-P solved in 1 steps.
[15:48:16]   ||u|| = 0.26103, ||u||_8 = 1.0, ||u-u_n|| = 1e-05, ||u-u_n||/||u|| = 4e-05
[15:48:16]   ||p|| = 0.04597, ||p||_8 = 0.5995, ||p-p_n|| = 0.0, ||p-p_n||/||p|| = 4e-05
[15:48:22] Timestep 450 of 100000000000:
[15:48:22]   Non-linearity u-P solved in 1 steps.
[15:48:22]   ||u|| = 0.2611, ||u||_8 = 1.0, ||u-u_n|| = 1e-05, ||u-u_n||/||u|| = 3e-05
[15:48:22]   ||p|| = 0.046, ||p||_8 = 0.59952, ||p-p_n|| = 0.0, ||p-p_n||/||p|| = 7e-05
[15:48:29] Timestep 460 of 100000000000:
[15:48:29]   Non-linearity u-P solved in 1 steps.
[15:48:29]   ||u|| = 0.26117, ||u||_8 = 1.0, ||u-u_n|| = 1e-05, ||u-u_n||/||u|| = 3e-05
[15:48:29]   ||p|| = 0.04603, ||p||_8 = 0.59954, ||p-p_n|| = 0.0, ||p-p_n||/||p|| = 6e-05
[15:48:35] Timestep 470 of 100000000000:
[15:48:35]   Non-linearity u-P solved in 1 steps.
[15:48:35]   ||u|| = 0.26123, ||u||_8 = 1.0, ||u-u_n|| = 1e-05, ||u-u_n||/||u|| = 3e-05
[15:48:35]   ||p|| = 0.04606, ||p||_8 = 0.59956, ||p-p_n|| = 0.0, ||p-p_n||/||p|| = 5e-05
[15:48:42] Timestep 480 of 100000000000:
[15:48:42]   Non-linearity u-P solved in 1 steps.
[15:48:42]   ||u|| = 0.26128, ||u||_8 = 1.0, ||u-u_n|| = 1e-05, ||u-u_n||/||u|| = 2e-05
[15:48:42]   ||p|| = 0.04608, ||p||_8 = 0.59957, ||p-p_n|| = 0.0, ||p-p_n||/||p|| = 5e-05
[15:48:48] Timestep 490 of 100000000000:
[15:48:48]   Non-linearity u-P solved in 1 steps.
[15:48:48]   ||u|| = 0.26133, ||u||_8 = 1.0, ||u-u_n|| = 1e-05, ||u-u_n||/||u|| = 2e-05
[15:48:48]   ||p|| = 0.0461, ||p||_8 = 0.59958, ||p-p_n|| = 0.0, ||p-p_n||/||p|| = 4e-05
[15:48:55] Timestep 500 of 100000000000:
[15:48:55]   Non-linearity u-P solved in 1 steps.
[15:48:55]   ||u|| = 0.26137, ||u||_8 = 1.0, ||u-u_n|| = 1e-05, ||u-u_n||/||u|| = 2e-05
[15:48:55]   ||p|| = 0.04611, ||p||_8 = 0.59959, ||p-p_n|| = 0.0, ||p-p_n||/||p|| = 4e-05
[15:49:01] Timestep 510 of 100000000000:
[15:49:01]   Non-linearity u-P solved in 1 steps.
[15:49:01]   ||u|| = 0.26141, ||u||_8 = 1.0, ||u-u_n|| = 0.0, ||u-u_n||/||u|| = 2e-05
[15:49:01]   ||p|| = 0.04613, ||p||_8 = 0.5996, ||p-p_n|| = 0.0, ||p-p_n||/||p|| = 4e-05
[15:49:07] Timestep 520 of 100000000000:
[15:49:07]   Non-linearity u-P solved in 1 steps.
[15:49:07]   ||u|| = 0.26145, ||u||_8 = 1.0, ||u-u_n|| = 0.0, ||u-u_n||/||u|| = 2e-05
[15:49:07]   ||p|| = 0.04615, ||p||_8 = 0.59961, ||p-p_n|| = 0.0, ||p-p_n||/||p|| = 3e-05
[15:49:14] Timestep 530 of 100000000000:
[15:49:14]   Non-linearity u-P solved in 1 steps.
[15:49:14]   ||u|| = 0.26148, ||u||_8 = 1.0, ||u-u_n|| = 0.0, ||u-u_n||/||u|| = 1e-05
[15:49:14]   ||p|| = 0.04616, ||p||_8 = 0.59962, ||p-p_n|| = 0.0, ||p-p_n||/||p|| = 3e-05
[15:49:21] Timestep 540 of 100000000000:
[15:49:21]   Non-linearity u-P solved in 1 steps.
[15:49:21]   ||u|| = 0.26151, ||u||_8 = 1.0, ||u-u_n|| = 0.0, ||u-u_n||/||u|| = 1e-05
[15:49:21]   ||p|| = 0.04617, ||p||_8 = 0.59962, ||p-p_n|| = 0.0, ||p-p_n||/||p|| = 3e-05
[15:49:27] Timestep 550 of 100000000000:
[15:49:27]   Non-linearity u-P solved in 1 steps.
[15:49:27]   ||u|| = 0.26153, ||u||_8 = 1.0, ||u-u_n|| = 0.0, ||u-u_n||/||u|| = 1e-05
[15:49:27]   ||p|| = 0.04618, ||p||_8 = 0.59963, ||p-p_n|| = 0.0, ||p-p_n||/||p|| = 3e-05
[15:49:34] Timestep 560 of 100000000000:
[15:49:34]   Non-linearity u-P solved in 1 steps.
[15:49:34]   ||u|| = 0.26156, ||u||_8 = 1.0, ||u-u_n|| = 0.0, ||u-u_n||/||u|| = 1e-05
[15:49:34]   ||p|| = 0.04619, ||p||_8 = 0.59964, ||p-p_n|| = 0.0, ||p-p_n||/||p|| = 2e-05
[15:49:40] Timestep 570 of 100000000000:
[15:49:40]   Non-linearity u-P solved in 1 steps.
[15:49:40]   ||u|| = 0.26158, ||u||_8 = 1.0, ||u-u_n|| = 0.0, ||u-u_n||/||u|| = 1e-05
[15:49:40]   ||p|| = 0.0462, ||p||_8 = 0.59964, ||p-p_n|| = 0.0, ||p-p_n||/||p|| = 2e-05
[15:49:47] Timestep 580 of 100000000000:
[15:49:47]   Non-linearity u-P solved in 1 steps.
[15:49:47]   ||u|| = 0.2616, ||u||_8 = 1.0, ||u-u_n|| = 0.0, ||u-u_n||/||u|| = 1e-05
[15:49:47]   ||p|| = 0.04621, ||p||_8 = 0.59965, ||p-p_n|| = 0.0, ||p-p_n||/||p|| = 2e-05
[15:49:53] Timestep 590 of 100000000000:
[15:49:53]   Non-linearity u-P solved in 1 steps.
[15:49:53]   ||u|| = 0.26162, ||u||_8 = 1.0, ||u-u_n|| = 0.0, ||u-u_n||/||u|| = 1e-05
[15:49:53]   ||p|| = 0.04622, ||p||_8 = 0.59965, ||p-p_n|| = 0.0, ||p-p_n||/||p|| = 2e-05
[15:50:00] Timestep 600 of 100000000000:
[15:50:00]   Non-linearity u-P solved in 1 steps.
[15:50:00]   ||u|| = 0.26164, ||u||_8 = 1.0, ||u-u_n|| = 0.0, ||u-u_n||/||u|| = 1e-05
[15:50:00]   ||p|| = 0.04623, ||p||_8 = 0.59965, ||p-p_n|| = 0.0, ||p-p_n||/||p|| = 2e-05
[15:50:06] Timestep 610 of 100000000000:
[15:50:06]   Non-linearity u-P solved in 1 steps.
[15:50:06]   ||u|| = 0.26166, ||u||_8 = 1.0, ||u-u_n|| = 0.0, ||u-u_n||/||u|| = 1e-05
[15:50:06]   ||p|| = 0.04623, ||p||_8 = 0.59966, ||p-p_n|| = 0.0, ||p-p_n||/||p|| = 2e-05
[15:50:13] Timestep 620 of 100000000000:
[15:50:13]   Non-linearity u-P solved in 1 steps.
[15:50:13]   ||u|| = 0.26167, ||u||_8 = 1.0, ||u-u_n|| = 0.0, ||u-u_n||/||u|| = 1e-05
[15:50:13]   ||p|| = 0.04624, ||p||_8 = 0.59966, ||p-p_n|| = 0.0, ||p-p_n||/||p|| = 1e-05
[15:50:19] Timestep 630 of 100000000000:
[15:50:19]   Non-linearity u-P solved in 1 steps.
[15:50:19]   ||u|| = 0.26169, ||u||_8 = 1.0, ||u-u_n|| = 0.0, ||u-u_n||/||u|| = 1e-05
[15:50:19]   ||p|| = 0.04625, ||p||_8 = 0.59966, ||p-p_n|| = 0.0, ||p-p_n||/||p|| = 1e-05
[15:50:26] Timestep 640 of 100000000000:
[15:50:26]   Non-linearity u-P solved in 1 steps.
[15:50:26]   ||u|| = 0.2617, ||u||_8 = 1.0, ||u-u_n|| = 0.0, ||u-u_n||/||u|| = 1e-05
[15:50:26]   ||p|| = 0.04625, ||p||_8 = 0.59967, ||p-p_n|| = 0.0, ||p-p_n||/||p|| = 1e-05
[15:50:32] Timestep 650 of 100000000000:
[15:50:32]   Non-linearity u-P solved in 1 steps.
[15:50:32]   ||u|| = 0.26171, ||u||_8 = 1.0, ||u-u_n|| = 0.0, ||u-u_n||/||u|| = 1e-05
[15:50:32]   ||p|| = 0.04626, ||p||_8 = 0.59967, ||p-p_n|| = 0.0, ||p-p_n||/||p|| = 1e-05
[15:50:39] Timestep 660 of 100000000000:
[15:50:39]   Non-linearity u-P solved in 1 steps.
[15:50:39]   ||u|| = 0.26172, ||u||_8 = 1.0, ||u-u_n|| = 0.0, ||u-u_n||/||u|| = 1e-05
[15:50:39]   ||p|| = 0.04626, ||p||_8 = 0.59967, ||p-p_n|| = 0.0, ||p-p_n||/||p|| = 1e-05
[15:50:45] Timestep 670 of 100000000000:
[15:50:45]   Non-linearity u-P solved in 1 steps.
[15:50:45]   ||u|| = 0.26173, ||u||_8 = 1.0, ||u-u_n|| = 0.0, ||u-u_n||/||u|| = 1e-05
[15:50:45]   ||p|| = 0.04627, ||p||_8 = 0.59967, ||p-p_n|| = 0.0, ||p-p_n||/||p|| = 1e-05
[15:50:47] Stopping simulation: all variables reached desired precision.
[15:50:47] Simulation stopped at 2021-05-04 15:50:47.846255, after 674 steps (704 seconds).
[15:50:47] Plotting Velocity...
[15:50:49] Plotting Velocity X-component...
[15:50:50] Plotting Velocity Y-component...
[15:50:52] Plotting Pressure...
[15:50:53] Plotting Temperature...
[15:50:54] Plotting Salinity...
[15:50:55] Plotting Mesh...
